2024-01-28 15:20:17,180 mod_vroot/0.9.8[23127]: aliased '/srv/ftp/Leonard' to real path '/srv/dev-disk-by-uuid-83a031fc-30ee-4429-ad4f-868802f6b855/Users/Leonard/'
2024-01-28 15:20:17,215 mod_vroot/0.9.8[23127]: found 1 VRootAlias in directory '/srv/ftp/'
2024-01-28 15:20:17,215 mod_vroot/0.9.8[23127]: '/srv/ftp/' aliases: [0] Leonard
2024-01-28 15:20:37,459 mod_vroot/0.9.8[23206]: aliased '/srv/ftp/Leonard' to real path '/srv/dev-disk-by-uuid-83a031fc-30ee-4429-ad4f-868802f6b855/Users/Leonard/'
2024-01-28 15:20:37,531 mod_vroot/0.9.8[23206]: found 1 VRootAlias in directory '/srv/ftp/'
2024-01-28 15:20:37,531 mod_vroot/0.9.8[23206]: '/srv/ftp/' aliases: [0] Leonard
2024-01-28 15:24:25,642 mod_vroot/0.9.8[25334]: aliased '/srv/ftp/Leonard' to real path '/srv/dev-disk-by-uuid-83a031fc-30ee-4429-ad4f-868802f6b855/Users/Leonard/'
2024-01-28 15:24:25,676 mod_vroot/0.9.8[25334]: found 1 VRootAlias in directory '/srv/ftp/'
2024-01-28 15:24:25,676 mod_vroot/0.9.8[25334]: '/srv/ftp/' aliases: [0] Leonard
2024-01-28 15:24:45,873 mod_vroot/0.9.8[25409]: aliased '/srv/ftp/Leonard' to real path '/srv/dev-disk-by-uuid-83a031fc-30ee-4429-ad4f-868802f6b855/Users/Leonard/'
2024-01-28 15:24:45,909 mod_vroot/0.9.8[25409]: found 1 VRootAlias in directory '/srv/ftp/'
2024-01-28 15:24:45,909 mod_vroot/0.9.8[25409]: '/srv/ftp/' aliases: [0] Leonard
2024-02-01 19:33:51,484 mod_vroot/0.9.8[120097]: aliased '/srv/ftp/Leonard' to real path '/srv/dev-disk-by-uuid-83a031fc-30ee-4429-ad4f-868802f6b855/Users/Leonard/'
2024-02-01 19:33:52,074 mod_vroot/0.9.8[120097]: found 1 VRootAlias in directory '/srv/ftp/'
2024-02-01 19:33:52,074 mod_vroot/0.9.8[120097]: '/srv/ftp/' aliases: [0] Leonard
2024-02-01 19:34:12,434 mod_vroot/0.9.8[120133]: aliased '/srv/ftp/Leonard' to real path '/srv/dev-disk-by-uuid-83a031fc-30ee-4429-ad4f-868802f6b855/Users/Leonard/'
2024-02-01 19:34:12,748 mod_vroot/0.9.8[120133]: found 1 VRootAlias in directory '/srv/ftp/'
2024-02-01 19:34:12,748 mod_vroot/0.9.8[120133]: '/srv/ftp/' aliases: [0] Leonard
2024-02-01 19:36:04,969 mod_vroot/0.9.8[121795]: aliased '/srv/ftp/Leonard' to real path '/srv/dev-disk-by-uuid-83a031fc-30ee-4429-ad4f-868802f6b855/Users/Leonard/'
2024-02-01 19:36:05,497 mod_vroot/0.9.8[121795]: found 1 VRootAlias in directory '/srv/ftp/'
2024-02-01 19:36:05,497 mod_vroot/0.9.8[121795]: '/srv/ftp/' aliases: [0] Leonard
2024-02-01 19:37:04,441 mod_vroot/0.9.8[124823]: aliased '/srv/ftp/TEMP' to real path '/srv/dev-disk-by-uuid-83a031fc-30ee-4429-ad4f-868802f6b855/TEMP/'
2024-02-01 19:37:04,441 mod_vroot/0.9.8[124823]: aliased '/srv/ftp/Leonard' to real path '/srv/dev-disk-by-uuid-83a031fc-30ee-4429-ad4f-868802f6b855/Users/Leonard/'
2024-02-01 19:37:04,607 mod_vroot/0.9.8[124823]: found 2 VRootAliases in directory '/srv/ftp/'
2024-02-01 19:37:04,607 mod_vroot/0.9.8[124823]: '/srv/ftp/' aliases: [0] Leonard
2024-02-01 19:37:04,607 mod_vroot/0.9.8[124823]: '/srv/ftp/' aliases: [1] TEMP
2024-02-01 19:37:25,128 mod_vroot/0.9.8[124853]: aliased '/srv/ftp/TEMP' to real path '/srv/dev-disk-by-uuid-83a031fc-30ee-4429-ad4f-868802f6b855/TEMP/'
2024-02-01 19:37:25,128 mod_vroot/0.9.8[124853]: aliased '/srv/ftp/Leonard' to real path '/srv/dev-disk-by-uuid-83a031fc-30ee-4429-ad4f-868802f6b855/Users/Leonard/'
2024-02-01 19:37:25,171 mod_vroot/0.9.8[124853]: found 2 VRootAliases in directory '/srv/ftp/'
2024-02-01 19:37:25,171 mod_vroot/0.9.8[124853]: '/srv/ftp/' aliases: [0] Leonard
2024-02-01 19:37:25,171 mod_vroot/0.9.8[124853]: '/srv/ftp/' aliases: [1] TEMP
2024-02-25 10:01:11,837 mod_vroot/0.9.8[745723]: aliased '/srv/ftp/TEMP' to real path '/srv/dev-disk-by-uuid-83a031fc-30ee-4429-ad4f-868802f6b855/TEMP/'
2024-02-25 10:01:11,837 mod_vroot/0.9.8[745723]: aliased '/srv/ftp/Leonard' to real path '/srv/dev-disk-by-uuid-83a031fc-30ee-4429-ad4f-868802f6b855/Users/Leonard/'
2024-02-25 10:01:11,972 mod_vroot/0.9.8[745723]: found 2 VRootAliases in directory '/srv/ftp/'
2024-02-25 10:01:11,972 mod_vroot/0.9.8[745723]: '/srv/ftp/' aliases: [0] Leonard
2024-02-25 10:01:11,972 mod_vroot/0.9.8[745723]: '/srv/ftp/' aliases: [1] TEMP
2024-02-25 10:01:25,055 mod_vroot/0.9.8[745723]: found 0 VRootAliases in directory '/srv/dev-disk-by-uuid-83a031fc-30ee-4429-ad4f-868802f6b855/Users/Leonard/'
2024-02-25 10:04:29,907 mod_vroot/0.9.8[748170]: aliased '/srv/ftp/TEMP' to real path '/srv/dev-disk-by-uuid-83a031fc-30ee-4429-ad4f-868802f6b855/TEMP/'
2024-02-25 10:04:29,907 mod_vroot/0.9.8[748170]: aliased '/srv/ftp/Martin' to real path '/srv/dev-disk-by-uuid-83a031fc-30ee-4429-ad4f-868802f6b855/Users/Martin/'
2024-02-25 10:04:30,488 mod_vroot/0.9.8[748170]: found 2 VRootAliases in directory '/srv/ftp/'
2024-02-25 10:04:30,488 mod_vroot/0.9.8[748170]: '/srv/ftp/' aliases: [0] TEMP
2024-02-25 10:04:30,488 mod_vroot/0.9.8[748170]: '/srv/ftp/' aliases: [1] Martin
2024-02-25 10:04:37,681 mod_vroot/0.9.8[748170]: found 0 VRootAliases in directory '/srv/dev-disk-by-uuid-83a031fc-30ee-4429-ad4f-868802f6b855/Users/Martin/'
2024-02-25 10:05:11,408 mod_vroot/0.9.8[748577]: aliased '/srv/ftp/TEMP' to real path '/srv/dev-disk-by-uuid-83a031fc-30ee-4429-ad4f-868802f6b855/TEMP/'
2024-02-25 10:05:11,408 mod_vroot/0.9.8[748577]: aliased '/srv/ftp/Martin' to real path '/srv/dev-disk-by-uuid-83a031fc-30ee-4429-ad4f-868802f6b855/Users/Martin/'
2024-02-25 10:05:11,683 mod_vroot/0.9.8[748577]: found 2 VRootAliases in directory '/srv/ftp/'
2024-02-25 10:05:11,683 mod_vroot/0.9.8[748577]: '/srv/ftp/' aliases: [0] TEMP
2024-02-25 10:05:11,683 mod_vroot/0.9.8[748577]: '/srv/ftp/' aliases: [1] Martin
2024-02-25 10:05:30,343 mod_vroot/0.9.8[748577]: found 0 VRootAliases in directory '/srv/dev-disk-by-uuid-83a031fc-30ee-4429-ad4f-868802f6b855/Users/Martin/'
2024-02-25 10:06:52,895 mod_vroot/0.9.8[749948]: aliased '/srv/ftp/TEMP' to real path '/srv/dev-disk-by-uuid-83a031fc-30ee-4429-ad4f-868802f6b855/TEMP/'
2024-02-25 10:06:52,895 mod_vroot/0.9.8[749948]: aliased '/srv/ftp/Leonard' to real path '/srv/dev-disk-by-uuid-83a031fc-30ee-4429-ad4f-868802f6b855/Users/Leonard/'
