Sat Feb  3 08:55:58 2024 -> +++ Started at Sat Feb  3 08:55:58 2024
Sat Feb  3 08:55:58 2024 -> Received 0 file descriptor(s) from systemd.
Sat Feb  3 08:55:58 2024 -> clamd daemon 0.103.10 (OS: linux-gnu, ARCH: x86_64, CPU: x86_64)
Sat Feb  3 08:55:58 2024 -> Log file size limited to 4294967295 bytes.
Sat Feb  3 08:55:58 2024 -> Reading databases from /var/lib/clamav
Sat Feb  3 08:55:58 2024 -> Not loading PUA signatures.
Sat Feb  3 08:55:58 2024 -> Bytecode: Security mode set to "TrustSigned".
Sat Feb  3 08:55:58 2024 -> Disabling URL based phishing detection.
Sat Feb  3 08:56:10 2024 -> Loaded 8683520 signatures.
Sat Feb  3 08:56:12 2024 -> LOCAL: Unix socket file /run/clamav/clamd.ctl
Sat Feb  3 08:56:12 2024 -> LOCAL: Setting connection queue length to 15
Sat Feb  3 08:56:12 2024 -> Limits: Global time limit set to 120000 milliseconds.
Sat Feb  3 08:56:12 2024 -> Limits: Global size limit set to 104857600 bytes.
Sat Feb  3 08:56:12 2024 -> Limits: File size limit set to 26214400 bytes.
Sat Feb  3 08:56:12 2024 -> Limits: Recursion level limit set to 16.
Sat Feb  3 08:56:12 2024 -> Limits: Files limit set to 10000.
Sat Feb  3 08:56:12 2024 -> Limits: MaxEmbeddedPE limit set to 10485760 bytes.
Sat Feb  3 08:56:12 2024 -> Limits: MaxHTMLNormalize limit set to 10485760 bytes.
Sat Feb  3 08:56:12 2024 -> Limits: MaxHTMLNoTags limit set to 2097152 bytes.
Sat Feb  3 08:56:12 2024 -> Limits: MaxScriptNormalize limit set to 5242880 bytes.
Sat Feb  3 08:56:12 2024 -> Limits: MaxZipTypeRcg limit set to 1048576 bytes.
Sat Feb  3 08:56:12 2024 -> Limits: MaxPartitions limit set to 50.
Sat Feb  3 08:56:12 2024 -> Limits: MaxIconsPE limit set to 100.
Sat Feb  3 08:56:12 2024 -> Limits: MaxRecHWP3 limit set to 16.
Sat Feb  3 08:56:12 2024 -> Limits: PCREMatchLimit limit set to 10000.
Sat Feb  3 08:56:12 2024 -> Limits: PCRERecMatchLimit limit set to 5000.
Sat Feb  3 08:56:12 2024 -> Limits: PCREMaxFileSize limit set to 26214400.
Sat Feb  3 08:56:12 2024 -> Archive support enabled.
Sat Feb  3 08:56:12 2024 -> AlertExceedsMax heuristic detection disabled.
Sat Feb  3 08:56:12 2024 -> Heuristic alerts enabled.
Sat Feb  3 08:56:12 2024 -> Portable Executable support enabled.
Sat Feb  3 08:56:12 2024 -> ELF support enabled.
Sat Feb  3 08:56:12 2024 -> Mail files support disabled.
Sat Feb  3 08:56:12 2024 -> OLE2 support enabled.
Sat Feb  3 08:56:12 2024 -> PDF support enabled.
Sat Feb  3 08:56:12 2024 -> SWF support enabled.
Sat Feb  3 08:56:12 2024 -> HTML support enabled.
Sat Feb  3 08:56:12 2024 -> XMLDOCS support enabled.
Sat Feb  3 08:56:12 2024 -> HWP3 support enabled.
Sat Feb  3 08:56:12 2024 -> Self checking every 3600 seconds.
Sat Feb  3 09:56:12 2024 -> SelfCheck: Database status OK.
Sat Feb  3 10:56:12 2024 -> SelfCheck: Database status OK.
Sat Feb  3 11:56:12 2024 -> SelfCheck: Database status OK.
Sat Feb  3 12:55:59 2024 -> Reading databases from /var/lib/clamav
Sat Feb  3 12:56:12 2024 -> Database correctly reloaded (8683572 signatures)
Sat Feb  3 12:56:12 2024 -> SelfCheck: Database status OK.
Sat Feb  3 12:56:12 2024 -> Activating the newly loaded database...
Sat Feb  3 13:56:12 2024 -> SelfCheck: Database status OK.
Sat Feb  3 14:56:13 2024 -> SelfCheck: Database status OK.
Sat Feb  3 15:56:13 2024 -> SelfCheck: Database status OK.
Sat Feb  3 16:56:13 2024 -> SelfCheck: Database status OK.
Sat Feb  3 17:56:13 2024 -> SelfCheck: Database status OK.
Sat Feb  3 18:56:13 2024 -> SelfCheck: Database status OK.
Sat Feb  3 19:56:13 2024 -> SelfCheck: Database status OK.
Sat Feb  3 20:56:13 2024 -> SelfCheck: Database status OK.
Sat Feb  3 21:56:13 2024 -> SelfCheck: Database status OK.
Sat Feb  3 22:56:13 2024 -> SelfCheck: Database status OK.
Sat Feb  3 23:56:13 2024 -> SelfCheck: Database status OK.
Sun Feb  4 00:56:13 2024 -> SelfCheck: Database status OK.
Sun Feb  4 01:56:13 2024 -> SelfCheck: Database status OK.
Sun Feb  4 02:56:13 2024 -> SelfCheck: Database status OK.
Sun Feb  4 03:56:13 2024 -> SelfCheck: Database status OK.
Sun Feb  4 04:56:13 2024 -> SelfCheck: Database status OK.
Sun Feb  4 05:56:14 2024 -> SelfCheck: Database status OK.
Sun Feb  4 06:56:14 2024 -> SelfCheck: Database status OK.
Sun Feb  4 07:56:14 2024 -> SelfCheck: Database status OK.
Sun Feb  4 08:56:14 2024 -> SelfCheck: Database status OK.
Sun Feb  4 09:56:14 2024 -> SelfCheck: Database status OK.
Sun Feb  4 10:56:14 2024 -> SelfCheck: Database status OK.
Sun Feb  4 11:56:14 2024 -> SelfCheck: Database status OK.
Sun Feb  4 12:56:09 2024 -> Reading databases from /var/lib/clamav
Sun Feb  4 12:56:22 2024 -> Database correctly reloaded (8683703 signatures)
Sun Feb  4 12:56:22 2024 -> SelfCheck: Database status OK.
Sun Feb  4 12:56:22 2024 -> Activating the newly loaded database...
Sun Feb  4 13:56:23 2024 -> SelfCheck: Database status OK.
Sun Feb  4 14:56:23 2024 -> SelfCheck: Database status OK.
Sun Feb  4 15:56:23 2024 -> SelfCheck: Database status OK.
Sun Feb  4 16:56:23 2024 -> SelfCheck: Database status OK.
Sun Feb  4 17:56:23 2024 -> SelfCheck: Database status OK.
Sun Feb  4 18:56:23 2024 -> SelfCheck: Database status OK.
Sun Feb  4 19:56:23 2024 -> SelfCheck: Database status OK.
Sun Feb  4 20:56:23 2024 -> SelfCheck: Database status OK.
Sun Feb  4 21:56:23 2024 -> SelfCheck: Database status OK.
Sun Feb  4 22:56:24 2024 -> SelfCheck: Database status OK.
Sun Feb  4 23:56:24 2024 -> SelfCheck: Database status OK.
Mon Feb  5 00:56:24 2024 -> SelfCheck: Database status OK.
Mon Feb  5 01:56:24 2024 -> SelfCheck: Database status OK.
Mon Feb  5 02:56:24 2024 -> SelfCheck: Database status OK.
Mon Feb  5 03:56:24 2024 -> SelfCheck: Database status OK.
Mon Feb  5 04:56:24 2024 -> SelfCheck: Database status OK.
Mon Feb  5 05:56:24 2024 -> SelfCheck: Database status OK.
Mon Feb  5 06:56:24 2024 -> SelfCheck: Database status OK.
Mon Feb  5 07:56:24 2024 -> SelfCheck: Database status OK.
Mon Feb  5 08:56:24 2024 -> SelfCheck: Database status OK.
Mon Feb  5 09:56:24 2024 -> SelfCheck: Database status OK.
Mon Feb  5 10:56:24 2024 -> SelfCheck: Database status OK.
Mon Feb  5 11:56:24 2024 -> SelfCheck: Database status OK.
Mon Feb  5 12:56:16 2024 -> Reading databases from /var/lib/clamav
Mon Feb  5 12:56:29 2024 -> Database correctly reloaded (8683793 signatures)
Mon Feb  5 12:56:29 2024 -> SelfCheck: Database status OK.
Mon Feb  5 12:56:29 2024 -> Activating the newly loaded database...
Mon Feb  5 13:56:29 2024 -> SelfCheck: Database status OK.
Mon Feb  5 14:56:29 2024 -> SelfCheck: Database status OK.
Mon Feb  5 15:56:29 2024 -> SelfCheck: Database status OK.
Mon Feb  5 16:56:29 2024 -> SelfCheck: Database status OK.
Mon Feb  5 17:56:29 2024 -> SelfCheck: Database status OK.
Mon Feb  5 18:56:29 2024 -> SelfCheck: Database status OK.
Mon Feb  5 19:56:30 2024 -> SelfCheck: Database status OK.
Mon Feb  5 20:56:30 2024 -> SelfCheck: Database status OK.
Mon Feb  5 21:56:30 2024 -> SelfCheck: Database status OK.
Mon Feb  5 22:56:30 2024 -> SelfCheck: Database status OK.
Mon Feb  5 23:56:30 2024 -> SelfCheck: Database status OK.
Tue Feb  6 00:56:30 2024 -> SelfCheck: Database status OK.
Tue Feb  6 01:56:30 2024 -> SelfCheck: Database status OK.
Tue Feb  6 02:56:30 2024 -> SelfCheck: Database status OK.
Tue Feb  6 03:56:30 2024 -> SelfCheck: Database status OK.
Tue Feb  6 04:56:30 2024 -> SelfCheck: Database status OK.
Tue Feb  6 05:56:30 2024 -> SelfCheck: Database status OK.
Tue Feb  6 06:56:30 2024 -> SelfCheck: Database status OK.
Tue Feb  6 07:56:30 2024 -> SelfCheck: Database status OK.
Tue Feb  6 08:56:30 2024 -> SelfCheck: Database status OK.
Tue Feb  6 09:56:30 2024 -> SelfCheck: Database status OK.
Tue Feb  6 10:56:31 2024 -> SelfCheck: Database status OK.
Tue Feb  6 11:56:31 2024 -> SelfCheck: Database status OK.
Tue Feb  6 12:56:21 2024 -> Reading databases from /var/lib/clamav
Tue Feb  6 12:56:34 2024 -> Database correctly reloaded (8683884 signatures)
Tue Feb  6 12:56:34 2024 -> SelfCheck: Database status OK.
Tue Feb  6 12:56:34 2024 -> Activating the newly loaded database...
Tue Feb  6 13:56:34 2024 -> SelfCheck: Database status OK.
Tue Feb  6 14:56:34 2024 -> SelfCheck: Database status OK.
Tue Feb  6 15:56:35 2024 -> SelfCheck: Database status OK.
Tue Feb  6 16:56:35 2024 -> SelfCheck: Database status OK.
Tue Feb  6 17:56:35 2024 -> SelfCheck: Database status OK.
Tue Feb  6 18:56:35 2024 -> SelfCheck: Database status OK.
Tue Feb  6 19:56:35 2024 -> SelfCheck: Database status OK.
Tue Feb  6 20:56:35 2024 -> SelfCheck: Database status OK.
Tue Feb  6 21:56:35 2024 -> SelfCheck: Database status OK.
Tue Feb  6 22:56:35 2024 -> SelfCheck: Database status OK.
Tue Feb  6 23:56:35 2024 -> SelfCheck: Database status OK.
Wed Feb  7 00:56:35 2024 -> SelfCheck: Database status OK.
Wed Feb  7 01:56:35 2024 -> SelfCheck: Database status OK.
Wed Feb  7 02:56:35 2024 -> SelfCheck: Database status OK.
Wed Feb  7 03:56:35 2024 -> SelfCheck: Database status OK.
Wed Feb  7 04:56:36 2024 -> SelfCheck: Database status OK.
Wed Feb  7 05:56:36 2024 -> SelfCheck: Database status OK.
Wed Feb  7 06:56:36 2024 -> SelfCheck: Database status OK.
Wed Feb  7 07:56:36 2024 -> SelfCheck: Database status OK.
Wed Feb  7 08:56:36 2024 -> SelfCheck: Database status OK.
Wed Feb  7 09:56:36 2024 -> SelfCheck: Database status OK.
Wed Feb  7 10:56:36 2024 -> SelfCheck: Database status OK.
Wed Feb  7 11:56:36 2024 -> SelfCheck: Database status OK.
Wed Feb  7 12:56:36 2024 -> SelfCheck: Database modification detected. Forcing reload.
Wed Feb  7 12:56:36 2024 -> Reading databases from /var/lib/clamav
Wed Feb  7 12:56:49 2024 -> Database correctly reloaded (8683925 signatures)
Wed Feb  7 12:56:49 2024 -> Activating the newly loaded database...
Wed Feb  7 13:56:50 2024 -> SelfCheck: Database status OK.
Wed Feb  7 14:56:50 2024 -> SelfCheck: Database status OK.
Wed Feb  7 15:56:50 2024 -> SelfCheck: Database status OK.
Wed Feb  7 16:56:50 2024 -> SelfCheck: Database status OK.
Wed Feb  7 17:56:50 2024 -> SelfCheck: Database status OK.
Wed Feb  7 18:56:50 2024 -> SelfCheck: Database status OK.
Wed Feb  7 19:56:50 2024 -> SelfCheck: Database status OK.
Wed Feb  7 20:56:50 2024 -> SelfCheck: Database status OK.
Wed Feb  7 21:56:50 2024 -> SelfCheck: Database status OK.
Wed Feb  7 22:56:51 2024 -> SelfCheck: Database status OK.
Wed Feb  7 23:56:51 2024 -> SelfCheck: Database status OK.
Thu Feb  8 00:56:51 2024 -> SelfCheck: Database status OK.
Thu Feb  8 01:56:51 2024 -> SelfCheck: Database status OK.
Thu Feb  8 02:56:51 2024 -> SelfCheck: Database status OK.
Thu Feb  8 03:56:51 2024 -> SelfCheck: Database status OK.
Thu Feb  8 04:56:51 2024 -> SelfCheck: Database status OK.
Thu Feb  8 05:56:51 2024 -> SelfCheck: Database status OK.
Thu Feb  8 06:56:51 2024 -> SelfCheck: Database status OK.
Thu Feb  8 07:56:51 2024 -> SelfCheck: Database status OK.
Thu Feb  8 08:56:51 2024 -> SelfCheck: Database status OK.
Thu Feb  8 09:56:51 2024 -> SelfCheck: Database status OK.
Thu Feb  8 10:56:51 2024 -> SelfCheck: Database status OK.
Thu Feb  8 11:56:52 2024 -> SelfCheck: Database status OK.
Thu Feb  8 12:56:42 2024 -> Reading databases from /var/lib/clamav
Thu Feb  8 12:56:56 2024 -> Database correctly reloaded (8684000 signatures)
Thu Feb  8 12:56:56 2024 -> SelfCheck: Database status OK.
Thu Feb  8 12:56:56 2024 -> Activating the newly loaded database...
Thu Feb  8 13:56:56 2024 -> SelfCheck: Database status OK.
Thu Feb  8 14:56:56 2024 -> SelfCheck: Database status OK.
Thu Feb  8 15:56:56 2024 -> SelfCheck: Database status OK.
Thu Feb  8 16:56:56 2024 -> SelfCheck: Database status OK.
Thu Feb  8 17:56:56 2024 -> SelfCheck: Database status OK.
Thu Feb  8 18:56:56 2024 -> SelfCheck: Database status OK.
Thu Feb  8 19:56:56 2024 -> SelfCheck: Database status OK.
Thu Feb  8 20:56:56 2024 -> SelfCheck: Database status OK.
Thu Feb  8 21:56:57 2024 -> SelfCheck: Database status OK.
Thu Feb  8 22:56:57 2024 -> SelfCheck: Database status OK.
Thu Feb  8 23:56:57 2024 -> SelfCheck: Database status OK.
Fri Feb  9 00:56:57 2024 -> SelfCheck: Database status OK.
Fri Feb  9 01:56:57 2024 -> SelfCheck: Database status OK.
Fri Feb  9 02:56:57 2024 -> SelfCheck: Database status OK.
Fri Feb  9 03:56:57 2024 -> SelfCheck: Database status OK.
Fri Feb  9 04:56:57 2024 -> SelfCheck: Database status OK.
Fri Feb  9 05:56:57 2024 -> SelfCheck: Database status OK.
Fri Feb  9 06:56:57 2024 -> SelfCheck: Database status OK.
Fri Feb  9 07:56:57 2024 -> SelfCheck: Database status OK.
Fri Feb  9 08:56:57 2024 -> SelfCheck: Database status OK.
Fri Feb  9 09:56:57 2024 -> SelfCheck: Database status OK.
Fri Feb  9 10:56:57 2024 -> SelfCheck: Database status OK.
Fri Feb  9 11:56:57 2024 -> SelfCheck: Database status OK.
Fri Feb  9 12:56:48 2024 -> Reading databases from /var/lib/clamav
Fri Feb  9 12:57:01 2024 -> Database correctly reloaded (8684126 signatures)
Fri Feb  9 12:57:01 2024 -> SelfCheck: Database status OK.
Fri Feb  9 12:57:01 2024 -> Activating the newly loaded database...
Fri Feb  9 13:57:02 2024 -> SelfCheck: Database status OK.
Fri Feb  9 14:57:02 2024 -> SelfCheck: Database status OK.
Fri Feb  9 15:57:02 2024 -> SelfCheck: Database status OK.
Fri Feb  9 16:57:02 2024 -> SelfCheck: Database status OK.
Fri Feb  9 17:57:02 2024 -> SelfCheck: Database status OK.
Fri Feb  9 18:57:02 2024 -> SelfCheck: Database status OK.
Fri Feb  9 19:57:02 2024 -> SelfCheck: Database status OK.
Fri Feb  9 20:57:02 2024 -> SelfCheck: Database status OK.
Fri Feb  9 21:57:02 2024 -> SelfCheck: Database status OK.
Fri Feb  9 22:57:02 2024 -> SelfCheck: Database status OK.
Fri Feb  9 23:57:02 2024 -> SelfCheck: Database status OK.
Sat Feb 10 00:57:02 2024 -> SelfCheck: Database status OK.
Sat Feb 10 01:57:03 2024 -> SelfCheck: Database status OK.
Sat Feb 10 02:57:03 2024 -> SelfCheck: Database status OK.
Sat Feb 10 03:57:03 2024 -> SelfCheck: Database status OK.
Sat Feb 10 04:57:03 2024 -> SelfCheck: Database status OK.
Sat Feb 10 05:57:03 2024 -> SelfCheck: Database status OK.
Sat Feb 10 06:57:03 2024 -> SelfCheck: Database status OK.
Sat Feb 10 07:57:03 2024 -> SelfCheck: Database status OK.
Sat Feb 10 08:57:03 2024 -> SelfCheck: Database status OK.
Sat Feb 10 09:57:03 2024 -> SelfCheck: Database status OK.
Sat Feb 10 10:57:03 2024 -> SelfCheck: Database status OK.
Sat Feb 10 11:57:03 2024 -> SelfCheck: Database status OK.
Sat Feb 10 12:56:53 2024 -> Reading databases from /var/lib/clamav
Sat Feb 10 12:57:07 2024 -> Database correctly reloaded (8684305 signatures)
Sat Feb 10 12:57:07 2024 -> SelfCheck: Database status OK.
Sat Feb 10 12:57:07 2024 -> Activating the newly loaded database...
Sat Feb 10 13:57:07 2024 -> SelfCheck: Database status OK.
Sat Feb 10 14:57:07 2024 -> SelfCheck: Database status OK.
Sat Feb 10 15:57:07 2024 -> SelfCheck: Database status OK.
Sat Feb 10 16:57:07 2024 -> SelfCheck: Database status OK.
Sat Feb 10 17:57:07 2024 -> SelfCheck: Database status OK.
Sat Feb 10 18:57:07 2024 -> SelfCheck: Database status OK.
Sat Feb 10 19:57:07 2024 -> SelfCheck: Database status OK.
Sat Feb 10 20:57:07 2024 -> SelfCheck: Database status OK.
Sat Feb 10 21:57:07 2024 -> SelfCheck: Database status OK.
Sat Feb 10 22:57:07 2024 -> SelfCheck: Database status OK.
Sat Feb 10 23:57:08 2024 -> SelfCheck: Database status OK.
Sun Feb 11 00:57:08 2024 -> SelfCheck: Database status OK.
Sun Feb 11 01:57:08 2024 -> SelfCheck: Database status OK.
Sun Feb 11 02:57:08 2024 -> SelfCheck: Database status OK.
Sun Feb 11 03:57:08 2024 -> SelfCheck: Database status OK.
Sun Feb 11 04:57:08 2024 -> SelfCheck: Database status OK.
Sun Feb 11 05:57:08 2024 -> SelfCheck: Database status OK.
Sun Feb 11 06:57:08 2024 -> SelfCheck: Database status OK.
Sun Feb 11 07:57:08 2024 -> SelfCheck: Database status OK.
Sun Feb 11 08:57:08 2024 -> SelfCheck: Database status OK.
Sun Feb 11 09:57:08 2024 -> SelfCheck: Database status OK.
Sun Feb 11 10:57:08 2024 -> SelfCheck: Database status OK.
Sun Feb 11 11:57:09 2024 -> SelfCheck: Database status OK.
Sun Feb 11 12:57:09 2024 -> SelfCheck: Database modification detected. Forcing reload.
Sun Feb 11 12:57:09 2024 -> Reading databases from /var/lib/clamav
Sun Feb 11 12:57:22 2024 -> Database correctly reloaded (8684434 signatures)
Sun Feb 11 12:57:22 2024 -> Activating the newly loaded database...
Sun Feb 11 13:57:22 2024 -> SelfCheck: Database status OK.
Sun Feb 11 14:57:22 2024 -> SelfCheck: Database status OK.
Sun Feb 11 15:57:22 2024 -> SelfCheck: Database status OK.
Sun Feb 11 16:57:22 2024 -> SelfCheck: Database status OK.
Sun Feb 11 17:57:22 2024 -> SelfCheck: Database status OK.
Sun Feb 11 18:57:22 2024 -> SelfCheck: Database status OK.
Sun Feb 11 19:57:23 2024 -> SelfCheck: Database status OK.
Sun Feb 11 20:57:23 2024 -> SelfCheck: Database status OK.
Sun Feb 11 21:57:23 2024 -> SelfCheck: Database status OK.
Sun Feb 11 22:57:23 2024 -> SelfCheck: Database status OK.
Sun Feb 11 23:57:23 2024 -> SelfCheck: Database status OK.
Mon Feb 12 00:57:23 2024 -> SelfCheck: Database status OK.
Mon Feb 12 01:57:23 2024 -> SelfCheck: Database status OK.
Mon Feb 12 02:57:23 2024 -> SelfCheck: Database status OK.
Sat Feb 17 16:08:49 2024 -> +++ Started at Sat Feb 17 16:08:49 2024
Sat Feb 17 16:08:49 2024 -> Received 0 file descriptor(s) from systemd.
Sat Feb 17 16:08:49 2024 -> clamd daemon 0.103.10 (OS: linux-gnu, ARCH: x86_64, CPU: x86_64)
Sat Feb 17 16:08:49 2024 -> Log file size limited to 4294967295 bytes.
Sat Feb 17 16:08:49 2024 -> Reading databases from /var/lib/clamav
Sat Feb 17 16:08:49 2024 -> Not loading PUA signatures.
Sat Feb 17 16:08:49 2024 -> Bytecode: Security mode set to "TrustSigned".
Sat Feb 17 16:08:49 2024 -> Disabling URL based phishing detection.
Sat Feb 17 16:09:02 2024 -> Loaded 8684434 signatures.
Sat Feb 17 16:09:04 2024 -> LOCAL: Unix socket file /run/clamav/clamd.ctl
Sat Feb 17 16:09:04 2024 -> LOCAL: Setting connection queue length to 15
Sat Feb 17 16:09:04 2024 -> Limits: Global time limit set to 120000 milliseconds.
Sat Feb 17 16:09:04 2024 -> Limits: Global size limit set to 104857600 bytes.
Sat Feb 17 16:09:04 2024 -> Limits: File size limit set to 26214400 bytes.
Sat Feb 17 16:09:04 2024 -> Limits: Recursion level limit set to 16.
Sat Feb 17 16:09:04 2024 -> Limits: Files limit set to 10000.
Sat Feb 17 16:09:04 2024 -> Limits: MaxEmbeddedPE limit set to 10485760 bytes.
Sat Feb 17 16:09:04 2024 -> Limits: MaxHTMLNormalize limit set to 10485760 bytes.
Sat Feb 17 16:09:04 2024 -> Limits: MaxHTMLNoTags limit set to 2097152 bytes.
Sat Feb 17 16:09:04 2024 -> Limits: MaxScriptNormalize limit set to 5242880 bytes.
Sat Feb 17 16:09:04 2024 -> Limits: MaxZipTypeRcg limit set to 1048576 bytes.
Sat Feb 17 16:09:04 2024 -> Limits: MaxPartitions limit set to 50.
Sat Feb 17 16:09:04 2024 -> Limits: MaxIconsPE limit set to 100.
Sat Feb 17 16:09:04 2024 -> Limits: MaxRecHWP3 limit set to 16.
Sat Feb 17 16:09:04 2024 -> Limits: PCREMatchLimit limit set to 10000.
Sat Feb 17 16:09:04 2024 -> Limits: PCRERecMatchLimit limit set to 5000.
Sat Feb 17 16:09:04 2024 -> Limits: PCREMaxFileSize limit set to 26214400.
Sat Feb 17 16:09:04 2024 -> Archive support enabled.
Sat Feb 17 16:09:04 2024 -> AlertExceedsMax heuristic detection disabled.
Sat Feb 17 16:09:04 2024 -> Heuristic alerts enabled.
Sat Feb 17 16:09:04 2024 -> Portable Executable support enabled.
Sat Feb 17 16:09:04 2024 -> ELF support enabled.
Sat Feb 17 16:09:04 2024 -> Mail files support disabled.
Sat Feb 17 16:09:04 2024 -> OLE2 support enabled.
Sat Feb 17 16:09:04 2024 -> PDF support enabled.
Sat Feb 17 16:09:04 2024 -> SWF support enabled.
Sat Feb 17 16:09:04 2024 -> HTML support enabled.
Sat Feb 17 16:09:04 2024 -> XMLDOCS support enabled.
Sat Feb 17 16:09:04 2024 -> HWP3 support enabled.
Sat Feb 17 16:09:04 2024 -> Self checking every 3600 seconds.
Sat Feb 17 17:09:12 2024 -> SelfCheck: Database status OK.
Sat Feb 17 18:09:12 2024 -> SelfCheck: Database status OK.
Sat Feb 17 19:09:12 2024 -> SelfCheck: Database status OK.
Sat Feb 17 20:09:12 2024 -> SelfCheck: Database status OK.
Sat Feb 17 21:09:12 2024 -> SelfCheck: Database status OK.
Sat Feb 17 22:09:13 2024 -> SelfCheck: Database status OK.
Sat Feb 17 23:09:13 2024 -> SelfCheck: Database status OK.
Sun Feb 18 00:09:13 2024 -> SelfCheck: Database status OK.
Sun Feb 18 01:09:13 2024 -> SelfCheck: Database status OK.
Sun Feb 18 02:09:13 2024 -> SelfCheck: Database status OK.
Sun Feb 18 03:09:13 2024 -> SelfCheck: Database status OK.
Sun Feb 18 04:09:13 2024 -> SelfCheck: Database status OK.
Sun Feb 18 05:09:13 2024 -> SelfCheck: Database status OK.
Sun Feb 18 06:09:13 2024 -> SelfCheck: Database status OK.
Sun Feb 18 07:09:13 2024 -> SelfCheck: Database status OK.
Sun Feb 18 08:09:13 2024 -> SelfCheck: Database status OK.
Sun Feb 18 09:09:13 2024 -> SelfCheck: Database status OK.
Sun Feb 18 10:09:13 2024 -> SelfCheck: Database status OK.
Sun Feb 18 11:09:13 2024 -> SelfCheck: Database status OK.
Sun Feb 18 12:09:10 2024 -> Reading databases from /var/lib/clamav
Sun Feb 18 12:09:24 2024 -> Database correctly reloaded (8685088 signatures)
Sun Feb 18 12:09:24 2024 -> SelfCheck: Database status OK.
Sun Feb 18 12:09:24 2024 -> Activating the newly loaded database...
Sun Feb 18 13:09:24 2024 -> SelfCheck: Database status OK.
Sun Feb 18 14:09:24 2024 -> SelfCheck: Database status OK.
Sun Feb 18 15:09:24 2024 -> SelfCheck: Database status OK.
Sun Feb 18 16:09:24 2024 -> SelfCheck: Database status OK.
Sun Feb 18 17:09:24 2024 -> SelfCheck: Database status OK.
Sun Feb 18 18:09:24 2024 -> SelfCheck: Database status OK.
Sun Feb 18 19:09:25 2024 -> SelfCheck: Database status OK.
Sun Feb 18 20:09:25 2024 -> SelfCheck: Database status OK.
Sun Feb 18 21:09:25 2024 -> SelfCheck: Database status OK.
Sun Feb 18 22:09:25 2024 -> SelfCheck: Database status OK.
Sun Feb 18 23:09:25 2024 -> SelfCheck: Database status OK.
Mon Feb 19 00:09:25 2024 -> SelfCheck: Database status OK.
Mon Feb 19 01:09:25 2024 -> SelfCheck: Database status OK.
Mon Feb 19 02:09:25 2024 -> SelfCheck: Database status OK.
Mon Feb 19 03:09:25 2024 -> SelfCheck: Database status OK.
Mon Feb 19 04:09:25 2024 -> SelfCheck: Database status OK.
Mon Feb 19 05:09:25 2024 -> SelfCheck: Database status OK.
Mon Feb 19 06:09:25 2024 -> SelfCheck: Database status OK.
Mon Feb 19 07:09:26 2024 -> SelfCheck: Database status OK.
Mon Feb 19 08:09:26 2024 -> SelfCheck: Database status OK.
Mon Feb 19 09:09:26 2024 -> SelfCheck: Database status OK.
Mon Feb 19 10:09:26 2024 -> SelfCheck: Database status OK.
Mon Feb 19 11:09:26 2024 -> SelfCheck: Database status OK.
Mon Feb 19 12:09:16 2024 -> Reading databases from /var/lib/clamav
Mon Feb 19 12:09:29 2024 -> Database correctly reloaded (8685088 signatures)
Mon Feb 19 12:09:29 2024 -> SelfCheck: Database status OK.
Mon Feb 19 12:09:29 2024 -> Activating the newly loaded database...
Mon Feb 19 13:09:29 2024 -> SelfCheck: Database status OK.
Mon Feb 19 14:09:29 2024 -> SelfCheck: Database status OK.
Mon Feb 19 15:09:29 2024 -> SelfCheck: Database status OK.
Mon Feb 19 16:09:30 2024 -> SelfCheck: Database status OK.
Mon Feb 19 17:09:30 2024 -> SelfCheck: Database status OK.
Mon Feb 19 18:09:30 2024 -> SelfCheck: Database status OK.
Mon Feb 19 19:09:30 2024 -> SelfCheck: Database status OK.
Mon Feb 19 20:09:30 2024 -> SelfCheck: Database status OK.
Mon Feb 19 21:09:30 2024 -> SelfCheck: Database status OK.
Mon Feb 19 22:09:30 2024 -> SelfCheck: Database status OK.
Mon Feb 19 23:09:30 2024 -> SelfCheck: Database status OK.
Tue Feb 20 00:09:30 2024 -> SelfCheck: Database status OK.
Tue Feb 20 01:09:30 2024 -> SelfCheck: Database status OK.
Tue Feb 20 02:09:30 2024 -> SelfCheck: Database status OK.
Tue Feb 20 03:09:31 2024 -> SelfCheck: Database status OK.
Tue Feb 20 04:09:31 2024 -> SelfCheck: Database status OK.
Tue Feb 20 05:09:31 2024 -> SelfCheck: Database status OK.
Tue Feb 20 06:09:31 2024 -> SelfCheck: Database status OK.
Tue Feb 20 07:09:31 2024 -> SelfCheck: Database status OK.
Tue Feb 20 08:09:31 2024 -> SelfCheck: Database status OK.
Tue Feb 20 09:09:31 2024 -> SelfCheck: Database status OK.
Tue Feb 20 10:09:31 2024 -> SelfCheck: Database status OK.
Tue Feb 20 11:09:31 2024 -> SelfCheck: Database status OK.
Tue Feb 20 12:09:21 2024 -> Reading databases from /var/lib/clamav
Tue Feb 20 12:09:34 2024 -> Database correctly reloaded (8685088 signatures)
Tue Feb 20 12:09:34 2024 -> SelfCheck: Database status OK.
Tue Feb 20 12:09:34 2024 -> Activating the newly loaded database...
Tue Feb 20 13:09:35 2024 -> SelfCheck: Database status OK.
Tue Feb 20 14:09:35 2024 -> SelfCheck: Database status OK.
Tue Feb 20 15:09:35 2024 -> SelfCheck: Database status OK.
Tue Feb 20 16:09:35 2024 -> SelfCheck: Database status OK.
Tue Feb 20 17:09:35 2024 -> SelfCheck: Database status OK.
Tue Feb 20 18:09:35 2024 -> SelfCheck: Database status OK.
Tue Feb 20 19:09:35 2024 -> SelfCheck: Database status OK.
Tue Feb 20 20:09:35 2024 -> SelfCheck: Database status OK.
Tue Feb 20 21:09:36 2024 -> SelfCheck: Database status OK.
Tue Feb 20 22:09:36 2024 -> SelfCheck: Database status OK.
Tue Feb 20 23:09:36 2024 -> SelfCheck: Database status OK.
Wed Feb 21 00:09:36 2024 -> SelfCheck: Database status OK.
Wed Feb 21 01:09:36 2024 -> SelfCheck: Database status OK.
Wed Feb 21 02:09:36 2024 -> SelfCheck: Database status OK.
Wed Feb 21 03:09:36 2024 -> SelfCheck: Database status OK.
Wed Feb 21 04:09:36 2024 -> SelfCheck: Database status OK.
Wed Feb 21 05:09:36 2024 -> SelfCheck: Database status OK.
Wed Feb 21 06:09:36 2024 -> SelfCheck: Database status OK.
Wed Feb 21 07:09:36 2024 -> SelfCheck: Database status OK.
Wed Feb 21 08:09:36 2024 -> SelfCheck: Database status OK.
Wed Feb 21 09:09:37 2024 -> SelfCheck: Database status OK.
Wed Feb 21 10:09:37 2024 -> SelfCheck: Database status OK.
Wed Feb 21 11:09:37 2024 -> SelfCheck: Database status OK.
Wed Feb 21 12:09:27 2024 -> Reading databases from /var/lib/clamav
Wed Feb 21 12:09:40 2024 -> Database correctly reloaded (8685387 signatures)
Wed Feb 21 12:09:40 2024 -> SelfCheck: Database status OK.
Wed Feb 21 12:09:40 2024 -> Activating the newly loaded database...
Wed Feb 21 13:09:40 2024 -> SelfCheck: Database status OK.
Wed Feb 21 14:09:40 2024 -> SelfCheck: Database status OK.
Wed Feb 21 15:09:40 2024 -> SelfCheck: Database status OK.
Wed Feb 21 16:09:40 2024 -> SelfCheck: Database status OK.
Wed Feb 21 17:09:40 2024 -> SelfCheck: Database status OK.
Wed Feb 21 18:09:41 2024 -> SelfCheck: Database status OK.
Wed Feb 21 19:09:41 2024 -> SelfCheck: Database status OK.
Wed Feb 21 20:09:41 2024 -> SelfCheck: Database status OK.
Wed Feb 21 21:09:41 2024 -> SelfCheck: Database status OK.
Wed Feb 21 22:09:41 2024 -> SelfCheck: Database status OK.
Wed Feb 21 23:09:41 2024 -> SelfCheck: Database status OK.
Thu Feb 22 00:09:41 2024 -> SelfCheck: Database status OK.
Thu Feb 22 01:09:41 2024 -> SelfCheck: Database status OK.
Thu Feb 22 02:09:41 2024 -> SelfCheck: Database status OK.
Thu Feb 22 03:09:41 2024 -> SelfCheck: Database status OK.
Thu Feb 22 04:09:41 2024 -> SelfCheck: Database status OK.
Thu Feb 22 05:09:41 2024 -> SelfCheck: Database status OK.
Thu Feb 22 06:09:41 2024 -> SelfCheck: Database status OK.
Thu Feb 22 07:09:42 2024 -> SelfCheck: Database status OK.
Thu Feb 22 08:09:42 2024 -> SelfCheck: Database status OK.
Thu Feb 22 09:09:42 2024 -> SelfCheck: Database status OK.
Thu Feb 22 10:09:42 2024 -> SelfCheck: Database status OK.
Thu Feb 22 11:09:42 2024 -> SelfCheck: Database status OK.
Thu Feb 22 12:09:32 2024 -> Reading databases from /var/lib/clamav
Thu Feb 22 12:09:45 2024 -> Database correctly reloaded (8685408 signatures)
Thu Feb 22 12:09:45 2024 -> SelfCheck: Database status OK.
Thu Feb 22 12:09:45 2024 -> Activating the newly loaded database...
Thu Feb 22 13:09:46 2024 -> SelfCheck: Database status OK.
Thu Feb 22 14:09:46 2024 -> SelfCheck: Database status OK.
Thu Feb 22 15:09:46 2024 -> SelfCheck: Database status OK.
Thu Feb 22 16:09:46 2024 -> SelfCheck: Database status OK.
Thu Feb 22 17:09:46 2024 -> SelfCheck: Database status OK.
Thu Feb 22 18:09:46 2024 -> SelfCheck: Database status OK.
Thu Feb 22 19:09:46 2024 -> SelfCheck: Database status OK.
Thu Feb 22 20:09:46 2024 -> SelfCheck: Database status OK.
Thu Feb 22 21:09:46 2024 -> SelfCheck: Database status OK.
Thu Feb 22 22:09:46 2024 -> SelfCheck: Database status OK.
Thu Feb 22 23:09:47 2024 -> SelfCheck: Database status OK.
Fri Feb 23 00:09:47 2024 -> SelfCheck: Database status OK.
Fri Feb 23 01:09:47 2024 -> SelfCheck: Database status OK.
Fri Feb 23 02:09:47 2024 -> SelfCheck: Database status OK.
Fri Feb 23 03:09:47 2024 -> SelfCheck: Database status OK.
Fri Feb 23 04:09:47 2024 -> SelfCheck: Database status OK.
Fri Feb 23 05:09:47 2024 -> SelfCheck: Database status OK.
Fri Feb 23 06:09:47 2024 -> SelfCheck: Database status OK.
Fri Feb 23 07:09:47 2024 -> SelfCheck: Database status OK.
Fri Feb 23 08:09:47 2024 -> SelfCheck: Database status OK.
Fri Feb 23 09:09:47 2024 -> SelfCheck: Database status OK.
Fri Feb 23 10:09:47 2024 -> SelfCheck: Database status OK.
Fri Feb 23 11:09:48 2024 -> SelfCheck: Database status OK.
Fri Feb 23 12:09:38 2024 -> Reading databases from /var/lib/clamav
Fri Feb 23 12:09:51 2024 -> Database correctly reloaded (8685447 signatures)
Fri Feb 23 12:09:51 2024 -> SelfCheck: Database status OK.
Fri Feb 23 12:09:51 2024 -> Activating the newly loaded database...
Fri Feb 23 13:09:51 2024 -> SelfCheck: Database status OK.
Fri Feb 23 14:09:51 2024 -> SelfCheck: Database status OK.
Fri Feb 23 15:09:51 2024 -> SelfCheck: Database status OK.
Fri Feb 23 16:09:51 2024 -> SelfCheck: Database status OK.
Fri Feb 23 17:09:52 2024 -> SelfCheck: Database status OK.
Fri Feb 23 18:09:52 2024 -> SelfCheck: Database status OK.
Fri Feb 23 19:09:52 2024 -> SelfCheck: Database status OK.
Fri Feb 23 20:09:52 2024 -> SelfCheck: Database status OK.
Fri Feb 23 21:09:52 2024 -> SelfCheck: Database status OK.
Fri Feb 23 22:09:52 2024 -> SelfCheck: Database status OK.
Fri Feb 23 23:09:52 2024 -> SelfCheck: Database status OK.
Sat Feb 24 00:09:52 2024 -> SelfCheck: Database status OK.
Sat Feb 24 01:09:52 2024 -> SelfCheck: Database status OK.
Sat Feb 24 02:09:52 2024 -> SelfCheck: Database status OK.
Sat Feb 24 03:09:52 2024 -> SelfCheck: Database status OK.
Sat Feb 24 04:09:52 2024 -> SelfCheck: Database status OK.
Sat Feb 24 05:09:52 2024 -> SelfCheck: Database status OK.
Sat Feb 24 06:09:53 2024 -> SelfCheck: Database status OK.
Sat Feb 24 07:09:53 2024 -> SelfCheck: Database status OK.
Sat Feb 24 08:09:53 2024 -> SelfCheck: Database status OK.
Sat Feb 24 09:09:53 2024 -> SelfCheck: Database status OK.
Sat Feb 24 10:09:53 2024 -> SelfCheck: Database status OK.
Sat Feb 24 11:09:53 2024 -> SelfCheck: Database status OK.
Sat Feb 24 12:09:43 2024 -> Reading databases from /var/lib/clamav
Sat Feb 24 12:09:56 2024 -> Database correctly reloaded (8685460 signatures)
Sat Feb 24 12:09:56 2024 -> SelfCheck: Database status OK.
Sat Feb 24 12:09:56 2024 -> Activating the newly loaded database...
Sat Feb 24 13:09:57 2024 -> SelfCheck: Database status OK.
Sat Feb 24 14:09:57 2024 -> SelfCheck: Database status OK.
Sat Feb 24 15:09:57 2024 -> SelfCheck: Database status OK.
Sat Feb 24 16:09:57 2024 -> SelfCheck: Database status OK.
Sat Feb 24 17:09:57 2024 -> SelfCheck: Database status OK.
Sat Feb 24 18:09:57 2024 -> SelfCheck: Database status OK.
Sat Feb 24 19:09:57 2024 -> SelfCheck: Database status OK.
Sat Feb 24 20:09:57 2024 -> SelfCheck: Database status OK.
Sat Feb 24 21:09:57 2024 -> SelfCheck: Database status OK.
Sat Feb 24 22:09:57 2024 -> SelfCheck: Database status OK.
Sat Feb 24 23:09:57 2024 -> SelfCheck: Database status OK.
Sun Feb 25 00:09:57 2024 -> SelfCheck: Database status OK.
Sun Feb 25 01:09:57 2024 -> SelfCheck: Database status OK.
Sun Feb 25 02:09:57 2024 -> SelfCheck: Database status OK.
Sun Feb 25 03:09:57 2024 -> SelfCheck: Database status OK.
Sun Feb 25 04:09:58 2024 -> SelfCheck: Database status OK.
Sun Feb 25 05:09:58 2024 -> SelfCheck: Database status OK.
Sun Feb 25 06:09:58 2024 -> SelfCheck: Database status OK.
Sun Feb 25 07:09:58 2024 -> SelfCheck: Database status OK.
Sun Feb 25 08:09:58 2024 -> SelfCheck: Database status OK.
Sun Feb 25 09:09:58 2024 -> SelfCheck: Database status OK.
Sun Feb 25 10:09:58 2024 -> SelfCheck: Database status OK.
Sun Feb 25 11:09:58 2024 -> SelfCheck: Database status OK.
Sun Feb 25 12:09:49 2024 -> Reading databases from /var/lib/clamav
Sun Feb 25 12:10:03 2024 -> Database correctly reloaded (8685461 signatures)
Sun Feb 25 12:10:03 2024 -> SelfCheck: Database status OK.
Sun Feb 25 12:10:03 2024 -> Activating the newly loaded database...
Sun Feb 25 13:10:03 2024 -> SelfCheck: Database status OK.
Sun Feb 25 14:10:03 2024 -> SelfCheck: Database status OK.
