Feb 25 00:00:02 dionysos CRON[378410]: pam_unix(cron:session): session closed for user root
Feb 25 00:09:01 dionysos CRON[383577]: pam_unix(cron:session): session opened for user root(uid=0) by (uid=0)
Feb 25 00:09:01 dionysos CRON[383577]: pam_unix(cron:session): session closed for user root
Feb 25 00:15:01 dionysos CRON[386988]: pam_unix(cron:session): session opened for user root(uid=0) by (uid=0)
Feb 25 00:15:02 dionysos CRON[386988]: pam_unix(cron:session): session closed for user root
Feb 25 00:17:01 dionysos CRON[388209]: pam_unix(cron:session): session opened for user root(uid=0) by (uid=0)
Feb 25 00:17:01 dionysos CRON[388209]: pam_unix(cron:session): session closed for user root
Feb 25 00:30:01 dionysos CRON[395435]: pam_unix(cron:session): session opened for user root(uid=0) by (uid=0)
Feb 25 00:30:02 dionysos CRON[395435]: pam_unix(cron:session): session closed for user root
Feb 25 00:39:01 dionysos CRON[400513]: pam_unix(cron:session): session opened for user root(uid=0) by (uid=0)
Feb 25 00:39:01 dionysos CRON[400513]: pam_unix(cron:session): session closed for user root
Feb 25 00:45:01 dionysos CRON[403927]: pam_unix(cron:session): session opened for user root(uid=0) by (uid=0)
Feb 25 00:45:03 dionysos CRON[403927]: pam_unix(cron:session): session closed for user root
Feb 25 00:57:01 dionysos CRON[410695]: pam_unix(cron:session): session opened for user root(uid=0) by (uid=0)
Feb 25 00:57:01 dionysos CRON[410695]: pam_unix(cron:session): session closed for user root
Feb 25 01:00:01 dionysos CRON[412351]: pam_unix(cron:session): session opened for user root(uid=0) by (uid=0)
Feb 25 01:00:02 dionysos CRON[412351]: pam_unix(cron:session): session closed for user root
Feb 25 01:09:01 dionysos CRON[417303]: pam_unix(cron:session): session opened for user root(uid=0) by (uid=0)
Feb 25 01:09:01 dionysos CRON[417303]: pam_unix(cron:session): session closed for user root
Feb 25 01:15:01 dionysos CRON[420707]: pam_unix(cron:session): session opened for user root(uid=0) by (uid=0)
Feb 25 01:15:02 dionysos CRON[420707]: pam_unix(cron:session): session closed for user root
Feb 25 01:17:01 dionysos CRON[421921]: pam_unix(cron:session): session opened for user root(uid=0) by (uid=0)
Feb 25 01:17:01 dionysos CRON[421921]: pam_unix(cron:session): session closed for user root
Feb 25 01:30:01 dionysos CRON[429169]: pam_unix(cron:session): session opened for user root(uid=0) by (uid=0)
Feb 25 01:30:02 dionysos CRON[429169]: pam_unix(cron:session): session closed for user root
Feb 25 01:39:01 dionysos CRON[434288]: pam_unix(cron:session): session opened for user root(uid=0) by (uid=0)
Feb 25 01:39:01 dionysos CRON[434288]: pam_unix(cron:session): session closed for user root
Feb 25 01:45:01 dionysos CRON[437699]: pam_unix(cron:session): session opened for user root(uid=0) by (uid=0)
Feb 25 01:45:03 dionysos CRON[437699]: pam_unix(cron:session): session closed for user root
Feb 25 02:00:01 dionysos CRON[446159]: pam_unix(cron:session): session opened for user root(uid=0) by (uid=0)
Feb 25 02:00:02 dionysos CRON[446159]: pam_unix(cron:session): session closed for user root
Feb 25 02:09:01 dionysos CRON[451268]: pam_unix(cron:session): session opened for user root(uid=0) by (uid=0)
Feb 25 02:09:01 dionysos CRON[451268]: pam_unix(cron:session): session closed for user root
Feb 25 02:15:01 dionysos CRON[454690]: pam_unix(cron:session): session opened for user root(uid=0) by (uid=0)
Feb 25 02:15:02 dionysos CRON[454690]: pam_unix(cron:session): session closed for user root
Feb 25 02:17:01 dionysos CRON[455905]: pam_unix(cron:session): session opened for user root(uid=0) by (uid=0)
Feb 25 02:17:01 dionysos CRON[455905]: pam_unix(cron:session): session closed for user root
Feb 25 02:30:01 dionysos CRON[463146]: pam_unix(cron:session): session opened for user root(uid=0) by (uid=0)
Feb 25 02:30:02 dionysos CRON[463146]: pam_unix(cron:session): session closed for user root
Feb 25 02:39:01 dionysos CRON[468219]: pam_unix(cron:session): session opened for user root(uid=0) by (uid=0)
Feb 25 02:39:01 dionysos CRON[468219]: pam_unix(cron:session): session closed for user root
Feb 25 02:45:01 dionysos CRON[471651]: pam_unix(cron:session): session opened for user root(uid=0) by (uid=0)
Feb 25 02:45:03 dionysos CRON[471651]: pam_unix(cron:session): session closed for user root
Feb 25 03:00:01 dionysos CRON[480113]: pam_unix(cron:session): session opened for user root(uid=0) by (uid=0)
Feb 25 03:00:02 dionysos CRON[480113]: pam_unix(cron:session): session closed for user root
Feb 25 03:09:01 dionysos CRON[485210]: pam_unix(cron:session): session opened for user root(uid=0) by (uid=0)
Feb 25 03:09:01 dionysos CRON[485210]: pam_unix(cron:session): session closed for user root
Feb 25 03:10:01 dionysos CRON[485836]: pam_unix(cron:session): session opened for user root(uid=0) by (uid=0)
Feb 25 03:10:01 dionysos CRON[485836]: pam_unix(cron:session): session closed for user root
Feb 25 03:15:01 dionysos CRON[488625]: pam_unix(cron:session): session opened for user root(uid=0) by (uid=0)
Feb 25 03:15:02 dionysos CRON[488625]: pam_unix(cron:session): session closed for user root
Feb 25 03:17:01 dionysos CRON[489840]: pam_unix(cron:session): session opened for user root(uid=0) by (uid=0)
Feb 25 03:17:01 dionysos CRON[489840]: pam_unix(cron:session): session closed for user root
Feb 25 03:30:01 dionysos CRON[496898]: pam_unix(cron:session): session opened for user root(uid=0) by (uid=0)
Feb 25 03:30:01 dionysos CRON[496899]: pam_unix(cron:session): session opened for user root(uid=0) by (uid=0)
Feb 25 03:30:01 dionysos CRON[496899]: pam_unix(cron:session): session closed for user root
Feb 25 03:30:02 dionysos CRON[496898]: pam_unix(cron:session): session closed for user root
Feb 25 03:39:01 dionysos CRON[501993]: pam_unix(cron:session): session opened for user root(uid=0) by (uid=0)
Feb 25 03:39:01 dionysos CRON[501993]: pam_unix(cron:session): session closed for user root
Feb 25 03:45:01 dionysos CRON[505403]: pam_unix(cron:session): session opened for user root(uid=0) by (uid=0)
Feb 25 03:45:03 dionysos CRON[505403]: pam_unix(cron:session): session closed for user root
Feb 25 04:00:01 dionysos CRON[513793]: pam_unix(cron:session): session opened for user root(uid=0) by (uid=0)
Feb 25 04:00:02 dionysos CRON[513793]: pam_unix(cron:session): session closed for user root
Feb 25 04:09:01 dionysos CRON[519055]: pam_unix(cron:session): session opened for user root(uid=0) by (uid=0)
Feb 25 04:09:01 dionysos CRON[519055]: pam_unix(cron:session): session closed for user root
Feb 25 04:15:01 dionysos CRON[522477]: pam_unix(cron:session): session opened for user root(uid=0) by (uid=0)
Feb 25 04:15:02 dionysos CRON[522477]: pam_unix(cron:session): session closed for user root
Feb 25 04:17:01 dionysos CRON[523692]: pam_unix(cron:session): session opened for user root(uid=0) by (uid=0)
Feb 25 04:17:01 dionysos CRON[523692]: pam_unix(cron:session): session closed for user root
Feb 25 04:30:01 dionysos CRON[530946]: pam_unix(cron:session): session opened for user root(uid=0) by (uid=0)
Feb 25 04:30:02 dionysos CRON[530946]: pam_unix(cron:session): session closed for user root
Feb 25 04:39:01 dionysos CRON[536019]: pam_unix(cron:session): session opened for user root(uid=0) by (uid=0)
Feb 25 04:39:01 dionysos CRON[536019]: pam_unix(cron:session): session closed for user root
Feb 25 04:45:01 dionysos CRON[539420]: pam_unix(cron:session): session opened for user root(uid=0) by (uid=0)
Feb 25 04:45:03 dionysos CRON[539420]: pam_unix(cron:session): session closed for user root
Feb 25 05:00:01 dionysos CRON[547861]: pam_unix(cron:session): session opened for user root(uid=0) by (uid=0)
Feb 25 05:00:02 dionysos CRON[547861]: pam_unix(cron:session): session closed for user root
Feb 25 05:09:01 dionysos CRON[552962]: pam_unix(cron:session): session opened for user root(uid=0) by (uid=0)
Feb 25 05:09:01 dionysos CRON[552962]: pam_unix(cron:session): session closed for user root
Feb 25 05:15:01 dionysos CRON[556351]: pam_unix(cron:session): session opened for user root(uid=0) by (uid=0)
Feb 25 05:15:02 dionysos CRON[556351]: pam_unix(cron:session): session closed for user root
Feb 25 05:17:01 dionysos CRON[557567]: pam_unix(cron:session): session opened for user root(uid=0) by (uid=0)
Feb 25 05:17:01 dionysos CRON[557567]: pam_unix(cron:session): session closed for user root
Feb 25 05:30:01 dionysos CRON[564787]: pam_unix(cron:session): session opened for user root(uid=0) by (uid=0)
Feb 25 05:30:02 dionysos CRON[564787]: pam_unix(cron:session): session closed for user root
Feb 25 05:39:01 dionysos CRON[569892]: pam_unix(cron:session): session opened for user root(uid=0) by (uid=0)
Feb 25 05:39:01 dionysos CRON[569892]: pam_unix(cron:session): session closed for user root
Feb 25 05:45:01 dionysos CRON[573289]: pam_unix(cron:session): session opened for user root(uid=0) by (uid=0)
Feb 25 05:45:03 dionysos CRON[573289]: pam_unix(cron:session): session closed for user root
Feb 25 06:00:01 dionysos CRON[581744]: pam_unix(cron:session): session opened for user root(uid=0) by (uid=0)
Feb 25 06:00:02 dionysos CRON[581744]: pam_unix(cron:session): session closed for user root
Feb 25 06:09:01 dionysos CRON[586880]: pam_unix(cron:session): session opened for user root(uid=0) by (uid=0)
Feb 25 06:09:01 dionysos CRON[586880]: pam_unix(cron:session): session closed for user root
Feb 25 06:15:01 dionysos CRON[590228]: pam_unix(cron:session): session opened for user root(uid=0) by (uid=0)
Feb 25 06:15:02 dionysos CRON[590228]: pam_unix(cron:session): session closed for user root
Feb 25 06:17:01 dionysos CRON[591445]: pam_unix(cron:session): session opened for user root(uid=0) by (uid=0)
Feb 25 06:17:01 dionysos CRON[591445]: pam_unix(cron:session): session closed for user root
Feb 25 06:25:01 dionysos CRON[595776]: pam_unix(cron:session): session opened for user root(uid=0) by (uid=0)
Feb 25 06:25:01 dionysos CRON[595776]: pam_unix(cron:session): session closed for user root
Feb 25 06:30:01 dionysos CRON[598551]: pam_unix(cron:session): session opened for user root(uid=0) by (uid=0)
Feb 25 06:30:03 dionysos CRON[598551]: pam_unix(cron:session): session closed for user root
Feb 25 06:39:01 dionysos CRON[603722]: pam_unix(cron:session): session opened for user root(uid=0) by (uid=0)
Feb 25 06:39:01 dionysos CRON[603722]: pam_unix(cron:session): session closed for user root
Feb 25 06:45:01 dionysos CRON[607033]: pam_unix(cron:session): session opened for user root(uid=0) by (uid=0)
Feb 25 06:45:02 dionysos CRON[607033]: pam_unix(cron:session): session closed for user root
Feb 25 06:47:01 dionysos CRON[608247]: pam_unix(cron:session): session opened for user root(uid=0) by (uid=0)
Feb 25 06:47:01 dionysos CRON[608247]: pam_unix(cron:session): session closed for user root
Feb 25 07:00:01 dionysos CRON[615478]: pam_unix(cron:session): session opened for user root(uid=0) by (uid=0)
Feb 25 07:00:02 dionysos CRON[615478]: pam_unix(cron:session): session closed for user root
Feb 25 07:09:01 dionysos CRON[620579]: pam_unix(cron:session): session opened for user root(uid=0) by (uid=0)
Feb 25 07:09:01 dionysos CRON[620579]: pam_unix(cron:session): session closed for user root
Feb 25 07:15:01 dionysos CRON[623994]: pam_unix(cron:session): session opened for user root(uid=0) by (uid=0)
Feb 25 07:15:02 dionysos CRON[623994]: pam_unix(cron:session): session closed for user root
Feb 25 07:17:01 dionysos CRON[625255]: pam_unix(cron:session): session opened for user root(uid=0) by (uid=0)
Feb 25 07:17:01 dionysos CRON[625255]: pam_unix(cron:session): session closed for user root
Feb 25 07:30:01 dionysos CRON[632587]: pam_unix(cron:session): session opened for user root(uid=0) by (uid=0)
Feb 25 07:30:01 dionysos CRON[632588]: pam_unix(cron:session): session opened for user root(uid=0) by (uid=0)
Feb 25 07:30:01 dionysos CRON[632588]: pam_unix(cron:session): session closed for user root
Feb 25 07:30:02 dionysos CRON[632587]: pam_unix(cron:session): session closed for user root
Feb 25 07:39:01 dionysos CRON[637806]: pam_unix(cron:session): session opened for user root(uid=0) by (uid=0)
Feb 25 07:39:01 dionysos CRON[637806]: pam_unix(cron:session): session closed for user root
Feb 25 07:45:02 dionysos CRON[641210]: pam_unix(cron:session): session opened for user root(uid=0) by (uid=0)
Feb 25 07:45:03 dionysos CRON[641210]: pam_unix(cron:session): session closed for user root
Feb 25 08:00:01 dionysos CRON[649750]: pam_unix(cron:session): session opened for user root(uid=0) by (uid=0)
Feb 25 08:00:02 dionysos CRON[649750]: pam_unix(cron:session): session closed for user root
Feb 25 08:09:01 dionysos CRON[654952]: pam_unix(cron:session): session opened for user root(uid=0) by (uid=0)
Feb 25 08:09:01 dionysos CRON[654952]: pam_unix(cron:session): session closed for user root
Feb 25 08:15:01 dionysos CRON[658371]: pam_unix(cron:session): session opened for user root(uid=0) by (uid=0)
Feb 25 08:15:02 dionysos CRON[658371]: pam_unix(cron:session): session closed for user root
Feb 25 08:17:01 dionysos CRON[660502]: pam_unix(cron:session): session opened for user root(uid=0) by (uid=0)
Feb 25 08:17:01 dionysos CRON[660502]: pam_unix(cron:session): session closed for user root
Feb 25 08:22:27 dionysos omv-engined[663652]: pam_unix(openmediavault:auth): authentication failure; logname= uid=0 euid=0 tty= ruser= rhost=192.168.1.20  user=admin
Feb 25 08:22:29 dionysos openmediavault-webgui[663650]: Unauthorized login attempt from 192.168.1.20 [username=admin, user-agent=Mozilla/5.0 (Windows NT 10.0; Win64; x64; rv:123.0) Gecko/20100101 Firefox/123.0]
Feb 25 08:22:33 dionysos ool openmediavault-webgui[663650]: Unknown or deprecated time zone [tz=]. Please reconfigure your time zone settings.
Feb 25 08:22:33 dionysos openmediavault-webgui[663650]: Authorized login from 192.168.1.20 [username=admin, user-agent=Mozilla/5.0 (Windows NT 10.0; Win64; x64; rv:123.0) Gecko/20100101 Firefox/123.0]
Feb 25 08:22:33 dionysos ool openmediavault-webgui[663650]: Unknown or deprecated time zone [tz=]. Please reconfigure your time zone settings.
Feb 25 08:22:34 dionysos ool openmediavault-webgui[663650]: Unknown or deprecated time zone [tz=]. Please reconfigure your time zone settings.
Feb 25 08:22:37 dionysos ool openmediavault-webgui[663650]: Unknown or deprecated time zone [tz=]. Please reconfigure your time zone settings.
Feb 25 08:30:01 dionysos CRON[669992]: pam_unix(cron:session): session opened for user root(uid=0) by (uid=0)
Feb 25 08:30:01 dionysos CRON[669993]: pam_unix(cron:session): session opened for user root(uid=0) by (uid=0)
Feb 25 08:30:01 dionysos CRON[669993]: pam_unix(cron:session): session closed for user root
Feb 25 08:30:02 dionysos CRON[669992]: pam_unix(cron:session): session closed for user root
Feb 25 08:39:01 dionysos CRON[676841]: pam_unix(cron:session): session opened for user root(uid=0) by (uid=0)
Feb 25 08:39:01 dionysos CRON[676841]: pam_unix(cron:session): session closed for user root
Feb 25 08:41:44 dionysos omv-engined[678366]: pam_unix(openmediavault:auth): authentication failure; logname= uid=0 euid=0 tty= ruser= rhost=192.168.1.20  user=admin
Feb 25 08:41:46 dionysos openmediavault-webgui[678365]: Unauthorized login attempt from 192.168.1.20 [username=admin, user-agent=Mozilla/5.0 (Windows NT 10.0; Win64; x64; rv:123.0) Gecko/20100101 Firefox/123.0]
Feb 25 08:41:53 dionysos ool openmediavault-webgui[678365]: Unknown or deprecated time zone [tz=]. Please reconfigure your time zone settings.
Feb 25 08:41:53 dionysos openmediavault-webgui[678365]: Authorized login from 192.168.1.20 [username=admin, user-agent=Mozilla/5.0 (Windows NT 10.0; Win64; x64; rv:123.0) Gecko/20100101 Firefox/123.0]
Feb 25 08:41:53 dionysos ool openmediavault-webgui[678365]: Unknown or deprecated time zone [tz=]. Please reconfigure your time zone settings.
Feb 25 08:41:54 dionysos ool openmediavault-webgui[678365]: Unknown or deprecated time zone [tz=]. Please reconfigure your time zone settings.
Feb 25 08:41:56 dionysos ool openmediavault-webgui[678365]: Unknown or deprecated time zone [tz=]. Please reconfigure your time zone settings.
Feb 25 08:41:59 dionysos ool openmediavault-webgui[678365]: Unknown or deprecated time zone [tz=]. Please reconfigure your time zone settings.
Feb 25 08:42:06 dionysos ool openmediavault-webgui[678365]: Unknown or deprecated time zone [tz=]. Please reconfigure your time zone settings.
Feb 25 08:44:10 dionysos sshd[680425]: Accepted password for root from 192.168.1.20 port 60491 ssh2
Feb 25 08:44:10 dionysos sshd[680425]: pam_unix(sshd:session): session opened for user root(uid=0) by (uid=0)
Feb 25 08:45:02 dionysos CRON[681158]: pam_unix(cron:session): session opened for user root(uid=0) by (uid=0)
Feb 25 08:45:03 dionysos CRON[681158]: pam_unix(cron:session): session closed for user root
Feb 25 08:50:54 dionysos openmediavault-webgui[685136]: Authorized login from 192.168.1.20 [username=admin, user-agent=Mozilla/5.0 (Windows NT 10.0; Win64; x64; rv:123.0) Gecko/20100101 Firefox/123.0]
Feb 25 08:50:54 dionysos ool openmediavault-webgui[685136]: Unknown or deprecated time zone [tz=]. Please reconfigure your time zone settings.
Feb 25 08:50:54 dionysos ool openmediavault-webgui[685136]: Unknown or deprecated time zone [tz=]. Please reconfigure your time zone settings.
Feb 25 08:50:59 dionysos ool openmediavault-webgui[685136]: Unknown or deprecated time zone [tz=]. Please reconfigure your time zone settings.
Feb 25 09:00:01 dionysos CRON[691250]: pam_unix(cron:session): session opened for user root(uid=0) by (uid=0)
Feb 25 09:00:02 dionysos CRON[691250]: pam_unix(cron:session): session closed for user root
Feb 25 09:07:32 dionysos openmediavault-webgui[696197]: Authorized login from 192.168.1.20 [username=admin, user-agent=Mozilla/5.0 (Windows NT 10.0; Win64; x64; rv:123.0) Gecko/20100101 Firefox/123.0]
Feb 25 09:07:32 dionysos ool openmediavault-webgui[696197]: Unknown or deprecated time zone [tz=]. Please reconfigure your time zone settings.
Feb 25 09:07:33 dionysos ool openmediavault-webgui[696197]: Unknown or deprecated time zone [tz=]. Please reconfigure your time zone settings.
Feb 25 09:07:33 dionysos ool openmediavault-webgui[696197]: Unknown or deprecated time zone [tz=]. Please reconfigure your time zone settings.
Feb 25 09:07:39 dionysos ool openmediavault-webgui[696197]: Unknown or deprecated time zone [tz=]. Please reconfigure your time zone settings.
Feb 25 09:09:01 dionysos CRON[697575]: pam_unix(cron:session): session opened for user root(uid=0) by (uid=0)
Feb 25 09:09:01 dionysos CRON[697575]: pam_unix(cron:session): session closed for user root
Feb 25 09:15:01 dionysos CRON[702017]: pam_unix(cron:session): session opened for user root(uid=0) by (uid=0)
Feb 25 09:15:02 dionysos CRON[702017]: pam_unix(cron:session): session closed for user root
Feb 25 09:15:54 dionysos openmediavault-webgui[702690]: Authorized login from 192.168.1.20 [username=admin, user-agent=Mozilla/5.0 (Windows NT 10.0; Win64; x64; rv:123.0) Gecko/20100101 Firefox/123.0]
Feb 25 09:15:54 dionysos ool openmediavault-webgui[702690]: Unknown or deprecated time zone [tz=]. Please reconfigure your time zone settings.
Feb 25 09:15:55 dionysos ool openmediavault-webgui[702690]: Unknown or deprecated time zone [tz=]. Please reconfigure your time zone settings.
Feb 25 09:16:00 dionysos ool openmediavault-webgui[702690]: Unknown or deprecated time zone [tz=]. Please reconfigure your time zone settings.
Feb 25 09:16:52 dionysos usermod[703771]: add 'Martin' to group 'sudo'
Feb 25 09:16:52 dionysos usermod[703771]: add 'Martin' to shadow group 'sudo'
Feb 25 09:17:01 dionysos CRON[704528]: pam_unix(cron:session): session opened for user root(uid=0) by (uid=0)
Feb 25 09:17:01 dionysos CRON[704528]: pam_unix(cron:session): session closed for user root
Feb 25 09:17:28 dionysos usermod[704907]: delete 'Martin' from group 'sudo'
Feb 25 09:17:28 dionysos usermod[704907]: delete 'Martin' from shadow group 'sudo'
Feb 25 09:19:15 dionysos sshd[680425]: pam_unix(sshd:session): session closed for user root
Feb 25 09:19:41 dionysos sshd[710281]: pam_unix(sshd:auth): authentication failure; logname= uid=0 euid=0 tty=ssh ruser= rhost=192.168.1.20  user=Martin
Feb 25 09:19:44 dionysos sshd[710281]: Failed password for Martin from 192.168.1.20 port 61128 ssh2
Feb 25 09:19:51 dionysos sshd[710281]: Failed password for Martin from 192.168.1.20 port 61128 ssh2
Feb 25 09:20:00 dionysos sshd[710281]: Failed password for Martin from 192.168.1.20 port 61128 ssh2
Feb 25 09:20:20 dionysos sshd[710281]: Failed password for Martin from 192.168.1.20 port 61128 ssh2
Feb 25 09:22:38 dionysos sshd[712056]: pam_unix(sshd:auth): authentication failure; logname= uid=0 euid=0 tty=ssh ruser= rhost=192.168.1.73  user=Martin
Feb 25 09:22:40 dionysos sshd[712056]: Failed password for Martin from 192.168.1.73 port 39677 ssh2
Feb 25 09:22:49 dionysos sshd[712056]: Failed password for Martin from 192.168.1.73 port 39677 ssh2
Feb 25 09:22:52 dionysos sshd[712787]: Accepted publickey for Leonard from 192.168.1.20 port 61189 ssh2: RSA SHA256:8ZaJmyzuMeD+o2ZLQ6EV2QaDlmGoDhl4hOAf22qA0UI
Feb 25 09:22:52 dionysos sshd[712787]: pam_unix(sshd:session): session opened for user Leonard(uid=1000) by (uid=0)
Feb 25 09:23:55 dionysos sshd[712787]: pam_unix(sshd:session): session closed for user Leonard
Feb 25 09:24:31 dionysos openmediavault-webgui[713833]: Authorized login from 192.168.1.20 [username=admin, user-agent=Mozilla/5.0 (Windows NT 10.0; Win64; x64; rv:123.0) Gecko/20100101 Firefox/123.0]
Feb 25 09:24:31 dionysos ool openmediavault-webgui[713833]: Unknown or deprecated time zone [tz=]. Please reconfigure your time zone settings.
Feb 25 09:24:32 dionysos ool openmediavault-webgui[713833]: Unknown or deprecated time zone [tz=]. Please reconfigure your time zone settings.
Feb 25 09:24:39 dionysos ool openmediavault-webgui[713833]: Unknown or deprecated time zone [tz=]. Please reconfigure your time zone settings.
Feb 25 09:24:47 dionysos ool openmediavault-webgui[713833]: Unknown or deprecated time zone [tz=]. Please reconfigure your time zone settings.
Feb 25 09:28:10 dionysos sshd[717732]: Accepted publickey for Martin from 192.168.1.73 port 46683 ssh2: RSA SHA256:FKWMc0Iy/JuTDBnj72fCIpT0MNUlijIy4tBsocXobac
Feb 25 09:28:10 dionysos sshd[717732]: pam_unix(sshd:session): session opened for user Martin(uid=1001) by (uid=0)
Feb 25 09:30:01 dionysos CRON[719240]: pam_unix(cron:session): session opened for user root(uid=0) by (uid=0)
Feb 25 09:30:01 dionysos CRON[719241]: pam_unix(cron:session): session opened for user root(uid=0) by (uid=0)
Feb 25 09:30:01 dionysos CRON[719241]: pam_unix(cron:session): session closed for user root
Feb 25 09:30:03 dionysos CRON[719240]: pam_unix(cron:session): session closed for user root
Feb 25 09:31:29 dionysos sshd[720934]: Accepted publickey for Leonard from 192.168.1.20 port 61366 ssh2: RSA SHA256:8ZaJmyzuMeD+o2ZLQ6EV2QaDlmGoDhl4hOAf22qA0UI
Feb 25 09:31:29 dionysos sshd[720934]: pam_unix(sshd:session): session opened for user Leonard(uid=1000) by (uid=0)
Feb 25 09:34:27 dionysos sshd[717732]: pam_unix(sshd:session): session closed for user Martin
Feb 25 09:35:09 dionysos userdel[723785]: delete user 'docker2'
Feb 25 09:35:09 dionysos userdel[723785]: delete 'docker2' from group 'sudo'
Feb 25 09:35:09 dionysos userdel[723785]: delete 'docker2' from group 'users'
Feb 25 09:35:09 dionysos userdel[723785]: delete 'docker2' from shadow group 'sudo'
Feb 25 09:35:09 dionysos userdel[723785]: delete 'docker2' from shadow group 'users'
Feb 25 09:37:46 dionysos openmediavault-webgui[726112]: Authorized login from 192.168.1.20 [username=admin, user-agent=Mozilla/5.0 (Windows NT 10.0; Win64; x64; rv:123.0) Gecko/20100101 Firefox/123.0]
Feb 25 09:37:47 dionysos ool openmediavault-webgui[726112]: Unknown or deprecated time zone [tz=]. Please reconfigure your time zone settings.
Feb 25 09:37:48 dionysos ool openmediavault-webgui[726112]: Unknown or deprecated time zone [tz=]. Please reconfigure your time zone settings.
Feb 25 09:37:48 dionysos ool openmediavault-webgui[726112]: Unknown or deprecated time zone [tz=]. Please reconfigure your time zone settings.
Feb 25 09:37:53 dionysos ool openmediavault-webgui[726112]: Unknown or deprecated time zone [tz=]. Please reconfigure your time zone settings.
Feb 25 09:38:03 dionysos usermod[726567]: delete 'Leonard' from group 'sudo'
Feb 25 09:38:03 dionysos usermod[726567]: add 'Leonard' to group 'users'
Feb 25 09:38:03 dionysos usermod[726567]: delete 'Leonard' from shadow group 'sudo'
Feb 25 09:38:03 dionysos usermod[726567]: add 'Leonard' to shadow group 'users'
Feb 25 09:39:01 dionysos CRON[728018]: pam_unix(cron:session): session opened for user root(uid=0) by (uid=0)
Feb 25 09:39:01 dionysos CRON[728018]: pam_unix(cron:session): session closed for user root
Feb 25 09:39:24 dionysos useradd[728353]: new user: name=Michele, UID=1002, GID=100, home=/srv/dev-disk-by-uuid-83a031fc-30ee-4429-ad4f-868802f6b855/Users/Michele, shell=/bin/sh, from=none
Feb 25 09:39:24 dionysos useradd[728353]: add 'Michele' to group 'users'
Feb 25 09:39:24 dionysos useradd[728353]: add 'Michele' to shadow group 'users'
Feb 25 09:39:24 dionysos chpasswd[728361]: pam_unix(chpasswd:chauthtok): password changed for Michele
Feb 25 09:40:45 dionysos userdel[729831]: delete user 'Michele'
Feb 25 09:40:45 dionysos userdel[729831]: delete 'Michele' from group 'users'
Feb 25 09:40:45 dionysos userdel[729831]: delete 'Michele' from shadow group 'users'
Feb 25 09:43:06 dionysos chpasswd[732238]: pam_unix(chpasswd:chauthtok): password changed for Martin
Feb 25 09:45:01 dionysos CRON[734342]: pam_unix(cron:session): session opened for user root(uid=0) by (uid=0)
Feb 25 09:45:02 dionysos CRON[734342]: pam_unix(cron:session): session closed for user root
Feb 25 09:58:19 dionysos openmediavault-webgui[743068]: Authorized login from 192.168.1.20 [username=admin, user-agent=Mozilla/5.0 (Windows NT 10.0; Win64; x64; rv:123.0) Gecko/20100101 Firefox/123.0]
Feb 25 09:58:19 dionysos ool openmediavault-webgui[743068]: Unknown or deprecated time zone [tz=]. Please reconfigure your time zone settings.
Feb 25 09:58:20 dionysos ool openmediavault-webgui[743068]: Unknown or deprecated time zone [tz=]. Please reconfigure your time zone settings.
Feb 25 09:58:20 dionysos ool openmediavault-webgui[743068]: Unknown or deprecated time zone [tz=]. Please reconfigure your time zone settings.
Feb 25 09:58:25 dionysos ool openmediavault-webgui[743068]: Unknown or deprecated time zone [tz=]. Please reconfigure your time zone settings.
Feb 25 09:59:14 dionysos sshd[720934]: pam_unix(sshd:session): session closed for user Leonard
Feb 25 09:59:15 dionysos sshd[611]: Received signal 15; terminating.
Feb 25 09:59:15 dionysos sshd[744233]: Server listening on 0.0.0.0 port 56147.
Feb 25 09:59:15 dionysos sshd[744233]: Server listening on :: port 56147.
Feb 25 09:59:23 dionysos sshd[744361]: Accepted publickey for Martin from 192.168.1.73 port 39755 ssh2: RSA SHA256:FKWMc0Iy/JuTDBnj72fCIpT0MNUlijIy4tBsocXobac
Feb 25 09:59:23 dionysos sshd[744361]: pam_unix(sshd:session): session opened for user Martin(uid=1001) by (uid=0)
Feb 25 09:59:35 dionysos sshd[744361]: pam_unix(sshd:session): session closed for user Martin
Feb 25 10:00:01 dionysos CRON[744787]: pam_unix(cron:session): session opened for user root(uid=0) by (uid=0)
Feb 25 10:00:02 dionysos CRON[744787]: pam_unix(cron:session): session closed for user root
Feb 25 10:01:11 dionysos proftpd: pam_unix(proftpd:session): session opened for user Leonard(uid=1000) by (uid=0)
Feb 25 10:04:29 dionysos proftpd: pam_unix(proftpd:session): session opened for user Martin(uid=1001) by (uid=0)
Feb 25 10:05:11 dionysos proftpd: pam_unix(proftpd:session): session opened for user Martin(uid=1001) by (uid=0)
Feb 25 10:05:58 dionysos proftpd: pam_unix(proftpd:session): session closed for user Leonard
Feb 25 10:06:52 dionysos proftpd: pam_unix(proftpd:session): session opened for user Leonard(uid=1000) by (uid=0)
Feb 25 10:08:16 dionysos proftpd: pam_unix(proftpd:session): session closed for user Leonard
Feb 25 10:08:17 dionysos proftpd: pam_unix(proftpd:session): session closed for user Martin
Feb 25 10:08:19 dionysos proftpd: pam_unix(proftpd:session): session closed for user Martin
Feb 25 10:09:01 dionysos CRON[751310]: pam_unix(cron:session): session opened for user root(uid=0) by (uid=0)
Feb 25 10:09:01 dionysos CRON[751310]: pam_unix(cron:session): session closed for user root
Feb 25 10:15:01 dionysos CRON[755120]: pam_unix(cron:session): session opened for user root(uid=0) by (uid=0)
Feb 25 10:15:02 dionysos CRON[755120]: pam_unix(cron:session): session closed for user root
Feb 25 10:17:01 dionysos CRON[756439]: pam_unix(cron:session): session opened for user root(uid=0) by (uid=0)
Feb 25 10:17:01 dionysos CRON[756439]: pam_unix(cron:session): session closed for user root
Feb 25 10:30:01 dionysos CRON[764074]: pam_unix(cron:session): session opened for user root(uid=0) by (uid=0)
Feb 25 10:30:01 dionysos CRON[764075]: pam_unix(cron:session): session opened for user root(uid=0) by (uid=0)
Feb 25 10:30:01 dionysos CRON[764075]: pam_unix(cron:session): session closed for user root
Feb 25 10:30:03 dionysos CRON[764074]: pam_unix(cron:session): session closed for user root
Feb 25 10:39:01 dionysos CRON[769178]: pam_unix(cron:session): session opened for user root(uid=0) by (uid=0)
Feb 25 10:39:01 dionysos CRON[769178]: pam_unix(cron:session): session closed for user root
Feb 25 10:45:01 dionysos CRON[772586]: pam_unix(cron:session): session opened for user root(uid=0) by (uid=0)
Feb 25 10:45:02 dionysos CRON[772586]: pam_unix(cron:session): session closed for user root
Feb 25 11:00:01 dionysos CRON[780932]: pam_unix(cron:session): session opened for user root(uid=0) by (uid=0)
Feb 25 11:00:02 dionysos CRON[780932]: pam_unix(cron:session): session closed for user root
Feb 25 11:09:01 dionysos CRON[786035]: pam_unix(cron:session): session opened for user root(uid=0) by (uid=0)
Feb 25 11:09:01 dionysos CRON[786035]: pam_unix(cron:session): session closed for user root
Feb 25 11:15:01 dionysos CRON[789460]: pam_unix(cron:session): session opened for user root(uid=0) by (uid=0)
Feb 25 11:15:02 dionysos CRON[789460]: pam_unix(cron:session): session closed for user root
Feb 25 11:17:01 dionysos CRON[790675]: pam_unix(cron:session): session opened for user root(uid=0) by (uid=0)
Feb 25 11:17:01 dionysos CRON[790675]: pam_unix(cron:session): session closed for user root
Feb 25 11:30:01 dionysos CRON[797910]: pam_unix(cron:session): session opened for user root(uid=0) by (uid=0)
Feb 25 11:30:01 dionysos CRON[797911]: pam_unix(cron:session): session opened for user root(uid=0) by (uid=0)
Feb 25 11:30:01 dionysos CRON[797911]: pam_unix(cron:session): session closed for user root
Feb 25 11:30:03 dionysos CRON[797910]: pam_unix(cron:session): session closed for user root
Feb 25 11:39:01 dionysos CRON[802986]: pam_unix(cron:session): session opened for user root(uid=0) by (uid=0)
Feb 25 11:39:01 dionysos CRON[802986]: pam_unix(cron:session): session closed for user root
Feb 25 11:45:01 dionysos CRON[806375]: pam_unix(cron:session): session opened for user root(uid=0) by (uid=0)
Feb 25 11:45:02 dionysos CRON[806375]: pam_unix(cron:session): session closed for user root
Feb 25 12:00:01 dionysos CRON[814804]: pam_unix(cron:session): session opened for user root(uid=0) by (uid=0)
Feb 25 12:00:02 dionysos CRON[814804]: pam_unix(cron:session): session closed for user root
Feb 25 12:09:01 dionysos CRON[819915]: pam_unix(cron:session): session opened for user root(uid=0) by (uid=0)
Feb 25 12:09:01 dionysos CRON[819915]: pam_unix(cron:session): session closed for user root
Feb 25 12:15:01 dionysos CRON[823321]: pam_unix(cron:session): session opened for user root(uid=0) by (uid=0)
Feb 25 12:15:02 dionysos CRON[823321]: pam_unix(cron:session): session closed for user root
Feb 25 12:17:01 dionysos CRON[824541]: pam_unix(cron:session): session opened for user root(uid=0) by (uid=0)
Feb 25 12:17:01 dionysos CRON[824541]: pam_unix(cron:session): session closed for user root
Feb 25 12:30:01 dionysos CRON[831755]: pam_unix(cron:session): session opened for user root(uid=0) by (uid=0)
Feb 25 12:30:01 dionysos CRON[831756]: pam_unix(cron:session): session opened for user root(uid=0) by (uid=0)
Feb 25 12:30:01 dionysos CRON[831756]: pam_unix(cron:session): session closed for user root
Feb 25 12:30:03 dionysos CRON[831755]: pam_unix(cron:session): session closed for user root
Feb 25 12:39:01 dionysos CRON[836878]: pam_unix(cron:session): session opened for user root(uid=0) by (uid=0)
Feb 25 12:39:01 dionysos CRON[836878]: pam_unix(cron:session): session closed for user root
Feb 25 12:45:01 dionysos CRON[840288]: pam_unix(cron:session): session opened for user root(uid=0) by (uid=0)
Feb 25 12:45:02 dionysos CRON[840288]: pam_unix(cron:session): session closed for user root
Feb 25 13:00:01 dionysos CRON[848656]: pam_unix(cron:session): session opened for user root(uid=0) by (uid=0)
Feb 25 13:00:02 dionysos CRON[848656]: pam_unix(cron:session): session closed for user root
Feb 25 13:09:01 dionysos CRON[853752]: pam_unix(cron:session): session opened for user root(uid=0) by (uid=0)
Feb 25 13:09:01 dionysos CRON[853752]: pam_unix(cron:session): session closed for user root
Feb 25 13:15:01 dionysos CRON[857165]: pam_unix(cron:session): session opened for user root(uid=0) by (uid=0)
Feb 25 13:15:02 dionysos CRON[857165]: pam_unix(cron:session): session closed for user root
Feb 25 13:17:01 dionysos CRON[858373]: pam_unix(cron:session): session opened for user root(uid=0) by (uid=0)
Feb 25 13:17:01 dionysos CRON[858373]: pam_unix(cron:session): session closed for user root
Feb 25 13:30:01 dionysos CRON[865610]: pam_unix(cron:session): session opened for user root(uid=0) by (uid=0)
Feb 25 13:30:01 dionysos CRON[865611]: pam_unix(cron:session): session opened for user root(uid=0) by (uid=0)
Feb 25 13:30:01 dionysos CRON[865611]: pam_unix(cron:session): session closed for user root
Feb 25 13:30:03 dionysos CRON[865610]: pam_unix(cron:session): session closed for user root
Feb 25 13:39:01 dionysos CRON[870707]: pam_unix(cron:session): session opened for user root(uid=0) by (uid=0)
Feb 25 13:39:01 dionysos CRON[870707]: pam_unix(cron:session): session closed for user root
Feb 25 13:45:01 dionysos CRON[874111]: pam_unix(cron:session): session opened for user root(uid=0) by (uid=0)
Feb 25 13:45:02 dionysos CRON[874111]: pam_unix(cron:session): session closed for user root
Feb 25 14:00:01 dionysos CRON[882542]: pam_unix(cron:session): session opened for user root(uid=0) by (uid=0)
Feb 25 14:00:02 dionysos CRON[882542]: pam_unix(cron:session): session closed for user root
Feb 25 14:06:36 dionysos openmediavault-webgui[886276]: Authorized login from 192.168.1.20 [username=admin, user-agent=Mozilla/5.0 (Windows NT 10.0; Win64; x64; rv:123.0) Gecko/20100101 Firefox/123.0]
Feb 25 14:06:36 dionysos ool openmediavault-webgui[886276]: Unknown or deprecated time zone [tz=]. Please reconfigure your time zone settings.
Feb 25 14:06:38 dionysos ool openmediavault-webgui[886276]: Unknown or deprecated time zone [tz=]. Please reconfigure your time zone settings.
Feb 25 14:06:38 dionysos ool openmediavault-webgui[886276]: Unknown or deprecated time zone [tz=]. Please reconfigure your time zone settings.
Feb 25 14:06:46 dionysos ool openmediavault-webgui[886276]: Unknown or deprecated time zone [tz=]. Please reconfigure your time zone settings.
Feb 25 14:09:01 dionysos CRON[888733]: pam_unix(cron:session): session opened for user root(uid=0) by (uid=0)
Feb 25 14:09:01 dionysos CRON[888733]: pam_unix(cron:session): session closed for user root
Feb 25 14:11:23 dionysos sshd[890462]: Accepted publickey for Leonard from 192.168.1.20 port 63681 ssh2: RSA SHA256:8ZaJmyzuMeD+o2ZLQ6EV2QaDlmGoDhl4hOAf22qA0UI
Feb 25 14:11:23 dionysos sshd[890462]: pam_unix(sshd:session): session opened for user Leonard(uid=1000) by (uid=0)
Feb 25 14:15:01 dionysos CRON[893167]: pam_unix(cron:session): session opened for user root(uid=0) by (uid=0)
Feb 25 14:15:02 dionysos CRON[893167]: pam_unix(cron:session): session closed for user root
Feb 25 14:16:36 dionysos sudo:  Leonard : user NOT in sudoers ; TTY=pts/0 ; PWD=/var/log ; USER=root ; COMMAND=/usr/bin/nano syslog
Feb 25 14:16:44 dionysos sshd[890462]: pam_unix(sshd:session): session closed for user Leonard
Feb 25 14:16:59 dionysos sshd[894277]: pam_unix(sshd:auth): authentication failure; logname= uid=0 euid=0 tty=ssh ruser= rhost=192.168.1.20  user=root
Feb 25 14:17:00 dionysos sshd[894277]: Failed password for root from 192.168.1.20 port 63841 ssh2
Feb 25 14:17:01 dionysos CRON[894521]: pam_unix(cron:session): session opened for user root(uid=0) by (uid=0)
Feb 25 14:17:01 dionysos CRON[894521]: pam_unix(cron:session): session closed for user root
Feb 25 14:17:10 dionysos openmediavault-webgui[894546]: Authorized login from 192.168.1.20 [username=admin, user-agent=Mozilla/5.0 (Windows NT 10.0; Win64; x64; rv:123.0) Gecko/20100101 Firefox/123.0]
Feb 25 14:17:22 dionysos usermod[895061]: add 'Leonard' to group 'sudo'
Feb 25 14:17:22 dionysos usermod[895061]: add 'Leonard' to shadow group 'sudo'
Feb 25 14:17:31 dionysos sshd[894277]: error: Received disconnect from 192.168.1.20 port 63841:13: Unable to authenticate [preauth]
Feb 25 14:17:31 dionysos sshd[894277]: Disconnected from authenticating user root 192.168.1.20 port 63841 [preauth]
Feb 25 14:17:40 dionysos sshd[895927]: Accepted publickey for Leonard from 192.168.1.20 port 63867 ssh2: RSA SHA256:8ZaJmyzuMeD+o2ZLQ6EV2QaDlmGoDhl4hOAf22qA0UI
Feb 25 14:17:40 dionysos sshd[895927]: pam_unix(sshd:session): session opened for user Leonard(uid=1000) by (uid=0)
Feb 25 14:17:58 dionysos sudo:  Leonard : TTY=pts/0 ; PWD=/var/log ; USER=root ; COMMAND=/usr/bin/nano syslog
Feb 25 14:17:58 dionysos sudo: pam_unix(sudo:session): session opened for user root(uid=0) by Leonard(uid=1000)
Feb 25 14:18:36 dionysos sudo: pam_unix(sudo:session): session closed for user root
Feb 25 14:20:27 dionysos sshd[897955]: Connection closed by 192.168.1.20 port 63995 [preauth]
Feb 25 14:21:57 dionysos sudo:  Leonard : TTY=pts/0 ; PWD=/var/log ; USER=root ; COMMAND=/usr/bin/cp syslog /TEMP
Feb 25 14:21:57 dionysos sudo: pam_unix(sudo:session): session opened for user root(uid=0) by Leonard(uid=1000)
Feb 25 14:21:57 dionysos sudo: pam_unix(sudo:session): session closed for user root
Feb 25 14:24:12 dionysos sshd[895927]: pam_unix(sshd:session): session closed for user Leonard
Feb 25 14:24:25 dionysos sshd[900396]: Accepted publickey for Leonard from 192.168.1.20 port 64049 ssh2: RSA SHA256:8ZaJmyzuMeD+o2ZLQ6EV2QaDlmGoDhl4hOAf22qA0UI
Feb 25 14:24:25 dionysos sshd[900396]: pam_unix(sshd:session): session opened for user Leonard(uid=1000) by (uid=0)
Feb 25 14:25:07 dionysos sudo:  Leonard : TTY=pts/0 ; PWD=/var/log ; USER=root ; COMMAND=/usr/bin/cp syslog /home/ -r
Feb 25 14:25:07 dionysos sudo: pam_unix(sudo:session): session opened for user root(uid=0) by Leonard(uid=1000)
Feb 25 14:25:07 dionysos sudo: pam_unix(sudo:session): session closed for user root
Feb 25 14:25:57 dionysos sshd[901399]: Connection reset by 192.168.1.20 port 64077 [preauth]
Feb 25 14:30:01 dionysos CRON[903692]: pam_unix(cron:session): session opened for user root(uid=0) by (uid=0)
Feb 25 14:30:01 dionysos CRON[903693]: pam_unix(cron:session): session opened for user root(uid=0) by (uid=0)
Feb 25 14:30:01 dionysos CRON[903693]: pam_unix(cron:session): session closed for user root
Feb 25 14:30:03 dionysos CRON[903692]: pam_unix(cron:session): session closed for user root
Feb 25 14:31:21 dionysos sshd[904365]: pam_unix(sshd:auth): authentication failure; logname= uid=0 euid=0 tty=ssh ruser= rhost=192.168.1.20  user=root
Feb 25 14:31:24 dionysos sshd[904365]: Failed password for root from 192.168.1.20 port 64188 ssh2
Feb 25 14:31:30 dionysos openmediavault-webgui[904618]: Authorized login from 192.168.1.20 [username=admin, user-agent=Mozilla/5.0 (Windows NT 10.0; Win64; x64; rv:123.0) Gecko/20100101 Firefox/123.0]
Feb 25 14:31:56 dionysos sshd[744233]: Received signal 15; terminating.
Feb 25 14:31:56 dionysos sshd[905370]: Server listening on 0.0.0.0 port 56147.
Feb 25 14:31:56 dionysos sshd[905370]: Server listening on :: port 56147.
Feb 25 14:32:04 dionysos sshd[904365]: Failed password for root from 192.168.1.20 port 64188 ssh2
Feb 25 14:32:06 dionysos sshd[904365]: Connection reset by authenticating user root 192.168.1.20 port 64188 [preauth]
Feb 25 14:32:06 dionysos sshd[904365]: PAM 1 more authentication failure; logname= uid=0 euid=0 tty=ssh ruser= rhost=192.168.1.20  user=root
Feb 25 14:32:13 dionysos sshd[905517]: Accepted password for root from 192.168.1.20 port 64201 ssh2
Feb 25 14:32:13 dionysos sshd[905517]: pam_unix(sshd:session): session opened for user root(uid=0) by (uid=0)
Feb 25 14:32:14 dionysos sshd[905517]: Received disconnect from 192.168.1.20 port 64201:11: disconnected by user
Feb 25 14:32:14 dionysos sshd[905517]: Disconnected from user root 192.168.1.20 port 64201
Feb 25 14:32:14 dionysos sshd[905517]: pam_unix(sshd:session): session closed for user root
Feb 25 14:33:21 dionysos sshd[906284]: Accepted password for root from 192.168.1.20 port 64214 ssh2
Feb 25 14:33:21 dionysos sshd[906284]: pam_unix(sshd:session): session opened for user root(uid=0) by (uid=0)
Feb 25 14:33:21 dionysos sshd[906284]: Received disconnect from 192.168.1.20 port 64214:11: disconnected by user
Feb 25 14:33:21 dionysos sshd[906284]: Disconnected from user root 192.168.1.20 port 64214
Feb 25 14:33:21 dionysos sshd[906284]: pam_unix(sshd:session): session closed for user root
Feb 25 14:33:42 dionysos sshd[906605]: Accepted password for root from 192.168.1.20 port 64219 ssh2
Feb 25 14:33:42 dionysos sshd[906605]: pam_unix(sshd:session): session opened for user root(uid=0) by (uid=0)
Feb 25 14:33:42 dionysos sshd[906605]: Received disconnect from 192.168.1.20 port 64219:11: disconnected by user
Feb 25 14:33:42 dionysos sshd[906605]: Disconnected from user root 192.168.1.20 port 64219
Feb 25 14:33:42 dionysos sshd[906605]: pam_unix(sshd:session): session closed for user root
Feb 25 14:34:17 dionysos sshd[906992]: Accepted password for root from 192.168.1.20 port 64257 ssh2
Feb 25 14:34:17 dionysos sshd[906992]: pam_unix(sshd:session): session opened for user root(uid=0) by (uid=0)
Feb 25 14:34:41 dionysos sshd[906992]: Received disconnect from 192.168.1.20 port 64257:11: disconnected by user
Feb 25 14:34:41 dionysos sshd[906992]: Disconnected from user root 192.168.1.20 port 64257
Feb 25 14:34:41 dionysos sshd[906992]: pam_unix(sshd:session): session closed for user root
Feb 25 14:34:56 dionysos sshd[907407]: Accepted password for root from 192.168.1.20 port 64271 ssh2
Feb 25 14:34:56 dionysos sshd[907407]: pam_unix(sshd:session): session opened for user root(uid=0) by (uid=0)
Feb 25 14:34:56 dionysos sshd[907407]: Received disconnect from 192.168.1.20 port 64271:11: disconnected by user
Feb 25 14:34:56 dionysos sshd[907407]: Disconnected from user root 192.168.1.20 port 64271
Feb 25 14:34:56 dionysos sshd[907407]: pam_unix(sshd:session): session closed for user root
Feb 25 14:35:34 dionysos sshd[907948]: Accepted password for root from 192.168.1.20 port 64282 ssh2
Feb 25 14:35:34 dionysos sshd[907948]: pam_unix(sshd:session): session opened for user root(uid=0) by (uid=0)
Feb 25 14:35:34 dionysos sshd[907948]: Received disconnect from 192.168.1.20 port 64282:11: disconnected by user
Feb 25 14:35:34 dionysos sshd[907948]: Disconnected from user root 192.168.1.20 port 64282
Feb 25 14:35:34 dionysos sshd[907948]: pam_unix(sshd:session): session closed for user root
Feb 25 14:36:01 dionysos sshd[908294]: Accepted password for root from 192.168.1.20 port 64286 ssh2
Feb 25 14:36:01 dionysos sshd[908294]: pam_unix(sshd:session): session opened for user root(uid=0) by (uid=0)
Feb 25 14:36:01 dionysos sshd[908294]: Received disconnect from 192.168.1.20 port 64286:11: disconnected by user
Feb 25 14:36:01 dionysos sshd[908294]: Disconnected from user root 192.168.1.20 port 64286
Feb 25 14:36:01 dionysos sshd[908294]: pam_unix(sshd:session): session closed for user root
Feb 25 14:36:19 dionysos sshd[908478]: Accepted password for root from 192.168.1.20 port 64292 ssh2
Feb 25 14:36:19 dionysos sshd[908478]: pam_unix(sshd:session): session opened for user root(uid=0) by (uid=0)
Feb 25 14:36:19 dionysos sshd[908478]: Received disconnect from 192.168.1.20 port 64292:11: disconnected by user
Feb 25 14:36:19 dionysos sshd[908478]: Disconnected from user root 192.168.1.20 port 64292
Feb 25 14:36:19 dionysos sshd[908478]: pam_unix(sshd:session): session closed for user root
Feb 25 14:36:55 dionysos sshd[908870]: Accepted password for root from 192.168.1.20 port 64299 ssh2
Feb 25 14:36:55 dionysos sshd[908870]: pam_unix(sshd:session): session opened for user root(uid=0) by (uid=0)
Feb 25 14:36:57 dionysos sshd[908870]: Received disconnect from 192.168.1.20 port 64299:11: disconnected by user
Feb 25 14:36:57 dionysos sshd[908870]: Disconnected from user root 192.168.1.20 port 64299
Feb 25 14:36:57 dionysos sshd[908870]: pam_unix(sshd:session): session closed for user root
Feb 25 14:37:26 dionysos sshd[909184]: Accepted password for root from 192.168.1.20 port 64308 ssh2
Feb 25 14:37:26 dionysos sshd[909184]: pam_unix(sshd:session): session opened for user root(uid=0) by (uid=0)
Feb 25 14:37:26 dionysos sshd[909184]: Received disconnect from 192.168.1.20 port 64308:11: disconnected by user
Feb 25 14:37:26 dionysos sshd[909184]: Disconnected from user root 192.168.1.20 port 64308
Feb 25 14:37:26 dionysos sshd[909184]: pam_unix(sshd:session): session closed for user root
Feb 25 14:38:35 dionysos sshd[909892]: Accepted password for root from 192.168.1.20 port 64328 ssh2
Feb 25 14:38:35 dionysos sshd[909892]: pam_unix(sshd:session): session opened for user root(uid=0) by (uid=0)
