2024-02-01 19:10:58 startup archives unpack
2024-02-01 19:10:58 upgrade firmware-ath9k-htc:all 1.4.0-106-gc583009+dfsg1-1 1.4.0-108-gd856466+dfsg1-1.3~bpo11+1
2024-02-01 19:10:58 status half-configured firmware-ath9k-htc:all 1.4.0-106-gc583009+dfsg1-1
2024-02-01 19:10:58 status unpacked firmware-ath9k-htc:all 1.4.0-106-gc583009+dfsg1-1
2024-02-01 19:10:58 status half-installed firmware-ath9k-htc:all 1.4.0-106-gc583009+dfsg1-1
2024-02-01 19:10:58 status unpacked firmware-ath9k-htc:all 1.4.0-108-gd856466+dfsg1-1.3~bpo11+1
2024-02-01 19:10:58 startup packages configure
2024-02-01 19:10:58 configure firmware-ath9k-htc:all 1.4.0-108-gd856466+dfsg1-1.3~bpo11+1 <none>
2024-02-01 19:10:58 status unpacked firmware-ath9k-htc:all 1.4.0-108-gd856466+dfsg1-1.3~bpo11+1
2024-02-01 19:10:58 status half-configured firmware-ath9k-htc:all 1.4.0-108-gd856466+dfsg1-1.3~bpo11+1
2024-02-01 19:10:58 status installed firmware-ath9k-htc:all 1.4.0-108-gd856466+dfsg1-1.3~bpo11+1
2024-02-01 19:29:47 startup archives unpack
2024-02-01 19:29:48 install openmediavault-filebrowser:all <none> 6.0.8-1
2024-02-01 19:29:48 status triggers-pending openmediavault:all 6.9.12-2
2024-02-01 19:29:48 status half-installed openmediavault-filebrowser:all 6.0.8-1
2024-02-01 19:29:48 status unpacked openmediavault-filebrowser:all 6.0.8-1
2024-02-01 19:29:48 startup packages configure
2024-02-01 19:29:48 configure openmediavault-filebrowser:all 6.0.8-1 <none>
2024-02-01 19:29:48 status unpacked openmediavault-filebrowser:all 6.0.8-1
2024-02-01 19:29:48 status half-configured openmediavault-filebrowser:all 6.0.8-1
2024-02-01 19:29:54 status triggers-awaited openmediavault-filebrowser:all 6.0.8-1
2024-02-01 19:29:54 status triggers-pending openmediavault:all 6.9.12-2
2024-02-01 19:29:54 trigproc openmediavault:all 6.9.12-2 <none>
2024-02-01 19:29:54 status half-configured openmediavault:all 6.9.12-2
2024-02-01 19:29:54 status installed openmediavault-filebrowser:all 6.0.8-1
2024-02-01 19:29:55 status installed openmediavault:all 6.9.12-2
2024-02-02 15:50:23 startup archives unpack
2024-02-02 15:50:23 upgrade openmediavault:all 6.9.12-2 6.9.12-3
2024-02-02 15:50:23 status half-configured openmediavault:all 6.9.12-2
2024-02-02 15:50:23 status unpacked openmediavault:all 6.9.12-2
2024-02-02 15:50:23 status half-installed openmediavault:all 6.9.12-2
2024-02-02 15:50:23 status triggers-pending rsyslog:amd64 8.2102.0-2+deb11u1
2024-02-02 15:50:23 status unpacked openmediavault:all 6.9.12-3
2024-02-02 15:50:23 startup packages configure
2024-02-02 15:50:23 configure openmediavault:all 6.9.12-3 <none>
2024-02-02 15:50:23 status unpacked openmediavault:all 6.9.12-3
2024-02-02 15:50:24 status half-configured openmediavault:all 6.9.12-3
2024-02-02 15:50:43 status installed openmediavault:all 6.9.12-3
2024-02-02 15:50:43 status triggers-pending openmediavault:all 6.9.12-3
2024-02-02 15:50:43 status triggers-awaited openmediavault:all 6.9.12-3
2024-02-02 15:50:43 trigproc rsyslog:amd64 8.2102.0-2+deb11u1 <none>
2024-02-02 15:50:43 status half-configured rsyslog:amd64 8.2102.0-2+deb11u1
2024-02-02 15:50:43 status installed rsyslog:amd64 8.2102.0-2+deb11u1
2024-02-02 15:50:43 trigproc openmediavault:all 6.9.12-3 <none>
2024-02-02 15:50:43 status half-configured openmediavault:all 6.9.12-3
2024-02-02 15:50:44 status installed openmediavault:all 6.9.12-3
2024-02-02 16:23:11 startup archives install
2024-02-02 16:23:11 install openmediavault-omvextrasorg:all <none> 6.3.6
2024-02-02 16:23:11 status triggers-pending openmediavault:all 6.9.12-3
2024-02-02 16:23:11 status half-installed openmediavault-omvextrasorg:all 6.3.6
2024-02-02 16:23:11 status unpacked openmediavault-omvextrasorg:all 6.3.6
2024-02-02 16:23:11 configure openmediavault-omvextrasorg:all 6.3.6 6.3.6
2024-02-02 16:23:11 status half-configured openmediavault-omvextrasorg:all 6.3.6
2024-02-02 16:23:18 status triggers-awaited openmediavault-omvextrasorg:all 6.3.6
2024-02-02 16:23:18 trigproc openmediavault:all 6.9.12-3 <none>
2024-02-02 16:23:18 status half-configured openmediavault:all 6.9.12-3
2024-02-02 16:23:18 status installed openmediavault-omvextrasorg:all 6.3.6
2024-02-02 16:23:19 status installed openmediavault:all 6.9.12-3
2024-02-02 16:24:39 startup archives unpack
2024-02-02 16:24:39 install clamav-base:all <none> 0.103.10+dfsg-0+deb11u1
2024-02-02 16:24:39 status half-installed clamav-base:all 0.103.10+dfsg-0+deb11u1
2024-02-02 16:24:39 status unpacked clamav-base:all 0.103.10+dfsg-0+deb11u1
2024-02-02 16:24:39 install libltdl7:amd64 <none> 2.4.6-15
2024-02-02 16:24:39 status triggers-pending libc-bin:amd64 2.31-13+deb11u7
2024-02-02 16:24:39 status half-installed libltdl7:amd64 2.4.6-15
2024-02-02 16:24:39 status unpacked libltdl7:amd64 2.4.6-15
2024-02-02 16:24:39 install libmspack0:amd64 <none> 0.10.1-2
2024-02-02 16:24:39 status half-installed libmspack0:amd64 0.10.1-2
2024-02-02 16:24:39 status unpacked libmspack0:amd64 0.10.1-2
2024-02-02 16:24:39 install libtfm1:amd64 <none> 0.13-4
2024-02-02 16:24:39 status half-installed libtfm1:amd64 0.13-4
2024-02-02 16:24:40 status unpacked libtfm1:amd64 0.13-4
2024-02-02 16:24:40 install libclamav9:amd64 <none> 0.103.10+dfsg-0+deb11u1
2024-02-02 16:24:40 status half-installed libclamav9:amd64 0.103.10+dfsg-0+deb11u1
2024-02-02 16:24:40 status unpacked libclamav9:amd64 0.103.10+dfsg-0+deb11u1
2024-02-02 16:24:40 install clamav-freshclam:amd64 <none> 0.103.10+dfsg-0+deb11u1
2024-02-02 16:24:40 status half-installed clamav-freshclam:amd64 0.103.10+dfsg-0+deb11u1
2024-02-02 16:24:40 status unpacked clamav-freshclam:amd64 0.103.10+dfsg-0+deb11u1
2024-02-02 16:24:40 install clamav-daemon:amd64 <none> 0.103.10+dfsg-0+deb11u1
2024-02-02 16:24:40 status half-installed clamav-daemon:amd64 0.103.10+dfsg-0+deb11u1
2024-02-02 16:24:40 status unpacked clamav-daemon:amd64 0.103.10+dfsg-0+deb11u1
2024-02-02 16:24:40 install clamdscan:amd64 <none> 0.103.10+dfsg-0+deb11u1
2024-02-02 16:24:40 status half-installed clamdscan:amd64 0.103.10+dfsg-0+deb11u1
2024-02-02 16:24:40 status unpacked clamdscan:amd64 0.103.10+dfsg-0+deb11u1
2024-02-02 16:24:40 install openmediavault-clamav:all <none> 6.0.7-2
2024-02-02 16:24:40 status triggers-pending openmediavault:all 6.9.12-3
2024-02-02 16:24:40 status half-installed openmediavault-clamav:all 6.0.7-2
2024-02-02 16:24:40 status unpacked openmediavault-clamav:all 6.0.7-2
2024-02-02 16:24:40 startup packages configure
2024-02-02 16:24:40 configure libmspack0:amd64 0.10.1-2 <none>
2024-02-02 16:24:40 status unpacked libmspack0:amd64 0.10.1-2
2024-02-02 16:24:40 status half-configured libmspack0:amd64 0.10.1-2
2024-02-02 16:24:40 status installed libmspack0:amd64 0.10.1-2
2024-02-02 16:24:40 configure libtfm1:amd64 0.13-4 <none>
2024-02-02 16:24:40 status unpacked libtfm1:amd64 0.13-4
2024-02-02 16:24:40 status half-configured libtfm1:amd64 0.13-4
2024-02-02 16:24:40 status installed libtfm1:amd64 0.13-4
2024-02-02 16:24:40 configure libltdl7:amd64 2.4.6-15 <none>
2024-02-02 16:24:40 status unpacked libltdl7:amd64 2.4.6-15
2024-02-02 16:24:40 status half-configured libltdl7:amd64 2.4.6-15
2024-02-02 16:24:40 status installed libltdl7:amd64 2.4.6-15
2024-02-02 16:24:40 configure clamav-base:all 0.103.10+dfsg-0+deb11u1 <none>
2024-02-02 16:24:40 status unpacked clamav-base:all 0.103.10+dfsg-0+deb11u1
2024-02-02 16:24:40 status half-configured clamav-base:all 0.103.10+dfsg-0+deb11u1
2024-02-02 16:24:41 status installed clamav-base:all 0.103.10+dfsg-0+deb11u1
2024-02-02 16:24:41 configure libclamav9:amd64 0.103.10+dfsg-0+deb11u1 <none>
2024-02-02 16:24:41 status unpacked libclamav9:amd64 0.103.10+dfsg-0+deb11u1
2024-02-02 16:24:41 status half-configured libclamav9:amd64 0.103.10+dfsg-0+deb11u1
2024-02-02 16:24:41 status installed libclamav9:amd64 0.103.10+dfsg-0+deb11u1
2024-02-02 16:24:41 configure clamav-freshclam:amd64 0.103.10+dfsg-0+deb11u1 <none>
2024-02-02 16:24:41 status unpacked clamav-freshclam:amd64 0.103.10+dfsg-0+deb11u1
2024-02-02 16:24:41 status half-configured clamav-freshclam:amd64 0.103.10+dfsg-0+deb11u1
2024-02-02 16:24:42 status installed clamav-freshclam:amd64 0.103.10+dfsg-0+deb11u1
2024-02-02 16:24:42 configure clamdscan:amd64 0.103.10+dfsg-0+deb11u1 <none>
2024-02-02 16:24:42 status unpacked clamdscan:amd64 0.103.10+dfsg-0+deb11u1
2024-02-02 16:24:42 status half-configured clamdscan:amd64 0.103.10+dfsg-0+deb11u1
2024-02-02 16:24:42 status installed clamdscan:amd64 0.103.10+dfsg-0+deb11u1
2024-02-02 16:24:42 configure clamav-daemon:amd64 0.103.10+dfsg-0+deb11u1 <none>
2024-02-02 16:24:42 status unpacked clamav-daemon:amd64 0.103.10+dfsg-0+deb11u1
2024-02-02 16:24:42 status half-configured clamav-daemon:amd64 0.103.10+dfsg-0+deb11u1
2024-02-02 16:24:43 status installed clamav-daemon:amd64 0.103.10+dfsg-0+deb11u1
2024-02-02 16:24:43 configure openmediavault-clamav:all 6.0.7-2 <none>
2024-02-02 16:24:43 status unpacked openmediavault-clamav:all 6.0.7-2
2024-02-02 16:24:43 status half-configured openmediavault-clamav:all 6.0.7-2
2024-02-02 16:24:43 status triggers-awaited openmediavault-clamav:all 6.0.7-2
2024-02-02 16:24:43 status triggers-pending openmediavault:all 6.9.12-3
2024-02-02 16:24:43 trigproc libc-bin:amd64 2.31-13+deb11u7 <none>
2024-02-02 16:24:43 status half-configured libc-bin:amd64 2.31-13+deb11u7
2024-02-02 16:24:43 status installed libc-bin:amd64 2.31-13+deb11u7
2024-02-02 16:24:43 trigproc openmediavault:all 6.9.12-3 <none>
2024-02-02 16:24:43 status half-configured openmediavault:all 6.9.12-3
2024-02-02 16:24:43 status installed openmediavault-clamav:all 6.0.7-2
2024-02-02 16:24:45 status installed openmediavault:all 6.9.12-3
2024-02-02 16:25:00 startup archives unpack
2024-02-02 16:25:00 install openmediavault-sharerootfs:all <none> 6.0.3-1
2024-02-02 16:25:00 status half-installed openmediavault-sharerootfs:all 6.0.3-1
2024-02-02 16:25:00 status unpacked openmediavault-sharerootfs:all 6.0.3-1
2024-02-02 16:25:00 install python3-lib2to3:all <none> 3.9.2-1
2024-02-02 16:25:00 status half-installed python3-lib2to3:all 3.9.2-1
2024-02-02 16:25:00 status unpacked python3-lib2to3:all 3.9.2-1
2024-02-02 16:25:00 install python3-distutils:all <none> 3.9.2-1
2024-02-02 16:25:00 status half-installed python3-distutils:all 3.9.2-1
2024-02-02 16:25:00 status unpacked python3-distutils:all 3.9.2-1
2024-02-02 16:25:00 install python3-websocket:all <none> 0.57.0-1
2024-02-02 16:25:00 status half-installed python3-websocket:all 0.57.0-1
2024-02-02 16:25:00 status unpacked python3-websocket:all 0.57.0-1
2024-02-02 16:25:00 install python3-docker:all <none> 4.1.0-1.2
2024-02-02 16:25:00 status half-installed python3-docker:all 4.1.0-1.2
2024-02-02 16:25:00 status unpacked python3-docker:all 4.1.0-1.2
2024-02-02 16:25:00 install python3-unidecode:all <none> 1.2.0-1
2024-02-02 16:25:00 status half-installed python3-unidecode:all 1.2.0-1
2024-02-02 16:25:00 status unpacked python3-unidecode:all 1.2.0-1
2024-02-02 16:25:00 install python3-pretty-yaml:all <none> 20.4.0-1
2024-02-02 16:25:00 status half-installed python3-pretty-yaml:all 20.4.0-1
2024-02-02 16:25:00 status unpacked python3-pretty-yaml:all 20.4.0-1
2024-02-02 16:25:00 install openmediavault-compose:all <none> 6.11.3
2024-02-02 16:25:00 status triggers-pending openmediavault:all 6.9.12-3
2024-02-02 16:25:00 status half-installed openmediavault-compose:all 6.11.3
2024-02-02 16:25:00 status unpacked openmediavault-compose:all 6.11.3
2024-02-02 16:25:01 startup packages configure
2024-02-02 16:25:01 configure openmediavault-sharerootfs:all 6.0.3-1 <none>
2024-02-02 16:25:01 status unpacked openmediavault-sharerootfs:all 6.0.3-1
2024-02-02 16:25:01 status half-configured openmediavault-sharerootfs:all 6.0.3-1
2024-02-02 16:25:02 status installed openmediavault-sharerootfs:all 6.0.3-1
2024-02-02 16:25:02 configure python3-lib2to3:all 3.9.2-1 <none>
2024-02-02 16:25:02 status unpacked python3-lib2to3:all 3.9.2-1
2024-02-02 16:25:02 status half-configured python3-lib2to3:all 3.9.2-1
2024-02-02 16:25:02 status installed python3-lib2to3:all 3.9.2-1
2024-02-02 16:25:02 configure python3-unidecode:all 1.2.0-1 <none>
2024-02-02 16:25:02 status unpacked python3-unidecode:all 1.2.0-1
2024-02-02 16:25:02 status half-configured python3-unidecode:all 1.2.0-1
2024-02-02 16:25:02 status installed python3-unidecode:all 1.2.0-1
2024-02-02 16:25:02 configure python3-websocket:all 0.57.0-1 <none>
2024-02-02 16:25:02 status unpacked python3-websocket:all 0.57.0-1
2024-02-02 16:25:02 status half-configured python3-websocket:all 0.57.0-1
2024-02-02 16:25:03 status installed python3-websocket:all 0.57.0-1
2024-02-02 16:25:03 configure python3-distutils:all 3.9.2-1 <none>
2024-02-02 16:25:03 status unpacked python3-distutils:all 3.9.2-1
2024-02-02 16:25:03 status half-configured python3-distutils:all 3.9.2-1
2024-02-02 16:25:03 status installed python3-distutils:all 3.9.2-1
2024-02-02 16:25:03 configure python3-docker:all 4.1.0-1.2 <none>
2024-02-02 16:25:03 status unpacked python3-docker:all 4.1.0-1.2
2024-02-02 16:25:03 status half-configured python3-docker:all 4.1.0-1.2
2024-02-02 16:25:03 status installed python3-docker:all 4.1.0-1.2
2024-02-02 16:25:03 configure python3-pretty-yaml:all 20.4.0-1 <none>
2024-02-02 16:25:03 status unpacked python3-pretty-yaml:all 20.4.0-1
2024-02-02 16:25:03 status half-configured python3-pretty-yaml:all 20.4.0-1
2024-02-02 16:25:03 status installed python3-pretty-yaml:all 20.4.0-1
2024-02-02 16:25:03 configure openmediavault-compose:all 6.11.3 <none>
2024-02-02 16:25:03 status unpacked openmediavault-compose:all 6.11.3
2024-02-02 16:25:03 status half-configured openmediavault-compose:all 6.11.3
2024-02-02 16:25:05 status triggers-awaited openmediavault-compose:all 6.11.3
2024-02-02 16:25:05 status triggers-pending openmediavault:all 6.9.12-3
2024-02-02 16:25:05 trigproc openmediavault:all 6.9.12-3 <none>
2024-02-02 16:25:05 status half-configured openmediavault:all 6.9.12-3
2024-02-02 16:25:05 status installed openmediavault-compose:all 6.11.3
2024-02-02 16:25:06 status installed openmediavault:all 6.9.12-3
2024-02-02 16:25:16 startup archives unpack
2024-02-02 16:25:16 upgrade openmediavault-compose:all 6.11.3 6.11.3
2024-02-02 16:25:16 status triggers-pending openmediavault:all 6.9.12-3
2024-02-02 16:25:16 status triggers-awaited openmediavault-compose:all 6.11.3
2024-02-02 16:25:16 status half-configured openmediavault-compose:all 6.11.3
2024-02-02 16:25:16 status unpacked openmediavault-compose:all 6.11.3
2024-02-02 16:25:16 status half-installed openmediavault-compose:all 6.11.3
2024-02-02 16:25:17 status unpacked openmediavault-compose:all 6.11.3
2024-02-02 16:25:17 startup packages configure
2024-02-02 16:25:17 configure openmediavault-compose:all 6.11.3 <none>
2024-02-02 16:25:17 status unpacked openmediavault-compose:all 6.11.3
2024-02-02 16:25:17 status half-configured openmediavault-compose:all 6.11.3
2024-02-02 16:25:17 status triggers-awaited openmediavault-compose:all 6.11.3
2024-02-02 16:25:17 status triggers-pending openmediavault:all 6.9.12-3
2024-02-02 16:25:17 trigproc openmediavault:all 6.9.12-3 <none>
2024-02-02 16:25:17 status half-configured openmediavault:all 6.9.12-3
2024-02-02 16:25:17 status installed openmediavault-compose:all 6.11.3
2024-02-02 16:25:18 status installed openmediavault:all 6.9.12-3
2024-02-02 16:28:07 startup packages remove
2024-02-02 16:28:07 status installed openmediavault-compose:all 6.11.3
2024-02-02 16:28:07 remove openmediavault-compose:all 6.11.3 <none>
2024-02-02 16:28:07 status triggers-pending openmediavault:all 6.9.12-3
2024-02-02 16:28:07 status triggers-awaited openmediavault-compose:all 6.11.3
2024-02-02 16:28:07 status half-configured openmediavault-compose:all 6.11.3
2024-02-02 16:28:07 status half-installed openmediavault-compose:all 6.11.3
2024-02-02 16:28:07 status config-files openmediavault-compose:all 6.11.3
2024-02-02 16:28:07 status installed openmediavault-sharerootfs:all 6.0.3-1
2024-02-02 16:28:07 remove openmediavault-sharerootfs:all 6.0.3-1 <none>
2024-02-02 16:28:07 status half-configured openmediavault-sharerootfs:all 6.0.3-1
2024-02-02 16:28:08 status half-installed openmediavault-sharerootfs:all 6.0.3-1
2024-02-02 16:28:08 status config-files openmediavault-sharerootfs:all 6.0.3-1
2024-02-02 16:28:08 status installed python3-docker:all 4.1.0-1.2
2024-02-02 16:28:08 remove python3-docker:all 4.1.0-1.2 <none>
2024-02-02 16:28:08 status half-configured python3-docker:all 4.1.0-1.2
2024-02-02 16:28:08 status half-installed python3-docker:all 4.1.0-1.2
2024-02-02 16:28:08 status config-files python3-docker:all 4.1.0-1.2
2024-02-02 16:28:08 status not-installed python3-docker:all <none>
2024-02-02 16:28:08 status installed python3-distutils:all 3.9.2-1
2024-02-02 16:28:08 remove python3-distutils:all 3.9.2-1 <none>
2024-02-02 16:28:08 status half-configured python3-distutils:all 3.9.2-1
2024-02-02 16:28:08 status half-installed python3-distutils:all 3.9.2-1
2024-02-02 16:28:08 status config-files python3-distutils:all 3.9.2-1
2024-02-02 16:28:08 status not-installed python3-distutils:all <none>
2024-02-02 16:28:08 status installed python3-lib2to3:all 3.9.2-1
2024-02-02 16:28:08 remove python3-lib2to3:all 3.9.2-1 <none>
2024-02-02 16:28:08 status half-configured python3-lib2to3:all 3.9.2-1
2024-02-02 16:28:08 status half-installed python3-lib2to3:all 3.9.2-1
2024-02-02 16:28:08 status config-files python3-lib2to3:all 3.9.2-1
2024-02-02 16:28:08 status not-installed python3-lib2to3:all <none>
2024-02-02 16:28:08 status installed python3-pretty-yaml:all 20.4.0-1
2024-02-02 16:28:08 remove python3-pretty-yaml:all 20.4.0-1 <none>
2024-02-02 16:28:08 status half-configured python3-pretty-yaml:all 20.4.0-1
2024-02-02 16:28:08 status half-installed python3-pretty-yaml:all 20.4.0-1
2024-02-02 16:28:08 status config-files python3-pretty-yaml:all 20.4.0-1
2024-02-02 16:28:08 status not-installed python3-pretty-yaml:all <none>
2024-02-02 16:28:08 status installed python3-unidecode:all 1.2.0-1
2024-02-02 16:28:08 remove python3-unidecode:all 1.2.0-1 <none>
2024-02-02 16:28:08 status half-configured python3-unidecode:all 1.2.0-1
2024-02-02 16:28:08 status half-installed python3-unidecode:all 1.2.0-1
2024-02-02 16:28:08 status config-files python3-unidecode:all 1.2.0-1
2024-02-02 16:28:08 status not-installed python3-unidecode:all <none>
2024-02-02 16:28:08 status installed python3-websocket:all 0.57.0-1
2024-02-02 16:28:08 remove python3-websocket:all 0.57.0-1 <none>
2024-02-02 16:28:08 status half-configured python3-websocket:all 0.57.0-1
2024-02-02 16:28:09 status half-installed python3-websocket:all 0.57.0-1
2024-02-02 16:28:09 status config-files python3-websocket:all 0.57.0-1
2024-02-02 16:28:09 status not-installed python3-websocket:all <none>
2024-02-02 16:28:09 startup packages configure
2024-02-02 16:28:09 trigproc openmediavault:all 6.9.12-3 <none>
2024-02-02 16:28:09 status half-configured openmediavault:all 6.9.12-3
2024-02-02 16:28:10 status installed openmediavault:all 6.9.12-3
2024-02-02 16:28:10 startup packages purge
2024-02-02 16:28:10 purge openmediavault-compose:all 6.11.3 <none>
2024-02-02 16:28:10 status config-files openmediavault-compose:all 6.11.3
2024-02-02 16:28:10 status triggers-pending openmediavault:all 6.9.12-3
2024-02-02 16:28:10 status not-installed openmediavault-compose:all <none>
2024-02-02 16:28:10 purge openmediavault-sharerootfs:all 6.0.3-1 <none>
2024-02-02 16:28:10 status config-files openmediavault-sharerootfs:all 6.0.3-1
2024-02-02 16:28:10 status not-installed openmediavault-sharerootfs:all <none>
2024-02-02 16:28:10 startup packages configure
2024-02-02 16:28:10 trigproc openmediavault:all 6.9.12-3 <none>
2024-02-02 16:28:10 status half-configured openmediavault:all 6.9.12-3
2024-02-02 16:28:11 status installed openmediavault:all 6.9.12-3
2024-02-02 16:31:14 startup archives unpack
2024-02-02 16:31:14 install openmediavault-sharerootfs:all <none> 6.0.3-1
2024-02-02 16:31:14 status half-installed openmediavault-sharerootfs:all 6.0.3-1
2024-02-02 16:31:14 status unpacked openmediavault-sharerootfs:all 6.0.3-1
2024-02-02 16:31:15 install python3-lib2to3:all <none> 3.9.2-1
2024-02-02 16:31:15 status half-installed python3-lib2to3:all 3.9.2-1
2024-02-02 16:31:15 status unpacked python3-lib2to3:all 3.9.2-1
2024-02-02 16:31:15 install python3-distutils:all <none> 3.9.2-1
2024-02-02 16:31:15 status half-installed python3-distutils:all 3.9.2-1
2024-02-02 16:31:15 status unpacked python3-distutils:all 3.9.2-1
2024-02-02 16:31:15 install python3-websocket:all <none> 0.57.0-1
2024-02-02 16:31:15 status half-installed python3-websocket:all 0.57.0-1
2024-02-02 16:31:15 status unpacked python3-websocket:all 0.57.0-1
2024-02-02 16:31:15 install python3-docker:all <none> 4.1.0-1.2
2024-02-02 16:31:15 status half-installed python3-docker:all 4.1.0-1.2
2024-02-02 16:31:15 status unpacked python3-docker:all 4.1.0-1.2
2024-02-02 16:31:15 install python3-unidecode:all <none> 1.2.0-1
2024-02-02 16:31:15 status half-installed python3-unidecode:all 1.2.0-1
2024-02-02 16:31:15 status unpacked python3-unidecode:all 1.2.0-1
2024-02-02 16:31:15 install python3-pretty-yaml:all <none> 20.4.0-1
2024-02-02 16:31:15 status half-installed python3-pretty-yaml:all 20.4.0-1
2024-02-02 16:31:15 status unpacked python3-pretty-yaml:all 20.4.0-1
2024-02-02 16:31:15 install openmediavault-compose:all <none> 6.11.3
2024-02-02 16:31:15 status triggers-pending openmediavault:all 6.9.12-3
2024-02-02 16:31:15 status half-installed openmediavault-compose:all 6.11.3
2024-02-02 16:31:15 status unpacked openmediavault-compose:all 6.11.3
2024-02-02 16:31:15 startup packages configure
2024-02-02 16:31:15 configure openmediavault-sharerootfs:all 6.0.3-1 <none>
2024-02-02 16:31:15 status unpacked openmediavault-sharerootfs:all 6.0.3-1
2024-02-02 16:31:15 status half-configured openmediavault-sharerootfs:all 6.0.3-1
2024-02-02 16:31:17 status installed openmediavault-sharerootfs:all 6.0.3-1
2024-02-02 16:31:17 configure python3-lib2to3:all 3.9.2-1 <none>
2024-02-02 16:31:17 status unpacked python3-lib2to3:all 3.9.2-1
2024-02-02 16:31:17 status half-configured python3-lib2to3:all 3.9.2-1
2024-02-02 16:31:17 status installed python3-lib2to3:all 3.9.2-1
2024-02-02 16:31:17 configure python3-unidecode:all 1.2.0-1 <none>
2024-02-02 16:31:17 status unpacked python3-unidecode:all 1.2.0-1
2024-02-02 16:31:17 status half-configured python3-unidecode:all 1.2.0-1
2024-02-02 16:31:17 status installed python3-unidecode:all 1.2.0-1
2024-02-02 16:31:17 configure python3-websocket:all 0.57.0-1 <none>
2024-02-02 16:31:17 status unpacked python3-websocket:all 0.57.0-1
2024-02-02 16:31:17 status half-configured python3-websocket:all 0.57.0-1
2024-02-02 16:31:17 status installed python3-websocket:all 0.57.0-1
2024-02-02 16:31:17 configure python3-distutils:all 3.9.2-1 <none>
2024-02-02 16:31:17 status unpacked python3-distutils:all 3.9.2-1
2024-02-02 16:31:17 status half-configured python3-distutils:all 3.9.2-1
2024-02-02 16:31:18 status installed python3-distutils:all 3.9.2-1
2024-02-02 16:31:18 configure python3-docker:all 4.1.0-1.2 <none>
2024-02-02 16:31:18 status unpacked python3-docker:all 4.1.0-1.2
2024-02-02 16:31:18 status half-configured python3-docker:all 4.1.0-1.2
2024-02-02 16:31:18 status installed python3-docker:all 4.1.0-1.2
2024-02-02 16:31:18 configure python3-pretty-yaml:all 20.4.0-1 <none>
2024-02-02 16:31:18 status unpacked python3-pretty-yaml:all 20.4.0-1
2024-02-02 16:31:18 status half-configured python3-pretty-yaml:all 20.4.0-1
2024-02-02 16:31:18 status installed python3-pretty-yaml:all 20.4.0-1
2024-02-02 16:31:18 configure openmediavault-compose:all 6.11.3 <none>
2024-02-02 16:31:18 status unpacked openmediavault-compose:all 6.11.3
2024-02-02 16:31:18 status half-configured openmediavault-compose:all 6.11.3
2024-02-02 16:31:18 status triggers-awaited openmediavault-compose:all 6.11.3
2024-02-02 16:31:18 status triggers-pending openmediavault:all 6.9.12-3
2024-02-02 16:31:18 trigproc openmediavault:all 6.9.12-3 <none>
2024-02-02 16:31:18 status half-configured openmediavault:all 6.9.12-3
2024-02-02 16:31:18 status installed openmediavault-compose:all 6.11.3
2024-02-02 16:31:20 status installed openmediavault:all 6.9.12-3
2024-02-02 16:33:16 startup archives unpack
2024-02-02 16:33:17 install containerd.io:amd64 <none> 1.6.28-1
2024-02-02 16:33:17 status half-installed containerd.io:amd64 1.6.28-1
2024-02-02 16:33:19 status unpacked containerd.io:amd64 1.6.28-1
2024-02-02 16:33:19 install docker-ce-cli:amd64 <none> 5:25.0.2-1~debian.11~bullseye
2024-02-02 16:33:19 status half-installed docker-ce-cli:amd64 5:25.0.2-1~debian.11~bullseye
2024-02-02 16:33:19 status unpacked docker-ce-cli:amd64 5:25.0.2-1~debian.11~bullseye
2024-02-02 16:33:20 install docker-ce:amd64 <none> 5:25.0.2-1~debian.11~bullseye
2024-02-02 16:33:20 status half-installed docker-ce:amd64 5:25.0.2-1~debian.11~bullseye
2024-02-02 16:33:21 status unpacked docker-ce:amd64 5:25.0.2-1~debian.11~bullseye
2024-02-02 16:33:21 startup packages configure
2024-02-02 16:33:21 configure containerd.io:amd64 1.6.28-1 <none>
2024-02-02 16:33:21 status unpacked containerd.io:amd64 1.6.28-1
2024-02-02 16:33:21 status half-configured containerd.io:amd64 1.6.28-1
2024-02-02 16:33:22 status installed containerd.io:amd64 1.6.28-1
2024-02-02 16:33:22 configure docker-ce-cli:amd64 5:25.0.2-1~debian.11~bullseye <none>
2024-02-02 16:33:22 status unpacked docker-ce-cli:amd64 5:25.0.2-1~debian.11~bullseye
2024-02-02 16:33:22 status half-configured docker-ce-cli:amd64 5:25.0.2-1~debian.11~bullseye
2024-02-02 16:33:22 status installed docker-ce-cli:amd64 5:25.0.2-1~debian.11~bullseye
2024-02-02 16:33:22 configure docker-ce:amd64 5:25.0.2-1~debian.11~bullseye <none>
2024-02-02 16:33:22 status unpacked docker-ce:amd64 5:25.0.2-1~debian.11~bullseye
2024-02-02 16:33:22 status half-configured docker-ce:amd64 5:25.0.2-1~debian.11~bullseye
2024-02-02 16:33:24 status installed docker-ce:amd64 5:25.0.2-1~debian.11~bullseye
2024-02-02 16:33:31 startup archives unpack
2024-02-02 16:33:31 install docker-buildx-plugin:amd64 <none> 0.12.1-1~debian.11~bullseye
2024-02-02 16:33:31 status half-installed docker-buildx-plugin:amd64 0.12.1-1~debian.11~bullseye
2024-02-02 16:33:33 status unpacked docker-buildx-plugin:amd64 0.12.1-1~debian.11~bullseye
2024-02-02 16:33:33 install docker-compose-plugin:amd64 <none> 2.24.5-1~debian.11~bullseye
2024-02-02 16:33:33 status half-installed docker-compose-plugin:amd64 2.24.5-1~debian.11~bullseye
2024-02-02 16:33:34 status unpacked docker-compose-plugin:amd64 2.24.5-1~debian.11~bullseye
2024-02-02 16:33:34 startup packages configure
2024-02-02 16:33:34 configure docker-buildx-plugin:amd64 0.12.1-1~debian.11~bullseye <none>
2024-02-02 16:33:34 status unpacked docker-buildx-plugin:amd64 0.12.1-1~debian.11~bullseye
2024-02-02 16:33:34 status half-configured docker-buildx-plugin:amd64 0.12.1-1~debian.11~bullseye
2024-02-02 16:33:34 status installed docker-buildx-plugin:amd64 0.12.1-1~debian.11~bullseye
2024-02-02 16:33:34 configure docker-compose-plugin:amd64 2.24.5-1~debian.11~bullseye <none>
2024-02-02 16:33:34 status unpacked docker-compose-plugin:amd64 2.24.5-1~debian.11~bullseye
2024-02-02 16:33:34 status half-configured docker-compose-plugin:amd64 2.24.5-1~debian.11~bullseye
2024-02-02 16:33:34 status installed docker-compose-plugin:amd64 2.24.5-1~debian.11~bullseye
2024-02-02 16:37:09 startup packages remove
2024-02-02 16:37:09 status installed openmediavault-compose:all 6.11.3
2024-02-02 16:37:09 remove openmediavault-compose:all 6.11.3 <none>
2024-02-02 16:37:09 status triggers-pending openmediavault:all 6.9.12-3
2024-02-02 16:37:09 status triggers-awaited openmediavault-compose:all 6.11.3
2024-02-02 16:37:09 status half-configured openmediavault-compose:all 6.11.3
2024-02-02 16:37:09 status half-installed openmediavault-compose:all 6.11.3
2024-02-02 16:37:09 status config-files openmediavault-compose:all 6.11.3
2024-02-02 16:37:09 status installed openmediavault-sharerootfs:all 6.0.3-1
2024-02-02 16:37:09 remove openmediavault-sharerootfs:all 6.0.3-1 <none>
2024-02-02 16:37:09 status half-configured openmediavault-sharerootfs:all 6.0.3-1
2024-02-02 16:37:09 status half-installed openmediavault-sharerootfs:all 6.0.3-1
2024-02-02 16:37:09 status config-files openmediavault-sharerootfs:all 6.0.3-1
2024-02-02 16:37:09 status installed python3-docker:all 4.1.0-1.2
2024-02-02 16:37:09 remove python3-docker:all 4.1.0-1.2 <none>
2024-02-02 16:37:09 status half-configured python3-docker:all 4.1.0-1.2
2024-02-02 16:37:09 status half-installed python3-docker:all 4.1.0-1.2
2024-02-02 16:37:09 status config-files python3-docker:all 4.1.0-1.2
2024-02-02 16:37:09 status not-installed python3-docker:all <none>
2024-02-02 16:37:09 status installed python3-distutils:all 3.9.2-1
2024-02-02 16:37:10 remove python3-distutils:all 3.9.2-1 <none>
2024-02-02 16:37:10 status half-configured python3-distutils:all 3.9.2-1
2024-02-02 16:37:10 status half-installed python3-distutils:all 3.9.2-1
2024-02-02 16:37:10 status config-files python3-distutils:all 3.9.2-1
2024-02-02 16:37:10 status not-installed python3-distutils:all <none>
2024-02-02 16:37:10 status installed python3-lib2to3:all 3.9.2-1
2024-02-02 16:37:10 remove python3-lib2to3:all 3.9.2-1 <none>
2024-02-02 16:37:10 status half-configured python3-lib2to3:all 3.9.2-1
2024-02-02 16:37:10 status half-installed python3-lib2to3:all 3.9.2-1
2024-02-02 16:37:10 status config-files python3-lib2to3:all 3.9.2-1
2024-02-02 16:37:10 status not-installed python3-lib2to3:all <none>
2024-02-02 16:37:10 status installed python3-pretty-yaml:all 20.4.0-1
2024-02-02 16:37:10 remove python3-pretty-yaml:all 20.4.0-1 <none>
2024-02-02 16:37:10 status half-configured python3-pretty-yaml:all 20.4.0-1
2024-02-02 16:37:10 status half-installed python3-pretty-yaml:all 20.4.0-1
2024-02-02 16:37:10 status config-files python3-pretty-yaml:all 20.4.0-1
2024-02-02 16:37:10 status not-installed python3-pretty-yaml:all <none>
2024-02-02 16:37:10 status installed python3-unidecode:all 1.2.0-1
2024-02-02 16:37:10 remove python3-unidecode:all 1.2.0-1 <none>
2024-02-02 16:37:10 status half-configured python3-unidecode:all 1.2.0-1
2024-02-02 16:37:10 status half-installed python3-unidecode:all 1.2.0-1
2024-02-02 16:37:10 status config-files python3-unidecode:all 1.2.0-1
2024-02-02 16:37:10 status not-installed python3-unidecode:all <none>
2024-02-02 16:37:10 status installed python3-websocket:all 0.57.0-1
2024-02-02 16:37:10 remove python3-websocket:all 0.57.0-1 <none>
2024-02-02 16:37:10 status half-configured python3-websocket:all 0.57.0-1
2024-02-02 16:37:10 status half-installed python3-websocket:all 0.57.0-1
2024-02-02 16:37:10 status config-files python3-websocket:all 0.57.0-1
2024-02-02 16:37:10 status not-installed python3-websocket:all <none>
2024-02-02 16:37:10 startup packages configure
2024-02-02 16:37:10 trigproc openmediavault:all 6.9.12-3 <none>
2024-02-02 16:37:10 status half-configured openmediavault:all 6.9.12-3
2024-02-02 16:37:12 status installed openmediavault:all 6.9.12-3
2024-02-02 16:37:12 startup packages purge
2024-02-02 16:37:12 purge openmediavault-compose:all 6.11.3 <none>
2024-02-02 16:37:12 status config-files openmediavault-compose:all 6.11.3
2024-02-02 16:37:12 status triggers-pending openmediavault:all 6.9.12-3
2024-02-02 16:37:12 status not-installed openmediavault-compose:all <none>
2024-02-02 16:37:12 purge openmediavault-sharerootfs:all 6.0.3-1 <none>
2024-02-02 16:37:12 status config-files openmediavault-sharerootfs:all 6.0.3-1
2024-02-02 16:37:12 status not-installed openmediavault-sharerootfs:all <none>
2024-02-02 16:37:12 startup packages configure
2024-02-02 16:37:12 trigproc openmediavault:all 6.9.12-3 <none>
2024-02-02 16:37:12 status half-configured openmediavault:all 6.9.12-3
2024-02-02 16:37:13 status installed openmediavault:all 6.9.12-3
2024-02-03 09:04:24 startup archives install
2024-02-03 09:04:24 upgrade openmediavault-omvextrasorg:all 6.3.6 6.3.6
2024-02-03 09:04:24 status triggers-pending openmediavault:all 6.9.12-3
2024-02-03 09:04:24 status triggers-awaited openmediavault-omvextrasorg:all 6.3.6
2024-02-03 09:04:24 status half-configured openmediavault-omvextrasorg:all 6.3.6
2024-02-03 09:04:24 status unpacked openmediavault-omvextrasorg:all 6.3.6
2024-02-03 09:04:24 status half-installed openmediavault-omvextrasorg:all 6.3.6
2024-02-03 09:04:24 status unpacked openmediavault-omvextrasorg:all 6.3.6
2024-02-03 09:04:24 configure openmediavault-omvextrasorg:all 6.3.6 6.3.6
2024-02-03 09:04:24 status half-configured openmediavault-omvextrasorg:all 6.3.6
2024-02-03 09:04:31 status triggers-awaited openmediavault-omvextrasorg:all 6.3.6
2024-02-03 09:04:31 trigproc openmediavault:all 6.9.12-3 <none>
2024-02-03 09:04:31 status half-configured openmediavault:all 6.9.12-3
2024-02-03 09:04:31 status installed openmediavault-omvextrasorg:all 6.3.6
2024-02-03 09:04:32 status installed openmediavault:all 6.9.12-3
2024-02-03 09:05:57 startup archives install
2024-02-03 09:05:58 upgrade openmediavault-omvextrasorg:all 6.3.6 6.3.6
2024-02-03 09:05:58 status triggers-pending openmediavault:all 6.9.12-3
2024-02-03 09:05:58 status triggers-awaited openmediavault-omvextrasorg:all 6.3.6
2024-02-03 09:05:58 status half-configured openmediavault-omvextrasorg:all 6.3.6
2024-02-03 09:05:58 status unpacked openmediavault-omvextrasorg:all 6.3.6
2024-02-03 09:05:58 status half-installed openmediavault-omvextrasorg:all 6.3.6
2024-02-03 09:05:58 status unpacked openmediavault-omvextrasorg:all 6.3.6
2024-02-03 09:05:58 configure openmediavault-omvextrasorg:all 6.3.6 6.3.6
2024-02-03 09:05:58 status half-configured openmediavault-omvextrasorg:all 6.3.6
2024-02-03 09:06:05 status triggers-awaited openmediavault-omvextrasorg:all 6.3.6
2024-02-03 09:06:05 trigproc openmediavault:all 6.9.12-3 <none>
2024-02-03 09:06:05 status half-configured openmediavault:all 6.9.12-3
2024-02-03 09:06:05 status installed openmediavault-omvextrasorg:all 6.3.6
2024-02-03 09:06:06 status installed openmediavault:all 6.9.12-3
2024-02-03 09:18:56 startup archives install
2024-02-03 09:18:56 upgrade openmediavault-omvextrasorg:all 6.3.6 6.3.6
2024-02-03 09:18:56 status triggers-pending openmediavault:all 6.9.12-3
2024-02-03 09:18:56 status triggers-awaited openmediavault-omvextrasorg:all 6.3.6
2024-02-03 09:18:56 status half-configured openmediavault-omvextrasorg:all 6.3.6
2024-02-03 09:18:56 status unpacked openmediavault-omvextrasorg:all 6.3.6
2024-02-03 09:18:56 status half-installed openmediavault-omvextrasorg:all 6.3.6
2024-02-03 09:18:56 status unpacked openmediavault-omvextrasorg:all 6.3.6
2024-02-03 09:18:56 configure openmediavault-omvextrasorg:all 6.3.6 6.3.6
2024-02-03 09:18:56 status half-configured openmediavault-omvextrasorg:all 6.3.6
2024-02-03 09:19:03 status triggers-awaited openmediavault-omvextrasorg:all 6.3.6
2024-02-03 09:19:03 trigproc openmediavault:all 6.9.12-3 <none>
2024-02-03 09:19:03 status half-configured openmediavault:all 6.9.12-3
2024-02-03 09:19:03 status installed openmediavault-omvextrasorg:all 6.3.6
2024-02-03 09:19:04 status installed openmediavault:all 6.9.12-3
2024-02-03 09:20:12 startup archives unpack
2024-02-03 09:20:12 install openmediavault-sharerootfs:all <none> 6.0.3-1
2024-02-03 09:20:12 status half-installed openmediavault-sharerootfs:all 6.0.3-1
2024-02-03 09:20:12 status unpacked openmediavault-sharerootfs:all 6.0.3-1
2024-02-03 09:20:12 install python3-lib2to3:all <none> 3.9.2-1
2024-02-03 09:20:12 status half-installed python3-lib2to3:all 3.9.2-1
2024-02-03 09:20:12 status unpacked python3-lib2to3:all 3.9.2-1
2024-02-03 09:20:12 install python3-distutils:all <none> 3.9.2-1
2024-02-03 09:20:12 status half-installed python3-distutils:all 3.9.2-1
2024-02-03 09:20:12 status unpacked python3-distutils:all 3.9.2-1
2024-02-03 09:20:13 install python3-websocket:all <none> 0.57.0-1
2024-02-03 09:20:13 status half-installed python3-websocket:all 0.57.0-1
2024-02-03 09:20:13 status unpacked python3-websocket:all 0.57.0-1
2024-02-03 09:20:13 install python3-docker:all <none> 4.1.0-1.2
2024-02-03 09:20:13 status half-installed python3-docker:all 4.1.0-1.2
2024-02-03 09:20:13 status unpacked python3-docker:all 4.1.0-1.2
2024-02-03 09:20:13 install python3-unidecode:all <none> 1.2.0-1
2024-02-03 09:20:13 status half-installed python3-unidecode:all 1.2.0-1
2024-02-03 09:20:13 status unpacked python3-unidecode:all 1.2.0-1
2024-02-03 09:20:13 install python3-pretty-yaml:all <none> 20.4.0-1
2024-02-03 09:20:13 status half-installed python3-pretty-yaml:all 20.4.0-1
2024-02-03 09:20:13 status unpacked python3-pretty-yaml:all 20.4.0-1
2024-02-03 09:20:13 install openmediavault-compose:all <none> 6.11.3
2024-02-03 09:20:13 status triggers-pending openmediavault:all 6.9.12-3
2024-02-03 09:20:13 status half-installed openmediavault-compose:all 6.11.3
2024-02-03 09:20:13 status unpacked openmediavault-compose:all 6.11.3
2024-02-03 09:20:13 startup packages configure
2024-02-03 09:20:13 configure openmediavault-sharerootfs:all 6.0.3-1 <none>
2024-02-03 09:20:13 status unpacked openmediavault-sharerootfs:all 6.0.3-1
2024-02-03 09:20:13 status half-configured openmediavault-sharerootfs:all 6.0.3-1
2024-02-03 09:20:15 status installed openmediavault-sharerootfs:all 6.0.3-1
2024-02-03 09:20:15 configure python3-lib2to3:all 3.9.2-1 <none>
2024-02-03 09:20:15 status unpacked python3-lib2to3:all 3.9.2-1
2024-02-03 09:20:15 status half-configured python3-lib2to3:all 3.9.2-1
2024-02-03 09:20:15 status installed python3-lib2to3:all 3.9.2-1
2024-02-03 09:20:15 configure python3-unidecode:all 1.2.0-1 <none>
2024-02-03 09:20:15 status unpacked python3-unidecode:all 1.2.0-1
2024-02-03 09:20:15 status half-configured python3-unidecode:all 1.2.0-1
2024-02-03 09:20:15 status installed python3-unidecode:all 1.2.0-1
2024-02-03 09:20:15 configure python3-websocket:all 0.57.0-1 <none>
2024-02-03 09:20:15 status unpacked python3-websocket:all 0.57.0-1
2024-02-03 09:20:15 status half-configured python3-websocket:all 0.57.0-1
2024-02-03 09:20:15 status installed python3-websocket:all 0.57.0-1
2024-02-03 09:20:15 configure python3-distutils:all 3.9.2-1 <none>
2024-02-03 09:20:15 status unpacked python3-distutils:all 3.9.2-1
2024-02-03 09:20:15 status half-configured python3-distutils:all 3.9.2-1
2024-02-03 09:20:15 status installed python3-distutils:all 3.9.2-1
2024-02-03 09:20:15 configure python3-docker:all 4.1.0-1.2 <none>
2024-02-03 09:20:15 status unpacked python3-docker:all 4.1.0-1.2
2024-02-03 09:20:15 status half-configured python3-docker:all 4.1.0-1.2
2024-02-03 09:20:16 status installed python3-docker:all 4.1.0-1.2
2024-02-03 09:20:16 configure python3-pretty-yaml:all 20.4.0-1 <none>
2024-02-03 09:20:16 status unpacked python3-pretty-yaml:all 20.4.0-1
2024-02-03 09:20:16 status half-configured python3-pretty-yaml:all 20.4.0-1
2024-02-03 09:20:16 status installed python3-pretty-yaml:all 20.4.0-1
2024-02-03 09:20:16 configure openmediavault-compose:all 6.11.3 <none>
2024-02-03 09:20:16 status unpacked openmediavault-compose:all 6.11.3
2024-02-03 09:20:16 status half-configured openmediavault-compose:all 6.11.3
2024-02-03 09:20:16 status triggers-awaited openmediavault-compose:all 6.11.3
2024-02-03 09:20:16 status triggers-pending openmediavault:all 6.9.12-3
2024-02-03 09:20:16 trigproc openmediavault:all 6.9.12-3 <none>
2024-02-03 09:20:16 status half-configured openmediavault:all 6.9.12-3
2024-02-03 09:20:16 status installed openmediavault-compose:all 6.11.3
2024-02-03 09:20:18 status installed openmediavault:all 6.9.12-3
2024-02-04 10:56:15 startup archives unpack
2024-02-04 10:56:15 upgrade openmediavault:all 6.9.12-3 6.9.13-1
2024-02-04 10:56:15 status half-configured openmediavault:all 6.9.12-3
2024-02-04 10:56:15 status unpacked openmediavault:all 6.9.12-3
2024-02-04 10:56:15 status half-installed openmediavault:all 6.9.12-3
2024-02-04 10:56:15 status triggers-pending rsyslog:amd64 8.2102.0-2+deb11u1
2024-02-04 10:56:15 status unpacked openmediavault:all 6.9.13-1
2024-02-04 10:56:15 startup packages configure
2024-02-04 10:56:15 configure openmediavault:all 6.9.13-1 <none>
2024-02-04 10:56:15 status unpacked openmediavault:all 6.9.13-1
2024-02-04 10:56:16 status half-configured openmediavault:all 6.9.13-1
2024-02-04 10:56:35 status installed openmediavault:all 6.9.13-1
2024-02-04 10:56:35 status triggers-pending openmediavault:all 6.9.13-1
2024-02-04 10:56:35 status triggers-awaited openmediavault:all 6.9.13-1
2024-02-04 10:56:35 trigproc rsyslog:amd64 8.2102.0-2+deb11u1 <none>
2024-02-04 10:56:35 status half-configured rsyslog:amd64 8.2102.0-2+deb11u1
2024-02-04 10:56:35 status installed rsyslog:amd64 8.2102.0-2+deb11u1
2024-02-04 10:56:35 trigproc openmediavault:all 6.9.13-1 <none>
2024-02-04 10:56:35 status half-configured openmediavault:all 6.9.13-1
2024-02-04 10:56:37 status installed openmediavault:all 6.9.13-1
2024-02-10 10:08:18 startup archives unpack
2024-02-10 10:08:18 upgrade docker-ce-cli:amd64 5:25.0.2-1~debian.11~bullseye 5:25.0.3-1~debian.11~bullseye
2024-02-10 10:08:18 status half-configured docker-ce-cli:amd64 5:25.0.2-1~debian.11~bullseye
2024-02-10 10:08:18 status unpacked docker-ce-cli:amd64 5:25.0.2-1~debian.11~bullseye
2024-02-10 10:08:18 status half-installed docker-ce-cli:amd64 5:25.0.2-1~debian.11~bullseye
2024-02-10 10:08:19 status unpacked docker-ce-cli:amd64 5:25.0.3-1~debian.11~bullseye
2024-02-10 10:08:19 upgrade docker-ce:amd64 5:25.0.2-1~debian.11~bullseye 5:25.0.3-1~debian.11~bullseye
2024-02-10 10:08:19 status half-configured docker-ce:amd64 5:25.0.2-1~debian.11~bullseye
2024-02-10 10:08:19 status unpacked docker-ce:amd64 5:25.0.2-1~debian.11~bullseye
2024-02-10 10:08:19 status half-installed docker-ce:amd64 5:25.0.2-1~debian.11~bullseye
2024-02-10 10:08:21 status unpacked docker-ce:amd64 5:25.0.3-1~debian.11~bullseye
2024-02-10 10:08:21 startup packages configure
2024-02-10 10:08:21 configure docker-ce-cli:amd64 5:25.0.3-1~debian.11~bullseye <none>
2024-02-10 10:08:21 status unpacked docker-ce-cli:amd64 5:25.0.3-1~debian.11~bullseye
2024-02-10 10:08:21 status half-configured docker-ce-cli:amd64 5:25.0.3-1~debian.11~bullseye
2024-02-10 10:08:21 status installed docker-ce-cli:amd64 5:25.0.3-1~debian.11~bullseye
2024-02-10 10:08:21 configure docker-ce:amd64 5:25.0.3-1~debian.11~bullseye <none>
2024-02-10 10:08:21 status unpacked docker-ce:amd64 5:25.0.3-1~debian.11~bullseye
2024-02-10 10:08:21 status half-configured docker-ce:amd64 5:25.0.3-1~debian.11~bullseye
2024-02-10 10:08:28 status installed docker-ce:amd64 5:25.0.3-1~debian.11~bullseye
2024-02-10 16:45:16 startup archives unpack
2024-02-10 16:45:16 install libconfig-inifiles-perl:all <none> 3.000003-1
2024-02-10 16:45:16 status half-installed libconfig-inifiles-perl:all 3.000003-1
2024-02-10 16:45:16 status unpacked libconfig-inifiles-perl:all 3.000003-1
2024-02-10 16:45:16 install mysql-common:all <none> 5.8+1.0.7
2024-02-10 16:45:16 status half-installed mysql-common:all 5.8+1.0.7
2024-02-10 16:45:16 status unpacked mysql-common:all 5.8+1.0.7
2024-02-10 16:45:16 install mariadb-common:all <none> 1:10.5.21-0+deb11u1
2024-02-10 16:45:16 status half-installed mariadb-common:all 1:10.5.21-0+deb11u1
2024-02-10 16:45:16 status unpacked mariadb-common:all 1:10.5.21-0+deb11u1
2024-02-10 16:45:16 install libmariadb3:amd64 <none> 1:10.5.21-0+deb11u1
2024-02-10 16:45:16 status triggers-pending libc-bin:amd64 2.31-13+deb11u7
2024-02-10 16:45:16 status half-installed libmariadb3:amd64 1:10.5.21-0+deb11u1
2024-02-10 16:45:16 status unpacked libmariadb3:amd64 1:10.5.21-0+deb11u1
2024-02-10 16:45:16 install mariadb-client-core-10.5:amd64 <none> 1:10.5.21-0+deb11u1
2024-02-10 16:45:16 status half-installed mariadb-client-core-10.5:amd64 1:10.5.21-0+deb11u1
2024-02-10 16:45:17 status unpacked mariadb-client-core-10.5:amd64 1:10.5.21-0+deb11u1
2024-02-10 16:45:17 install mariadb-client-10.5:amd64 <none> 1:10.5.21-0+deb11u1
2024-02-10 16:45:17 status half-installed mariadb-client-10.5:amd64 1:10.5.21-0+deb11u1
2024-02-10 16:45:17 status unpacked mariadb-client-10.5:amd64 1:10.5.21-0+deb11u1
2024-02-10 16:45:17 install mariadb-client:all <none> 1:10.5.21-0+deb11u1
2024-02-10 16:45:17 status half-installed mariadb-client:all 1:10.5.21-0+deb11u1
2024-02-10 16:45:17 status unpacked mariadb-client:all 1:10.5.21-0+deb11u1
2024-02-10 16:45:17 startup packages configure
2024-02-10 16:45:17 configure libconfig-inifiles-perl:all 3.000003-1 <none>
2024-02-10 16:45:17 status unpacked libconfig-inifiles-perl:all 3.000003-1
2024-02-10 16:45:17 status half-configured libconfig-inifiles-perl:all 3.000003-1
2024-02-10 16:45:17 status installed libconfig-inifiles-perl:all 3.000003-1
2024-02-10 16:45:17 configure mysql-common:all 5.8+1.0.7 <none>
2024-02-10 16:45:17 status unpacked mysql-common:all 5.8+1.0.7
2024-02-10 16:45:17 status half-configured mysql-common:all 5.8+1.0.7
2024-02-10 16:45:17 status installed mysql-common:all 5.8+1.0.7
2024-02-10 16:45:17 configure mariadb-common:all 1:10.5.21-0+deb11u1 <none>
2024-02-10 16:45:17 status unpacked mariadb-common:all 1:10.5.21-0+deb11u1
2024-02-10 16:45:17 status half-configured mariadb-common:all 1:10.5.21-0+deb11u1
2024-02-10 16:45:17 status installed mariadb-common:all 1:10.5.21-0+deb11u1
2024-02-10 16:45:17 configure libmariadb3:amd64 1:10.5.21-0+deb11u1 <none>
2024-02-10 16:45:17 status unpacked libmariadb3:amd64 1:10.5.21-0+deb11u1
2024-02-10 16:45:17 status half-configured libmariadb3:amd64 1:10.5.21-0+deb11u1
2024-02-10 16:45:17 status installed libmariadb3:amd64 1:10.5.21-0+deb11u1
2024-02-10 16:45:17 configure mariadb-client-core-10.5:amd64 1:10.5.21-0+deb11u1 <none>
2024-02-10 16:45:17 status unpacked mariadb-client-core-10.5:amd64 1:10.5.21-0+deb11u1
2024-02-10 16:45:17 status half-configured mariadb-client-core-10.5:amd64 1:10.5.21-0+deb11u1
2024-02-10 16:45:17 status installed mariadb-client-core-10.5:amd64 1:10.5.21-0+deb11u1
2024-02-10 16:45:17 configure mariadb-client-10.5:amd64 1:10.5.21-0+deb11u1 <none>
2024-02-10 16:45:17 status unpacked mariadb-client-10.5:amd64 1:10.5.21-0+deb11u1
2024-02-10 16:45:17 status half-configured mariadb-client-10.5:amd64 1:10.5.21-0+deb11u1
2024-02-10 16:45:17 status installed mariadb-client-10.5:amd64 1:10.5.21-0+deb11u1
2024-02-10 16:45:17 configure mariadb-client:all 1:10.5.21-0+deb11u1 <none>
2024-02-10 16:45:17 status unpacked mariadb-client:all 1:10.5.21-0+deb11u1
2024-02-10 16:45:17 status half-configured mariadb-client:all 1:10.5.21-0+deb11u1
2024-02-10 16:45:17 status installed mariadb-client:all 1:10.5.21-0+deb11u1
2024-02-10 16:45:17 trigproc libc-bin:amd64 2.31-13+deb11u7 <none>
2024-02-10 16:45:17 status half-configured libc-bin:amd64 2.31-13+deb11u7
2024-02-10 16:45:17 status installed libc-bin:amd64 2.31-13+deb11u7
2024-02-10 17:25:04 startup packages remove
2024-02-10 17:25:04 status installed docker-ce:amd64 5:25.0.3-1~debian.11~bullseye
2024-02-10 17:25:04 remove docker-ce:amd64 5:25.0.3-1~debian.11~bullseye <none>
2024-02-10 17:25:04 status half-configured docker-ce:amd64 5:25.0.3-1~debian.11~bullseye
2024-02-10 17:25:09 status half-installed docker-ce:amd64 5:25.0.3-1~debian.11~bullseye
2024-02-10 17:25:09 status config-files docker-ce:amd64 5:25.0.3-1~debian.11~bullseye
2024-02-10 17:25:09 status installed containerd.io:amd64 1.6.28-1
2024-02-10 17:25:09 remove containerd.io:amd64 1.6.28-1 <none>
2024-02-10 17:25:09 status half-configured containerd.io:amd64 1.6.28-1
2024-02-10 17:25:09 status half-installed containerd.io:amd64 1.6.28-1
2024-02-10 17:25:10 status config-files containerd.io:amd64 1.6.28-1
2024-02-10 17:25:10 status installed docker-ce-cli:amd64 5:25.0.3-1~debian.11~bullseye
2024-02-10 17:25:10 remove docker-ce-cli:amd64 5:25.0.3-1~debian.11~bullseye <none>
2024-02-10 17:25:10 status half-configured docker-ce-cli:amd64 5:25.0.3-1~debian.11~bullseye
2024-02-10 17:25:10 status half-installed docker-ce-cli:amd64 5:25.0.3-1~debian.11~bullseye
2024-02-10 17:25:10 status config-files docker-ce-cli:amd64 5:25.0.3-1~debian.11~bullseye
2024-02-10 17:25:10 status not-installed docker-ce-cli:amd64 <none>
2024-02-10 17:25:10 status installed docker-compose-plugin:amd64 2.24.5-1~debian.11~bullseye
2024-02-10 17:25:10 remove docker-compose-plugin:amd64 2.24.5-1~debian.11~bullseye <none>
2024-02-10 17:25:10 status half-configured docker-compose-plugin:amd64 2.24.5-1~debian.11~bullseye
2024-02-10 17:25:10 status half-installed docker-compose-plugin:amd64 2.24.5-1~debian.11~bullseye
2024-02-10 17:25:10 status config-files docker-compose-plugin:amd64 2.24.5-1~debian.11~bullseye
2024-02-10 17:25:10 status not-installed docker-compose-plugin:amd64 <none>
2024-02-10 17:25:10 startup packages configure
2024-02-10 17:25:10 startup packages purge
2024-02-10 17:25:10 purge docker-ce:amd64 5:25.0.3-1~debian.11~bullseye <none>
2024-02-10 17:25:10 status config-files docker-ce:amd64 5:25.0.3-1~debian.11~bullseye
2024-02-10 17:25:11 status not-installed docker-ce:amd64 <none>
2024-02-10 17:25:11 purge containerd.io:amd64 1.6.28-1 <none>
2024-02-10 17:25:11 status config-files containerd.io:amd64 1.6.28-1
2024-02-10 17:25:12 status not-installed containerd.io:amd64 <none>
2024-02-10 17:25:12 startup packages configure
2024-02-10 17:25:23 startup archives unpack
2024-02-10 17:25:24 install containerd.io:amd64 <none> 1.6.28-1
2024-02-10 17:25:24 status half-installed containerd.io:amd64 1.6.28-1
2024-02-10 17:25:26 status unpacked containerd.io:amd64 1.6.28-1
2024-02-10 17:25:26 install docker-ce-cli:amd64 <none> 5:25.0.3-1~debian.11~bullseye
2024-02-10 17:25:26 status half-installed docker-ce-cli:amd64 5:25.0.3-1~debian.11~bullseye
2024-02-10 17:25:26 status unpacked docker-ce-cli:amd64 5:25.0.3-1~debian.11~bullseye
2024-02-10 17:25:26 install docker-ce:amd64 <none> 5:25.0.3-1~debian.11~bullseye
2024-02-10 17:25:26 status half-installed docker-ce:amd64 5:25.0.3-1~debian.11~bullseye
2024-02-10 17:25:28 status unpacked docker-ce:amd64 5:25.0.3-1~debian.11~bullseye
2024-02-10 17:25:28 startup packages configure
2024-02-10 17:25:28 configure containerd.io:amd64 1.6.28-1 <none>
2024-02-10 17:25:28 status unpacked containerd.io:amd64 1.6.28-1
2024-02-10 17:25:28 status half-configured containerd.io:amd64 1.6.28-1
2024-02-10 17:25:29 status installed containerd.io:amd64 1.6.28-1
2024-02-10 17:25:29 configure docker-ce-cli:amd64 5:25.0.3-1~debian.11~bullseye <none>
2024-02-10 17:25:29 status unpacked docker-ce-cli:amd64 5:25.0.3-1~debian.11~bullseye
2024-02-10 17:25:29 status half-configured docker-ce-cli:amd64 5:25.0.3-1~debian.11~bullseye
2024-02-10 17:25:29 status installed docker-ce-cli:amd64 5:25.0.3-1~debian.11~bullseye
2024-02-10 17:25:29 configure docker-ce:amd64 5:25.0.3-1~debian.11~bullseye <none>
2024-02-10 17:25:29 status unpacked docker-ce:amd64 5:25.0.3-1~debian.11~bullseye
2024-02-10 17:25:29 status half-configured docker-ce:amd64 5:25.0.3-1~debian.11~bullseye
2024-02-10 17:25:32 status installed docker-ce:amd64 5:25.0.3-1~debian.11~bullseye
2024-02-10 17:25:37 startup archives unpack
2024-02-10 17:25:37 install docker-compose-plugin:amd64 <none> 2.24.5-1~debian.11~bullseye
2024-02-10 17:25:37 status half-installed docker-compose-plugin:amd64 2.24.5-1~debian.11~bullseye
2024-02-10 17:25:38 status unpacked docker-compose-plugin:amd64 2.24.5-1~debian.11~bullseye
2024-02-10 17:25:38 startup packages configure
2024-02-10 17:25:38 configure docker-compose-plugin:amd64 2.24.5-1~debian.11~bullseye <none>
2024-02-10 17:25:38 status unpacked docker-compose-plugin:amd64 2.24.5-1~debian.11~bullseye
2024-02-10 17:25:38 status half-configured docker-compose-plugin:amd64 2.24.5-1~debian.11~bullseye
2024-02-10 17:25:38 status installed docker-compose-plugin:amd64 2.24.5-1~debian.11~bullseye
2024-02-10 17:47:40 startup packages remove
2024-02-10 17:47:40 status installed docker-ce:amd64 5:25.0.3-1~debian.11~bullseye
2024-02-10 17:47:40 remove docker-ce:amd64 5:25.0.3-1~debian.11~bullseye <none>
2024-02-10 17:47:40 status half-configured docker-ce:amd64 5:25.0.3-1~debian.11~bullseye
2024-02-10 17:47:40 status half-installed docker-ce:amd64 5:25.0.3-1~debian.11~bullseye
2024-02-10 17:47:41 status config-files docker-ce:amd64 5:25.0.3-1~debian.11~bullseye
2024-02-10 17:47:41 status installed containerd.io:amd64 1.6.28-1
2024-02-10 17:47:41 remove containerd.io:amd64 1.6.28-1 <none>
2024-02-10 17:47:41 status half-configured containerd.io:amd64 1.6.28-1
2024-02-10 17:47:41 status half-installed containerd.io:amd64 1.6.28-1
2024-02-10 17:47:41 status config-files containerd.io:amd64 1.6.28-1
2024-02-10 17:47:41 status installed docker-ce-cli:amd64 5:25.0.3-1~debian.11~bullseye
2024-02-10 17:47:41 remove docker-ce-cli:amd64 5:25.0.3-1~debian.11~bullseye <none>
2024-02-10 17:47:41 status half-configured docker-ce-cli:amd64 5:25.0.3-1~debian.11~bullseye
2024-02-10 17:47:42 status half-installed docker-ce-cli:amd64 5:25.0.3-1~debian.11~bullseye
2024-02-10 17:47:42 status config-files docker-ce-cli:amd64 5:25.0.3-1~debian.11~bullseye
2024-02-10 17:47:42 status not-installed docker-ce-cli:amd64 <none>
2024-02-10 17:47:42 status installed docker-compose-plugin:amd64 2.24.5-1~debian.11~bullseye
2024-02-10 17:47:42 remove docker-compose-plugin:amd64 2.24.5-1~debian.11~bullseye <none>
2024-02-10 17:47:42 status half-configured docker-compose-plugin:amd64 2.24.5-1~debian.11~bullseye
2024-02-10 17:47:42 status half-installed docker-compose-plugin:amd64 2.24.5-1~debian.11~bullseye
2024-02-10 17:47:42 status config-files docker-compose-plugin:amd64 2.24.5-1~debian.11~bullseye
2024-02-10 17:47:42 status not-installed docker-compose-plugin:amd64 <none>
2024-02-10 17:47:42 startup packages configure
2024-02-10 17:47:42 startup packages purge
2024-02-10 17:47:42 purge docker-ce:amd64 5:25.0.3-1~debian.11~bullseye <none>
2024-02-10 17:47:42 status config-files docker-ce:amd64 5:25.0.3-1~debian.11~bullseye
2024-02-10 17:47:43 status not-installed docker-ce:amd64 <none>
2024-02-10 17:47:43 purge containerd.io:amd64 1.6.28-1 <none>
2024-02-10 17:47:43 status config-files containerd.io:amd64 1.6.28-1
2024-02-10 17:47:43 status not-installed containerd.io:amd64 <none>
2024-02-10 17:47:43 startup packages configure
2024-02-10 17:47:49 startup archives unpack
2024-02-10 17:47:49 install containerd.io:amd64 <none> 1.6.28-1
2024-02-10 17:47:49 status half-installed containerd.io:amd64 1.6.28-1
2024-02-10 17:47:51 status unpacked containerd.io:amd64 1.6.28-1
2024-02-10 17:47:51 install docker-ce-cli:amd64 <none> 5:25.0.3-1~debian.11~bullseye
2024-02-10 17:47:51 status half-installed docker-ce-cli:amd64 5:25.0.3-1~debian.11~bullseye
2024-02-10 17:47:52 status unpacked docker-ce-cli:amd64 5:25.0.3-1~debian.11~bullseye
2024-02-10 17:47:52 install docker-ce:amd64 <none> 5:25.0.3-1~debian.11~bullseye
2024-02-10 17:47:52 status half-installed docker-ce:amd64 5:25.0.3-1~debian.11~bullseye
2024-02-10 17:47:54 status unpacked docker-ce:amd64 5:25.0.3-1~debian.11~bullseye
2024-02-10 17:47:54 startup packages configure
2024-02-10 17:47:54 configure containerd.io:amd64 1.6.28-1 <none>
2024-02-10 17:47:54 status unpacked containerd.io:amd64 1.6.28-1
2024-02-10 17:47:54 status half-configured containerd.io:amd64 1.6.28-1
2024-02-10 17:47:54 status installed containerd.io:amd64 1.6.28-1
2024-02-10 17:47:54 configure docker-ce-cli:amd64 5:25.0.3-1~debian.11~bullseye <none>
2024-02-10 17:47:54 status unpacked docker-ce-cli:amd64 5:25.0.3-1~debian.11~bullseye
2024-02-10 17:47:54 status half-configured docker-ce-cli:amd64 5:25.0.3-1~debian.11~bullseye
2024-02-10 17:47:54 status installed docker-ce-cli:amd64 5:25.0.3-1~debian.11~bullseye
2024-02-10 17:47:54 configure docker-ce:amd64 5:25.0.3-1~debian.11~bullseye <none>
2024-02-10 17:47:54 status unpacked docker-ce:amd64 5:25.0.3-1~debian.11~bullseye
2024-02-10 17:47:54 status half-configured docker-ce:amd64 5:25.0.3-1~debian.11~bullseye
2024-02-10 17:47:57 status installed docker-ce:amd64 5:25.0.3-1~debian.11~bullseye
2024-02-10 17:48:01 startup archives unpack
2024-02-10 17:48:01 install docker-compose-plugin:amd64 <none> 2.24.5-1~debian.11~bullseye
2024-02-10 17:48:01 status half-installed docker-compose-plugin:amd64 2.24.5-1~debian.11~bullseye
2024-02-10 17:48:02 status unpacked docker-compose-plugin:amd64 2.24.5-1~debian.11~bullseye
2024-02-10 17:48:02 startup packages configure
2024-02-10 17:48:02 configure docker-compose-plugin:amd64 2.24.5-1~debian.11~bullseye <none>
2024-02-10 17:48:02 status unpacked docker-compose-plugin:amd64 2.24.5-1~debian.11~bullseye
2024-02-10 17:48:02 status half-configured docker-compose-plugin:amd64 2.24.5-1~debian.11~bullseye
2024-02-10 17:48:02 status installed docker-compose-plugin:amd64 2.24.5-1~debian.11~bullseye
2024-02-17 16:11:04 startup archives unpack
2024-02-17 16:11:04 upgrade base-files:amd64 11.1+deb11u8 11.1+deb11u9
2024-02-17 16:11:04 status half-configured base-files:amd64 11.1+deb11u8
2024-02-17 16:11:04 status unpacked base-files:amd64 11.1+deb11u8
2024-02-17 16:11:04 status half-installed base-files:amd64 11.1+deb11u8
2024-02-17 16:11:04 status unpacked base-files:amd64 11.1+deb11u9
2024-02-17 16:11:04 startup packages configure
2024-02-17 16:11:04 configure base-files:amd64 11.1+deb11u9 <none>
2024-02-17 16:11:04 status unpacked base-files:amd64 11.1+deb11u9
2024-02-17 16:11:04 status half-configured base-files:amd64 11.1+deb11u9
2024-02-17 16:11:04 status installed base-files:amd64 11.1+deb11u9
2024-02-17 16:11:04 startup archives unpack
2024-02-17 16:11:04 upgrade libperl5.32:amd64 5.32.1-4+deb11u2 5.32.1-4+deb11u3
2024-02-17 16:11:04 status triggers-pending libc-bin:amd64 2.31-13+deb11u7
2024-02-17 16:11:04 status half-configured libperl5.32:amd64 5.32.1-4+deb11u2
2024-02-17 16:11:04 status unpacked libperl5.32:amd64 5.32.1-4+deb11u2
2024-02-17 16:11:04 status half-installed libperl5.32:amd64 5.32.1-4+deb11u2
2024-02-17 16:11:05 status unpacked libperl5.32:amd64 5.32.1-4+deb11u3
2024-02-17 16:11:05 upgrade perl:amd64 5.32.1-4+deb11u2 5.32.1-4+deb11u3
2024-02-17 16:11:05 status half-configured perl:amd64 5.32.1-4+deb11u2
2024-02-17 16:11:05 status unpacked perl:amd64 5.32.1-4+deb11u2
2024-02-17 16:11:05 status half-installed perl:amd64 5.32.1-4+deb11u2
2024-02-17 16:11:05 status unpacked perl:amd64 5.32.1-4+deb11u3
2024-02-17 16:11:05 upgrade perl-base:amd64 5.32.1-4+deb11u2 5.32.1-4+deb11u3
2024-02-17 16:11:05 status half-configured perl-base:amd64 5.32.1-4+deb11u2
2024-02-17 16:11:05 status unpacked perl-base:amd64 5.32.1-4+deb11u2
2024-02-17 16:11:05 status half-installed perl-base:amd64 5.32.1-4+deb11u2
2024-02-17 16:11:06 status unpacked perl-base:amd64 5.32.1-4+deb11u3
2024-02-17 16:11:06 startup packages configure
2024-02-17 16:11:06 configure perl-base:amd64 5.32.1-4+deb11u3 <none>
2024-02-17 16:11:06 status unpacked perl-base:amd64 5.32.1-4+deb11u3
2024-02-17 16:11:06 status half-configured perl-base:amd64 5.32.1-4+deb11u3
2024-02-17 16:11:06 status installed perl-base:amd64 5.32.1-4+deb11u3
2024-02-17 16:11:06 startup archives unpack
2024-02-17 16:11:06 upgrade perl-modules-5.32:all 5.32.1-4+deb11u2 5.32.1-4+deb11u3
2024-02-17 16:11:06 status half-configured perl-modules-5.32:all 5.32.1-4+deb11u2
2024-02-17 16:11:06 status unpacked perl-modules-5.32:all 5.32.1-4+deb11u2
2024-02-17 16:11:06 status half-installed perl-modules-5.32:all 5.32.1-4+deb11u2
2024-02-17 16:11:06 status unpacked perl-modules-5.32:all 5.32.1-4+deb11u3
2024-02-17 16:11:06 upgrade libc6:amd64 2.31-13+deb11u7 2.31-13+deb11u8
2024-02-17 16:11:06 status half-configured libc6:amd64 2.31-13+deb11u7
2024-02-17 16:11:06 status unpacked libc6:amd64 2.31-13+deb11u7
2024-02-17 16:11:06 status half-installed libc6:amd64 2.31-13+deb11u7
2024-02-17 16:11:07 status unpacked libc6:amd64 2.31-13+deb11u8
2024-02-17 16:11:07 startup packages configure
2024-02-17 16:11:07 configure libc6:amd64 2.31-13+deb11u8 <none>
2024-02-17 16:11:07 status unpacked libc6:amd64 2.31-13+deb11u8
2024-02-17 16:11:07 status half-configured libc6:amd64 2.31-13+deb11u8
2024-02-17 16:11:07 status installed libc6:amd64 2.31-13+deb11u8
2024-02-17 16:11:07 startup archives unpack
2024-02-17 16:11:07 upgrade tar:amd64 1.34+dfsg-1 1.34+dfsg-1+deb11u1
2024-02-17 16:11:07 status half-configured tar:amd64 1.34+dfsg-1
2024-02-17 16:11:07 status unpacked tar:amd64 1.34+dfsg-1
2024-02-17 16:11:07 status half-installed tar:amd64 1.34+dfsg-1
2024-02-17 16:11:07 status triggers-pending mailcap:all 3.69
2024-02-17 16:11:07 status unpacked tar:amd64 1.34+dfsg-1+deb11u1
2024-02-17 16:11:07 startup packages configure
2024-02-17 16:11:07 configure tar:amd64 1.34+dfsg-1+deb11u1 <none>
2024-02-17 16:11:07 status unpacked tar:amd64 1.34+dfsg-1+deb11u1
2024-02-17 16:11:07 status half-configured tar:amd64 1.34+dfsg-1+deb11u1
2024-02-17 16:11:07 status installed tar:amd64 1.34+dfsg-1+deb11u1
2024-02-17 16:11:07 startup archives unpack
2024-02-17 16:11:07 upgrade libc-bin:amd64 2.31-13+deb11u7 2.31-13+deb11u8
2024-02-17 16:11:07 status half-configured libc-bin:amd64 2.31-13+deb11u7
2024-02-17 16:11:07 status unpacked libc-bin:amd64 2.31-13+deb11u7
2024-02-17 16:11:07 status half-installed libc-bin:amd64 2.31-13+deb11u7
2024-02-17 16:11:08 status unpacked libc-bin:amd64 2.31-13+deb11u8
2024-02-17 16:11:08 startup packages configure
2024-02-17 16:11:08 configure libc-bin:amd64 2.31-13+deb11u8 <none>
2024-02-17 16:11:08 status unpacked libc-bin:amd64 2.31-13+deb11u8
2024-02-17 16:11:08 status half-configured libc-bin:amd64 2.31-13+deb11u8
2024-02-17 16:11:08 status installed libc-bin:amd64 2.31-13+deb11u8
2024-02-17 16:11:08 startup archives unpack
2024-02-17 16:11:08 upgrade nftables:amd64 0.9.8-3.1+deb11u1 0.9.8-3.1+deb11u2
2024-02-17 16:11:08 status half-configured nftables:amd64 0.9.8-3.1+deb11u1
2024-02-17 16:11:08 status unpacked nftables:amd64 0.9.8-3.1+deb11u1
2024-02-17 16:11:08 status half-installed nftables:amd64 0.9.8-3.1+deb11u1
2024-02-17 16:11:08 status unpacked nftables:amd64 0.9.8-3.1+deb11u2
2024-02-17 16:11:08 upgrade libnftables1:amd64 0.9.8-3.1+deb11u1 0.9.8-3.1+deb11u2
2024-02-17 16:11:08 status triggers-pending libc-bin:amd64 2.31-13+deb11u8
2024-02-17 16:11:08 status half-configured libnftables1:amd64 0.9.8-3.1+deb11u1
2024-02-17 16:11:08 status unpacked libnftables1:amd64 0.9.8-3.1+deb11u1
2024-02-17 16:11:08 status half-installed libnftables1:amd64 0.9.8-3.1+deb11u1
2024-02-17 16:11:08 status unpacked libnftables1:amd64 0.9.8-3.1+deb11u2
2024-02-17 16:11:08 upgrade libgnutls30:amd64 3.7.1-5+deb11u3 3.7.1-5+deb11u4
2024-02-17 16:11:08 status half-configured libgnutls30:amd64 3.7.1-5+deb11u3
2024-02-17 16:11:08 status unpacked libgnutls30:amd64 3.7.1-5+deb11u3
2024-02-17 16:11:08 status half-installed libgnutls30:amd64 3.7.1-5+deb11u3
2024-02-17 16:11:09 status unpacked libgnutls30:amd64 3.7.1-5+deb11u4
2024-02-17 16:11:09 startup packages configure
2024-02-17 16:11:09 configure libgnutls30:amd64 3.7.1-5+deb11u4 <none>
2024-02-17 16:11:09 status unpacked libgnutls30:amd64 3.7.1-5+deb11u4
2024-02-17 16:11:09 status half-configured libgnutls30:amd64 3.7.1-5+deb11u4
2024-02-17 16:11:09 status installed libgnutls30:amd64 3.7.1-5+deb11u4
2024-02-17 16:11:09 startup archives unpack
2024-02-17 16:11:09 upgrade tzdata:all 2021a-1+deb11u11 2024a-0+deb11u1
2024-02-17 16:11:09 status half-configured tzdata:all 2021a-1+deb11u11
2024-02-17 16:11:09 status unpacked tzdata:all 2021a-1+deb11u11
2024-02-17 16:11:09 status half-installed tzdata:all 2021a-1+deb11u11
2024-02-17 16:11:09 status unpacked tzdata:all 2024a-0+deb11u1
2024-02-17 16:11:09 upgrade libc-l10n:all 2.31-13+deb11u7 2.31-13+deb11u8
2024-02-17 16:11:09 status half-configured libc-l10n:all 2.31-13+deb11u7
2024-02-17 16:11:09 status unpacked libc-l10n:all 2.31-13+deb11u7
2024-02-17 16:11:09 status half-installed libc-l10n:all 2.31-13+deb11u7
2024-02-17 16:11:09 status unpacked libc-l10n:all 2.31-13+deb11u8
2024-02-17 16:11:10 upgrade locales:all 2.31-13+deb11u7 2.31-13+deb11u8
2024-02-17 16:11:10 status half-configured locales:all 2.31-13+deb11u7
2024-02-17 16:11:10 status unpacked locales:all 2.31-13+deb11u7
2024-02-17 16:11:10 status half-installed locales:all 2.31-13+deb11u7
2024-02-17 16:11:10 status unpacked locales:all 2.31-13+deb11u8
2024-02-17 16:11:10 upgrade libglib2.0-0:amd64 2.66.8-1 2.66.8-1+deb11u1
2024-02-17 16:11:10 status half-configured libglib2.0-0:amd64 2.66.8-1
2024-02-17 16:11:10 status unpacked libglib2.0-0:amd64 2.66.8-1
2024-02-17 16:11:10 status half-installed libglib2.0-0:amd64 2.66.8-1
2024-02-17 16:11:10 status unpacked libglib2.0-0:amd64 2.66.8-1+deb11u1
2024-02-17 16:11:10 upgrade conmon:amd64 2.0.25+ds1-1.1 2.0.25+ds1-1.1+deb11u1
2024-02-17 16:11:10 status half-configured conmon:amd64 2.0.25+ds1-1.1
2024-02-17 16:11:10 status unpacked conmon:amd64 2.0.25+ds1-1.1
2024-02-17 16:11:10 status half-installed conmon:amd64 2.0.25+ds1-1.1
2024-02-17 16:11:10 status unpacked conmon:amd64 2.0.25+ds1-1.1+deb11u1
2024-02-17 16:11:10 upgrade distro-info-data:all 0.51+deb11u4 0.51+deb11u5
2024-02-17 16:11:10 status half-configured distro-info-data:all 0.51+deb11u4
2024-02-17 16:11:10 status unpacked distro-info-data:all 0.51+deb11u4
2024-02-17 16:11:10 status half-installed distro-info-data:all 0.51+deb11u4
2024-02-17 16:11:10 status unpacked distro-info-data:all 0.51+deb11u5
2024-02-17 16:11:11 upgrade mariadb-common:all 1:10.5.21-0+deb11u1 1:10.5.23-0+deb11u1
2024-02-17 16:11:11 status half-configured mariadb-common:all 1:10.5.21-0+deb11u1
2024-02-17 16:11:11 status unpacked mariadb-common:all 1:10.5.21-0+deb11u1
2024-02-17 16:11:11 status half-installed mariadb-common:all 1:10.5.21-0+deb11u1
2024-02-17 16:11:11 status unpacked mariadb-common:all 1:10.5.23-0+deb11u1
2024-02-17 16:11:11 upgrade libmariadb3:amd64 1:10.5.21-0+deb11u1 1:10.5.23-0+deb11u1
2024-02-17 16:11:11 status half-configured libmariadb3:amd64 1:10.5.21-0+deb11u1
2024-02-17 16:11:11 status unpacked libmariadb3:amd64 1:10.5.21-0+deb11u1
2024-02-17 16:11:11 status half-installed libmariadb3:amd64 1:10.5.21-0+deb11u1
2024-02-17 16:11:11 status unpacked libmariadb3:amd64 1:10.5.23-0+deb11u1
2024-02-17 16:11:11 upgrade libzmq5:amd64 4.3.4-1 4.3.4-1+deb11u1
2024-02-17 16:11:11 status half-configured libzmq5:amd64 4.3.4-1
2024-02-17 16:11:11 status unpacked libzmq5:amd64 4.3.4-1
2024-02-17 16:11:11 status half-installed libzmq5:amd64 4.3.4-1
2024-02-17 16:11:11 status unpacked libzmq5:amd64 4.3.4-1+deb11u1
2024-02-17 16:11:11 upgrade mariadb-client-core-10.5:amd64 1:10.5.21-0+deb11u1 1:10.5.23-0+deb11u1
2024-02-17 16:11:11 status half-configured mariadb-client-core-10.5:amd64 1:10.5.21-0+deb11u1
2024-02-17 16:11:11 status unpacked mariadb-client-core-10.5:amd64 1:10.5.21-0+deb11u1
2024-02-17 16:11:11 status half-installed mariadb-client-core-10.5:amd64 1:10.5.21-0+deb11u1
2024-02-17 16:11:11 status unpacked mariadb-client-core-10.5:amd64 1:10.5.23-0+deb11u1
2024-02-17 16:11:11 upgrade mariadb-client-10.5:amd64 1:10.5.21-0+deb11u1 1:10.5.23-0+deb11u1
2024-02-17 16:11:11 status half-configured mariadb-client-10.5:amd64 1:10.5.21-0+deb11u1
2024-02-17 16:11:11 status unpacked mariadb-client-10.5:amd64 1:10.5.21-0+deb11u1
2024-02-17 16:11:11 status half-installed mariadb-client-10.5:amd64 1:10.5.21-0+deb11u1
2024-02-17 16:11:11 status unpacked mariadb-client-10.5:amd64 1:10.5.23-0+deb11u1
2024-02-17 16:11:11 upgrade mariadb-client:all 1:10.5.21-0+deb11u1 1:10.5.23-0+deb11u1
2024-02-17 16:11:11 status half-configured mariadb-client:all 1:10.5.21-0+deb11u1
2024-02-17 16:11:12 status unpacked mariadb-client:all 1:10.5.21-0+deb11u1
2024-02-17 16:11:12 status half-installed mariadb-client:all 1:10.5.21-0+deb11u1
2024-02-17 16:11:12 status unpacked mariadb-client:all 1:10.5.23-0+deb11u1
2024-02-17 16:11:12 upgrade podman:amd64 3.0.1+dfsg1-3+deb11u4 3.0.1+dfsg1-3+deb11u5
2024-02-17 16:11:12 status half-configured podman:amd64 3.0.1+dfsg1-3+deb11u4
2024-02-17 16:11:12 status unpacked podman:amd64 3.0.1+dfsg1-3+deb11u4
2024-02-17 16:11:12 status half-installed podman:amd64 3.0.1+dfsg1-3+deb11u4
2024-02-17 16:11:12 status unpacked podman:amd64 3.0.1+dfsg1-3+deb11u5
2024-02-17 16:11:12 upgrade postfix:amd64 3.5.23-0+deb11u1 3.5.24-0+deb11u1
2024-02-17 16:11:12 status half-configured postfix:amd64 3.5.23-0+deb11u1
2024-02-17 16:11:12 status unpacked postfix:amd64 3.5.23-0+deb11u1
2024-02-17 16:11:13 status half-installed postfix:amd64 3.5.23-0+deb11u1
2024-02-17 16:11:13 status triggers-pending rsyslog:amd64 8.2102.0-2+deb11u1
2024-02-17 16:11:13 status unpacked postfix:amd64 3.5.24-0+deb11u1
2024-02-17 16:11:13 startup packages configure
2024-02-17 16:11:13 configure libc-l10n:all 2.31-13+deb11u8 <none>
2024-02-17 16:11:13 status unpacked libc-l10n:all 2.31-13+deb11u8
2024-02-17 16:11:13 status half-configured libc-l10n:all 2.31-13+deb11u8
2024-02-17 16:11:13 status installed libc-l10n:all 2.31-13+deb11u8
2024-02-17 16:11:13 configure libnftables1:amd64 0.9.8-3.1+deb11u2 <none>
2024-02-17 16:11:13 status unpacked libnftables1:amd64 0.9.8-3.1+deb11u2
2024-02-17 16:11:13 status half-configured libnftables1:amd64 0.9.8-3.1+deb11u2
2024-02-17 16:11:13 status installed libnftables1:amd64 0.9.8-3.1+deb11u2
2024-02-17 16:11:13 configure nftables:amd64 0.9.8-3.1+deb11u2 <none>
2024-02-17 16:11:13 status unpacked nftables:amd64 0.9.8-3.1+deb11u2
2024-02-17 16:11:13 status half-configured nftables:amd64 0.9.8-3.1+deb11u2
2024-02-17 16:11:13 status installed nftables:amd64 0.9.8-3.1+deb11u2
2024-02-17 16:11:13 configure libzmq5:amd64 4.3.4-1+deb11u1 <none>
2024-02-17 16:11:13 status unpacked libzmq5:amd64 4.3.4-1+deb11u1
2024-02-17 16:11:13 status half-configured libzmq5:amd64 4.3.4-1+deb11u1
2024-02-17 16:11:13 status installed libzmq5:amd64 4.3.4-1+deb11u1
2024-02-17 16:11:13 configure libglib2.0-0:amd64 2.66.8-1+deb11u1 <none>
2024-02-17 16:11:13 status unpacked libglib2.0-0:amd64 2.66.8-1+deb11u1
2024-02-17 16:11:13 status half-configured libglib2.0-0:amd64 2.66.8-1+deb11u1
2024-02-17 16:11:13 status installed libglib2.0-0:amd64 2.66.8-1+deb11u1
2024-02-17 16:11:13 configure distro-info-data:all 0.51+deb11u5 <none>
2024-02-17 16:11:13 status unpacked distro-info-data:all 0.51+deb11u5
2024-02-17 16:11:13 status half-configured distro-info-data:all 0.51+deb11u5
2024-02-17 16:11:13 status installed distro-info-data:all 0.51+deb11u5
2024-02-17 16:11:13 configure perl-modules-5.32:all 5.32.1-4+deb11u3 <none>
2024-02-17 16:11:13 status unpacked perl-modules-5.32:all 5.32.1-4+deb11u3
2024-02-17 16:11:13 status half-configured perl-modules-5.32:all 5.32.1-4+deb11u3
2024-02-17 16:11:13 status installed perl-modules-5.32:all 5.32.1-4+deb11u3
2024-02-17 16:11:13 configure locales:all 2.31-13+deb11u8 <none>
2024-02-17 16:11:13 status unpacked locales:all 2.31-13+deb11u8
2024-02-17 16:11:13 status half-configured locales:all 2.31-13+deb11u8
2024-02-17 16:11:15 status installed locales:all 2.31-13+deb11u8
2024-02-17 16:11:15 configure tzdata:all 2024a-0+deb11u1 <none>
2024-02-17 16:11:15 status unpacked tzdata:all 2024a-0+deb11u1
2024-02-17 16:11:15 status half-configured tzdata:all 2024a-0+deb11u1
2024-02-17 16:11:15 status installed tzdata:all 2024a-0+deb11u1
2024-02-17 16:11:15 configure mariadb-common:all 1:10.5.23-0+deb11u1 <none>
2024-02-17 16:11:15 status unpacked mariadb-common:all 1:10.5.23-0+deb11u1
2024-02-17 16:11:15 status half-configured mariadb-common:all 1:10.5.23-0+deb11u1
2024-02-17 16:11:15 status installed mariadb-common:all 1:10.5.23-0+deb11u1
2024-02-17 16:11:15 configure conmon:amd64 2.0.25+ds1-1.1+deb11u1 <none>
2024-02-17 16:11:15 status unpacked conmon:amd64 2.0.25+ds1-1.1+deb11u1
2024-02-17 16:11:15 status half-configured conmon:amd64 2.0.25+ds1-1.1+deb11u1
2024-02-17 16:11:15 status installed conmon:amd64 2.0.25+ds1-1.1+deb11u1
2024-02-17 16:11:15 configure libmariadb3:amd64 1:10.5.23-0+deb11u1 <none>
2024-02-17 16:11:15 status unpacked libmariadb3:amd64 1:10.5.23-0+deb11u1
2024-02-17 16:11:15 status half-configured libmariadb3:amd64 1:10.5.23-0+deb11u1
2024-02-17 16:11:15 status installed libmariadb3:amd64 1:10.5.23-0+deb11u1
2024-02-17 16:11:15 configure libperl5.32:amd64 5.32.1-4+deb11u3 <none>
2024-02-17 16:11:15 status unpacked libperl5.32:amd64 5.32.1-4+deb11u3
2024-02-17 16:11:15 status half-configured libperl5.32:amd64 5.32.1-4+deb11u3
2024-02-17 16:11:15 status installed libperl5.32:amd64 5.32.1-4+deb11u3
2024-02-17 16:11:15 configure postfix:amd64 3.5.24-0+deb11u1 <none>
2024-02-17 16:11:15 status unpacked postfix:amd64 3.5.24-0+deb11u1
2024-02-17 16:11:15 status half-configured postfix:amd64 3.5.24-0+deb11u1
2024-02-17 16:11:16 status installed postfix:amd64 3.5.24-0+deb11u1
2024-02-17 16:11:16 configure podman:amd64 3.0.1+dfsg1-3+deb11u5 <none>
2024-02-17 16:11:16 status unpacked podman:amd64 3.0.1+dfsg1-3+deb11u5
2024-02-17 16:11:16 status half-configured podman:amd64 3.0.1+dfsg1-3+deb11u5
2024-02-17 16:11:17 status installed podman:amd64 3.0.1+dfsg1-3+deb11u5
2024-02-17 16:11:17 configure perl:amd64 5.32.1-4+deb11u3 <none>
2024-02-17 16:11:17 status unpacked perl:amd64 5.32.1-4+deb11u3
2024-02-17 16:11:17 status half-configured perl:amd64 5.32.1-4+deb11u3
2024-02-17 16:11:17 status installed perl:amd64 5.32.1-4+deb11u3
2024-02-17 16:11:17 configure mariadb-client-core-10.5:amd64 1:10.5.23-0+deb11u1 <none>
2024-02-17 16:11:17 status unpacked mariadb-client-core-10.5:amd64 1:10.5.23-0+deb11u1
2024-02-17 16:11:17 status half-configured mariadb-client-core-10.5:amd64 1:10.5.23-0+deb11u1
2024-02-17 16:11:17 status installed mariadb-client-core-10.5:amd64 1:10.5.23-0+deb11u1
2024-02-17 16:11:17 configure mariadb-client-10.5:amd64 1:10.5.23-0+deb11u1 <none>
2024-02-17 16:11:17 status unpacked mariadb-client-10.5:amd64 1:10.5.23-0+deb11u1
2024-02-17 16:11:17 status half-configured mariadb-client-10.5:amd64 1:10.5.23-0+deb11u1
2024-02-17 16:11:17 status installed mariadb-client-10.5:amd64 1:10.5.23-0+deb11u1
2024-02-17 16:11:17 configure mariadb-client:all 1:10.5.23-0+deb11u1 <none>
2024-02-17 16:11:17 status unpacked mariadb-client:all 1:10.5.23-0+deb11u1
2024-02-17 16:11:17 status half-configured mariadb-client:all 1:10.5.23-0+deb11u1
2024-02-17 16:11:17 status installed mariadb-client:all 1:10.5.23-0+deb11u1
2024-02-17 16:11:17 trigproc rsyslog:amd64 8.2102.0-2+deb11u1 <none>
2024-02-17 16:11:17 status half-configured rsyslog:amd64 8.2102.0-2+deb11u1
2024-02-17 16:11:18 status installed rsyslog:amd64 8.2102.0-2+deb11u1
2024-02-17 16:11:18 trigproc mailcap:all 3.69 <none>
2024-02-17 16:11:18 status half-configured mailcap:all 3.69
2024-02-17 16:11:18 status installed mailcap:all 3.69
2024-02-17 16:11:18 trigproc libc-bin:amd64 2.31-13+deb11u8 <none>
2024-02-17 16:11:18 status half-configured libc-bin:amd64 2.31-13+deb11u8
2024-02-17 16:11:18 status installed libc-bin:amd64 2.31-13+deb11u8
2024-02-24 17:39:19 startup archives unpack
2024-02-24 17:39:19 upgrade bind9-libs:amd64 1:9.16.44-1~deb11u1 1:9.16.48-1
2024-02-24 17:39:19 status triggers-pending libc-bin:amd64 2.31-13+deb11u8
2024-02-24 17:39:19 status half-configured bind9-libs:amd64 1:9.16.44-1~deb11u1
2024-02-24 17:39:19 status unpacked bind9-libs:amd64 1:9.16.44-1~deb11u1
2024-02-24 17:39:19 status half-installed bind9-libs:amd64 1:9.16.44-1~deb11u1
2024-02-24 17:39:19 status unpacked bind9-libs:amd64 1:9.16.48-1
2024-02-24 17:39:19 upgrade bind9-host:amd64 1:9.16.44-1~deb11u1 1:9.16.48-1
2024-02-24 17:39:19 status half-configured bind9-host:amd64 1:9.16.44-1~deb11u1
2024-02-24 17:39:19 status unpacked bind9-host:amd64 1:9.16.44-1~deb11u1
2024-02-24 17:39:19 status half-installed bind9-host:amd64 1:9.16.44-1~deb11u1
2024-02-24 17:39:19 status unpacked bind9-host:amd64 1:9.16.48-1
2024-02-24 17:39:19 upgrade openmediavault:all 6.9.13-1 6.9.14-1
2024-02-24 17:39:19 status half-configured openmediavault:all 6.9.13-1
2024-02-24 17:39:19 status unpacked openmediavault:all 6.9.13-1
2024-02-24 17:39:19 status half-installed openmediavault:all 6.9.13-1
2024-02-24 17:39:19 status triggers-pending rsyslog:amd64 8.2102.0-2+deb11u1
2024-02-24 17:39:20 status unpacked openmediavault:all 6.9.14-1
2024-02-24 17:39:20 startup packages configure
2024-02-24 17:39:20 configure bind9-libs:amd64 1:9.16.48-1 <none>
2024-02-24 17:39:20 status unpacked bind9-libs:amd64 1:9.16.48-1
2024-02-24 17:39:20 status half-configured bind9-libs:amd64 1:9.16.48-1
2024-02-24 17:39:20 status installed bind9-libs:amd64 1:9.16.48-1
2024-02-24 17:39:20 configure openmediavault:all 6.9.14-1 <none>
2024-02-24 17:39:20 status unpacked openmediavault:all 6.9.14-1
2024-02-24 17:39:20 status half-configured openmediavault:all 6.9.14-1
2024-02-24 17:39:39 status installed openmediavault:all 6.9.14-1
2024-02-24 17:39:39 status triggers-pending openmediavault:all 6.9.14-1
2024-02-24 17:39:39 status triggers-awaited openmediavault:all 6.9.14-1
2024-02-24 17:39:39 configure bind9-host:amd64 1:9.16.48-1 <none>
2024-02-24 17:39:39 status unpacked bind9-host:amd64 1:9.16.48-1
2024-02-24 17:39:39 status half-configured bind9-host:amd64 1:9.16.48-1
2024-02-24 17:39:39 status installed bind9-host:amd64 1:9.16.48-1
2024-02-24 17:39:39 trigproc rsyslog:amd64 8.2102.0-2+deb11u1 <none>
2024-02-24 17:39:39 status half-configured rsyslog:amd64 8.2102.0-2+deb11u1
2024-02-24 17:39:39 status installed rsyslog:amd64 8.2102.0-2+deb11u1
2024-02-24 17:39:39 trigproc libc-bin:amd64 2.31-13+deb11u8 <none>
2024-02-24 17:39:39 status half-configured libc-bin:amd64 2.31-13+deb11u8
2024-02-24 17:39:40 status installed libc-bin:amd64 2.31-13+deb11u8
2024-02-24 17:39:40 trigproc openmediavault:all 6.9.14-1 <none>
2024-02-24 17:39:40 status half-configured openmediavault:all 6.9.14-1
2024-02-24 17:39:41 status installed openmediavault:all 6.9.14-1
2024-02-24 18:34:06 startup packages remove
2024-02-24 18:34:06 status installed docker-ce:amd64 5:25.0.3-1~debian.11~bullseye
2024-02-24 18:34:06 remove docker-ce:amd64 5:25.0.3-1~debian.11~bullseye <none>
2024-02-24 18:34:06 status half-configured docker-ce:amd64 5:25.0.3-1~debian.11~bullseye
2024-02-24 18:34:07 status half-installed docker-ce:amd64 5:25.0.3-1~debian.11~bullseye
2024-02-24 18:34:07 status config-files docker-ce:amd64 5:25.0.3-1~debian.11~bullseye
2024-02-24 18:34:07 status installed containerd.io:amd64 1.6.28-1
2024-02-24 18:34:07 remove containerd.io:amd64 1.6.28-1 <none>
2024-02-24 18:34:07 status half-configured containerd.io:amd64 1.6.28-1
2024-02-24 18:34:07 status half-installed containerd.io:amd64 1.6.28-1
2024-02-24 18:34:08 status config-files containerd.io:amd64 1.6.28-1
2024-02-24 18:34:08 status installed docker-ce-cli:amd64 5:25.0.3-1~debian.11~bullseye
2024-02-24 18:34:08 remove docker-ce-cli:amd64 5:25.0.3-1~debian.11~bullseye <none>
2024-02-24 18:34:08 status half-configured docker-ce-cli:amd64 5:25.0.3-1~debian.11~bullseye
2024-02-24 18:34:08 status half-installed docker-ce-cli:amd64 5:25.0.3-1~debian.11~bullseye
2024-02-24 18:34:08 status config-files docker-ce-cli:amd64 5:25.0.3-1~debian.11~bullseye
2024-02-24 18:34:08 status not-installed docker-ce-cli:amd64 <none>
2024-02-24 18:34:08 status installed docker-compose-plugin:amd64 2.24.5-1~debian.11~bullseye
2024-02-24 18:34:08 remove docker-compose-plugin:amd64 2.24.5-1~debian.11~bullseye <none>
2024-02-24 18:34:08 status half-configured docker-compose-plugin:amd64 2.24.5-1~debian.11~bullseye
2024-02-24 18:34:08 status half-installed docker-compose-plugin:amd64 2.24.5-1~debian.11~bullseye
2024-02-24 18:34:08 status config-files docker-compose-plugin:amd64 2.24.5-1~debian.11~bullseye
2024-02-24 18:34:08 status not-installed docker-compose-plugin:amd64 <none>
2024-02-24 18:34:08 startup packages configure
2024-02-24 18:34:08 startup packages purge
2024-02-24 18:34:08 purge docker-ce:amd64 5:25.0.3-1~debian.11~bullseye <none>
2024-02-24 18:34:08 status config-files docker-ce:amd64 5:25.0.3-1~debian.11~bullseye
2024-02-24 18:34:09 status not-installed docker-ce:amd64 <none>
2024-02-24 18:34:09 purge containerd.io:amd64 1.6.28-1 <none>
2024-02-24 18:34:09 status config-files containerd.io:amd64 1.6.28-1
2024-02-24 18:34:09 status not-installed containerd.io:amd64 <none>
2024-02-24 18:34:09 startup packages configure
2024-02-24 18:34:21 startup archives unpack
2024-02-24 18:34:21 install containerd.io:amd64 <none> 1.6.28-1
2024-02-24 18:34:21 status half-installed containerd.io:amd64 1.6.28-1
2024-02-24 18:34:23 status unpacked containerd.io:amd64 1.6.28-1
2024-02-24 18:34:23 install docker-ce-cli:amd64 <none> 5:25.0.3-1~debian.11~bullseye
2024-02-24 18:34:23 status half-installed docker-ce-cli:amd64 5:25.0.3-1~debian.11~bullseye
2024-02-24 18:34:24 status unpacked docker-ce-cli:amd64 5:25.0.3-1~debian.11~bullseye
2024-02-24 18:34:24 install docker-ce:amd64 <none> 5:25.0.3-1~debian.11~bullseye
2024-02-24 18:34:24 status half-installed docker-ce:amd64 5:25.0.3-1~debian.11~bullseye
2024-02-24 18:34:26 status unpacked docker-ce:amd64 5:25.0.3-1~debian.11~bullseye
2024-02-24 18:34:26 startup packages configure
2024-02-24 18:34:26 configure containerd.io:amd64 1.6.28-1 <none>
2024-02-24 18:34:26 status unpacked containerd.io:amd64 1.6.28-1
2024-02-24 18:34:26 status half-configured containerd.io:amd64 1.6.28-1
2024-02-24 18:34:27 status installed containerd.io:amd64 1.6.28-1
2024-02-24 18:34:27 configure docker-ce-cli:amd64 5:25.0.3-1~debian.11~bullseye <none>
2024-02-24 18:34:27 status unpacked docker-ce-cli:amd64 5:25.0.3-1~debian.11~bullseye
2024-02-24 18:34:27 status half-configured docker-ce-cli:amd64 5:25.0.3-1~debian.11~bullseye
2024-02-24 18:34:27 status installed docker-ce-cli:amd64 5:25.0.3-1~debian.11~bullseye
2024-02-24 18:34:27 configure docker-ce:amd64 5:25.0.3-1~debian.11~bullseye <none>
2024-02-24 18:34:27 status unpacked docker-ce:amd64 5:25.0.3-1~debian.11~bullseye
2024-02-24 18:34:27 status half-configured docker-ce:amd64 5:25.0.3-1~debian.11~bullseye
2024-02-24 18:34:29 status installed docker-ce:amd64 5:25.0.3-1~debian.11~bullseye
2024-02-24 18:34:34 startup archives unpack
2024-02-24 18:34:34 install docker-compose-plugin:amd64 <none> 2.24.5-1~debian.11~bullseye
2024-02-24 18:34:34 status half-installed docker-compose-plugin:amd64 2.24.5-1~debian.11~bullseye
2024-02-24 18:34:35 status unpacked docker-compose-plugin:amd64 2.24.5-1~debian.11~bullseye
2024-02-24 18:34:35 startup packages configure
2024-02-24 18:34:35 configure docker-compose-plugin:amd64 2.24.5-1~debian.11~bullseye <none>
2024-02-24 18:34:35 status unpacked docker-compose-plugin:amd64 2.24.5-1~debian.11~bullseye
2024-02-24 18:34:35 status half-configured docker-compose-plugin:amd64 2.24.5-1~debian.11~bullseye
2024-02-24 18:34:35 status installed docker-compose-plugin:amd64 2.24.5-1~debian.11~bullseye
